<?xml version="1.0" encoding="UTF-8"?>
<dataset>
<attr tag="00080000" vr="UL" pos="0" name="Group Length" vm="1" len="4">452</attr>
<attr tag="00080005" vr="CS" pos="12" name="Specific Character Set" vm="1" len="10">ISO_IR 100</attr>
<attr tag="00080008" vr="CS" pos="30" name="Image Type" vm="3" len="22">ORIGINAL\PRIMARY\OTHER</attr>
<attr tag="00080016" vr="UI" pos="60" name="SOP Class UID" vm="1" len="26">1.2.840.10008.5.1.4.1.1.4</attr>
<attr tag="00080018" vr="UI" pos="94" name="SOP Instance UID" vm="1" len="48">1.3.12.2.1107.5.2.4.7299.20030527085716000002011</attr>
<attr tag="00080020" vr="DA" pos="150" name="Study Date" vm="1" len="8">20030527</attr>
<attr tag="00080021" vr="DA" pos="166" name="Series Date" vm="1" len="8">20030527</attr>
<attr tag="00080022" vr="DA" pos="182" name="Acquisition Date" vm="1" len="8">20030527</attr>
<attr tag="00080023" vr="DA" pos="198" name="Content Date" vm="1" len="8">20030527</attr>
<attr tag="00080030" vr="TM" pos="214" name="Study Time" vm="1" len="10">083342.763</attr>
<attr tag="00080031" vr="TM" pos="232" name="Series Time" vm="1" len="10">085716.044</attr>
<attr tag="00080032" vr="TM" pos="250" name="Acquisition Time" vm="1" len="10">085717.250</attr>
<attr tag="00080033" vr="TM" pos="268" name="Content Time" vm="1" len="10">090058.046</attr>
<attr tag="00080050" vr="SH" pos="286" name="Accession Number" vm="1" len="6">557656</attr>
<attr tag="00080060" vr="CS" pos="300" name="Modality" vm="1" len="2">MR</attr>
<attr tag="00080070" vr="LO" pos="310" name="Manufacturer" vm="1" len="8">SIEMENS </attr>
<attr tag="00080080" vr="LO" pos="326" name="Institution Name" vm="1" len="22">Krankenhaus Nordstadt </attr>
<attr tag="00080090" vr="PN" pos="356" name="Referring Physician's Name" vm="1" len="4">NE7 </attr>
<attr tag="00081010" vr="SH" pos="368" name="Station Name" vm="1" len="4">MR01</attr>
<attr tag="00081030" vr="LO" pos="380" name="Study Description" vm="1" len="14">MRT des Kopfes</attr>
<attr tag="0008103E" vr="LO" pos="402" name="Series Description" vm="1" len="18">INFARKT/FLAIR_TRA </attr>
<attr tag="00081070" vr="PN" pos="428" name="Operator's Name" vm="1" len="4">VGA </attr>
<attr tag="00081090" vr="LO" pos="440" name="Manufacturer's Model Name" vm="1" len="16">MAGNETOM VISION </attr>
<attr tag="00090000" vr="UL" pos="464" name="Group Length" vm="1" len="4">78</attr>
<attr tag="00090010" vr="LO" pos="476" vm="1" len="14">SPI RELEASE 1 </attr>
<attr tag="00090012" vr="LO" pos="498" vm="1" len="20">SIEMENS CM VA0  CMS </attr>
<attr tag="00090013" vr="LO" pos="526" vm="1" len="20">SIEMENS CM VA0  LAB </attr>
<attr tag="00100000" vr="UL" pos="554" name="Group Length" vm="1" len="4">104</attr>
<attr tag="00100010" vr="PN" pos="566" name="Patient's Name" vm="1" len="30">Mustermann^Hans Werner^von^Dr.</attr>
<attr tag="00100020" vr="LO" pos="604" name="Patient ID" vm="1" len="8">_365382 </attr>
<attr tag="00100030" vr="DA" pos="620" name="Patient's Birth Date" vm="1" len="8">19450125</attr>
<attr tag="00100040" vr="CS" pos="636" name="Patient's Sex" vm="1" len="2">M </attr>
<attr tag="00101010" vr="AS" pos="646" name="Patient's Age" vm="1" len="4">058Y</attr>
<attr tag="00101030" vr="DS" pos="658" name="Patient's Weight" vm="1" len="4">90.0</attr>
<attr tag="00110000" vr="UL" pos="670" name="Group Length" vm="1" len="4">50</attr>
<attr tag="00110010" vr="LO" pos="682" vm="1" len="14">SPI RELEASE 1 </attr>
<attr tag="00110011" vr="LO" pos="704" vm="1" len="20">SIEMENS CM VA0  CMS </attr>
<attr tag="00180000" vr="UL" pos="732" name="Group Length" vm="1" len="4">386</attr>
<attr tag="00180015" vr="CS" pos="744" name="Body Part Examined" vm="0" len="0"/>
<attr tag="00180020" vr="CS" pos="752" name="Scanning Sequence" vm="1" len="2">IR</attr>
<attr tag="00180021" vr="CS" pos="762" name="Seq Variant" vm="1" len="4">OSP </attr>
<attr tag="00180022" vr="CS" pos="774" name="Scan Options" vm="1" len="2">SP</attr>
<attr tag="00180023" vr="CS" pos="784" name="MR Acquisition Type" vm="1" len="2">2D</attr>
<attr tag="00180024" vr="SH" pos="794" name="Sequence Name" vm="1" len="6">tir1m7</attr>
<attr tag="00180025" vr="CS" pos="808" name="Angio Flag" vm="1" len="2">N </attr>
<attr tag="00180050" vr="DS" pos="818" name="Slice Thickness" vm="1" len="4">7.0 </attr>
<attr tag="00180080" vr="DS" pos="830" name="Repetition Time" vm="1" len="6">9000.0</attr>
<attr tag="00180081" vr="DS" pos="844" name="Echo Time" vm="1" len="6">119.0 </attr>
<attr tag="00180082" vr="DS" pos="858" name="Inversion Time" vm="1" len="6">2609.0</attr>
<attr tag="00180083" vr="DS" pos="872" name="Number of Averages" vm="1" len="4">1.0 </attr>
<attr tag="00180084" vr="DS" pos="884" name="Imaging Frequency" vm="1" len="8">63.56229</attr>
<attr tag="00180085" vr="SH" pos="900" name="Imaged Nucleus" vm="1" len="2">1H</attr>
<attr tag="00180086" vr="IS" pos="910" name="Echo Number(s)" vm="1" len="2">1 </attr>
<attr tag="00180087" vr="DS" pos="920" name="Magnetic Field Strength" vm="1" len="8">1.493806</attr>
<attr tag="00180088" vr="DS" pos="936" name="Spacing Between Slices" vm="1" len="8">2.799996</attr>
<attr tag="00180091" vr="IS" pos="952" name="Echo Train Length" vm="1" len="2">1 </attr>
<attr tag="00180093" vr="DS" pos="962" name="Percent Sampling" vm="1" len="6">100.0 </attr>
<attr tag="00180094" vr="DS" pos="976" name="Percent Phase Field of View" vm="1" len="4">75.0</attr>
<attr tag="00181000" vr="LO" pos="988" name="Device Serial Number" vm="1" len="4">7299</attr>
<attr tag="00181020" vr="LO" pos="1000" name="Software Version(s)" vm="1" len="6">VB33G </attr>
<attr tag="00181200" vr="DA" pos="1014" name="Date of Last Calibration" vm="1" len="8">20030507</attr>
<attr tag="00181201" vr="TM" pos="1030" name="Time of Last Calibration" vm="1" len="10">163212.000</attr>
<attr tag="00181250" vr="SH" pos="1048" name="Receive Coil Name" vm="1" len="8">CP Head </attr>
<attr tag="00181310" vr="US" pos="1064" name="Acquisition Matrix" vm="4" len="8">0\512\168\0</attr>
<attr tag="00181312" vr="CS" pos="1080" name="In-plane Phase Encoding Direction" vm="1" len="4">ROW </attr>
<attr tag="00181314" vr="DS" pos="1092" name="Flip Angle" vm="1" len="6">180.0 </attr>
<attr tag="00181316" vr="DS" pos="1106" name="SAR" vm="1" len="4">0.0 </attr>
<attr tag="00185100" vr="CS" pos="1118" name="Patient Position" vm="1" len="4">HFS </attr>
<attr tag="00190000" vr="UL" pos="1130" name="Group Length" vm="1" len="4">112</attr>
<attr tag="00190010" vr="LO" pos="1142" vm="1" len="20">SIEMENS CM VA0  CMS </attr>
<attr tag="00190012" vr="LO" pos="1170" vm="1" len="20">SIEMENS MR VA0  GEN </attr>
<attr tag="00190014" vr="LO" pos="1198" vm="1" len="20">SIEMENS MR VA0  COAD</attr>
<attr tag="00190015" vr="LO" pos="1226" vm="1" len="20">SIEMENS CM VA0  ACQU</attr>
<attr tag="00200000" vr="UL" pos="1254" name="Group Length" vm="1" len="4">412</attr>
<attr tag="0020000D" vr="UI" pos="1266" name="Study Instance UID" vm="1" len="32">1.2.276.0.14.200.3215.13.557656</attr>
<attr tag="0020000E" vr="UI" pos="1306" name="Series Instance UID" vm="1" len="46">1.3.12.2.1107.5.2.4.7299.20030527085716000002</attr>
<attr tag="00200010" vr="SH" pos="1360" name="Study ID" vm="1" len="2">1 </attr>
<attr tag="00200011" vr="IS" pos="1370" name="Series Number" vm="1" len="2">2 </attr>
<attr tag="00200012" vr="IS" pos="1380" name="Acquisition Number" vm="1" len="2">1 </attr>
<attr tag="00200013" vr="IS" pos="1390" name="Instance Number" vm="1" len="2">11</attr>
<attr tag="00200030" vr="DS" pos="1400" name="Image Position (Retired)" vm="3" len="28">-106.3413\-106.9284\11.04715</attr>
<attr tag="00200032" vr="DS" pos="1436" name="Image Position (Patient)" vm="3" len="30">-106.77104\-107.35812\11.04715</attr>
<attr tag="00200035" vr="DS" pos="1474" name="Image Orientation (Retired)" vm="6" len="26">1.0\-0.0\-0.0\0.0\1.0\-0.0</attr>
<attr tag="00200037" vr="DS" pos="1508" name="Image Orientation (Patient)" vm="6" len="26">1.0\-0.0\-0.0\0.0\1.0\-0.0</attr>
<attr tag="00200050" vr="UN" pos="1542" name="Location (Retired)" vm="1" len="10">-11.04715 </attr>
<attr tag="00200052" vr="UI" pos="1560" name="Frame of Reference UID" vm="1" len="42">1.3.12.2.1107.5.2.4.7299.20030527085407000</attr>
<attr tag="00200070" vr="CS" pos="1610" name="Image Geometry Type (Retired)" vm="1" len="6">PLANAR</attr>
<attr tag="00200080" vr="CS" pos="1624" name="Masking Image (Retired)" vm="0" len="0"/>
<attr tag="00201001" vr="IS" pos="1632" name="Acquisitions in Series (Retired)" vm="1" len="4">1.0 </attr>
<attr tag="00201040" vr="LO" pos="1644" name="Position Reference Indicator" vm="0" len="0"/>
<attr tag="00201041" vr="DS" pos="1652" name="Slice Location" vm="1" len="10">-11.04715 </attr>
<attr tag="00204000" vr="LT" pos="1670" name="Image Comments" vm="0" len="0"/>
<attr tag="00210000" vr="UL" pos="1678" name="Group Length" vm="1" len="4">104</attr>
<attr tag="00210010" vr="LO" pos="1690" vm="1" len="12">SIEMENS MED </attr>
<attr tag="00210011" vr="LO" pos="1710" vm="1" len="20">SIEMENS CM VA0  CMS </attr>
<attr tag="00210013" vr="LO" pos="1738" vm="1" len="20">SIEMENS MR VA0  GEN </attr>
<attr tag="00210023" vr="LO" pos="1766" vm="1" len="20">SIEMENS MR VA0  RAW </attr>
<attr tag="00280000" vr="UL" pos="1794" name="Group Length" vm="1" len="4">188</attr>
<attr tag="00280002" vr="US" pos="1806" name="Samples per Pixel" vm="1" len="2">1</attr>
<attr tag="00280004" vr="CS" pos="1816" name="Photometric Interpretation" vm="1" len="12">MONOCHROME2 </attr>
<attr tag="00280005" vr="UN" pos="1836" name="Image Dimensions (Retired)" vm="1" len="2">\02\00</attr>
<attr tag="00280010" vr="US" pos="1846" name="Rows" vm="1" len="2">256</attr>
<attr tag="00280011" vr="US" pos="1856" name="Columns" vm="1" len="2">256</attr>
<attr tag="00280030" vr="DS" pos="1866" name="Pixel Spacing" vm="2" len="18">0.859375\0.859375 </attr>
<attr tag="00280040" vr="UN" pos="1892" name="Image Format (Retired)" vm="1" len="4">RECT</attr>
<attr tag="00280100" vr="US" pos="1904" name="Bits Allocated" vm="1" len="2">16</attr>
<attr tag="00280101" vr="US" pos="1914" name="Bits Stored" vm="1" len="2">12</attr>
<attr tag="00280102" vr="US" pos="1924" name="High Bit" vm="1" len="2">11</attr>
<attr tag="00280103" vr="US" pos="1934" name="Pixel Representation" vm="1" len="2">0</attr>
<attr tag="00280200" vr="UN" pos="1944" name="Image Location (Retired)" vm="1" len="2">\E0</attr>
<attr tag="00281050" vr="DS" pos="1954" name="Window Center" vm="2" len="12">412.0\412.0 </attr>
<attr tag="00281051" vr="DS" pos="1974" name="Window Width" vm="2" len="12">888.0\888.0 </attr>
<attr tag="00290000" vr="UL" pos="1994" name="Group Length" vm="1" len="4">28</attr>
<attr tag="00290011" vr="LO" pos="2006" vm="1" len="20">SIEMENS CM VA0  CMS </attr>
<attr tag="00400000" vr="UL" pos="2034" name="Group Length" vm="1" len="4">50</attr>
<attr tag="00400007" vr="LO" pos="2046" name="Scheduled Procedure Step Description" vm="1" len="14">MRT des Kopfes</attr>
<attr tag="00400009" vr="SH" pos="2068" name="Scheduled Procedure Step ID" vm="1" len="6">557656</attr>
<attr tag="00401001" vr="SH" pos="2082" name="Requested Procedure ID" vm="1" len="6">557656</attr>
<attr tag="00510000" vr="UL" pos="2096" name="Group Length" vm="1" len="4">28</attr>
<attr tag="00510010" vr="LO" pos="2108" vm="1" len="20">SIEMENS CM VA0  CMS </attr>
<attr tag="7FE00000" vr="UL" pos="2136" name="Group Length" vm="1" len="4">131080</attr>
<attr tag="7FE00010" vr="OW" pos="2148" name="Pixel Data" vm="1" len="131072">0\0\0\0\0\0\0\0\0\0\0\0\0\0\0\0\0\0\0\0\0\0\0\0\0\0\0\0\0\0\0\0\8\17\12\19\19\5\11\17\19\26\12\6\25\18\32\33\18\6\12\11\12\10\17\9\23\29\25\22\14\33\30\18\21\17\12\10\23\44\23\24\12\6\15\11\12\12\14\6\3\14\12\21\16\16\3\14\18\3\8\3\18\24\13\13\6\13\14\6\8\12\11\17\21\24\16\19\12\11\24\10\10\10\8\19\19\11\15\28\18\24\16\5\10\15\17\12\10\8\10\22\23\16\13\4\11\18\7\8\14\9\3\11\11\7\21\12\13\10\11\17\9\12\11\3\10\6\17\18\18\15\9\4\11\10\11\22\23\22\13\25\15\13\8\3\5\8\14\10\16\26\12\27\34\19\21\11\16\15\24\11\11\7\8\12\7\18\14\26\10\18\14\9\10\12\9\9\11\13\23\18\3\7\8\19\13\12\9\10\30\29\27\18\0\0\0\0\0\0\0\0\0\0\0\0\0\0\0\0\0\0\0\0\0\0\0\0\0\0\0\0\0\0\0\0\0\0\0\0\0\0\0\0\0\0\0\0\0\0\0\0\0\0\0\0\0\0\0\0\0\0\0\0\0\0\0\0\21\9\15\2\10\17\0\15\21\12\28\20\5\16\13\22\8\14\21\10\7\4\25\18\23\26\28\25\15\11\12\13\20\15\13\17\24\23\7\18\18\24\20\10\14\19\7\9\14\21\21\18\11\12\5\10\10\17\12\15\27\15\21\15\10\11\17\16\17\15\14\13\14\13\10\7\17\10\2\15\12\7\10\12\9\7\13\10\19\17\5\19\15\10\5\5\15\8\13\22\28\13\14\15\11\10\8\5\8\9\26\20\5\8\13\15\17\11\8\16\22\11\4\17\13\12\6\11\11\24\18\8\15\28\25\8\23\9\10\15\8\17\16\10\14\19\9\6\9\13\13\6\7\12\23\10\8\8\5\4\6\24\19\16\8\15\22\19\21\13\29\17\8\17\13\4\2\6\6\14\26\18\19\15\13\16\8\14\34\20\20\25\0\0\0\0\0\0\0\0\0\0\0\0\0\0\0\0\0\0\0\0\0\0\0\0\0\0\0\0\0\0\0\0\0\0\0\0\0\0\0\0\0\0\0\0\0\0\0\0\0\0\0\0\0\0\0\0\0\0\0\0\0\0\0\0\19\8\18\15\13\15\11\9\19\22\18\23\11\8\14\27\16\20\18\12\6\4\23\19\19\14\6\19\17\14\14\14\18\28\24\26\6\7\13\13\18\32\9\22\13\10\7\12\14\14\22\6\9\11\17\6\8\24\19\18\13\15\12\16\12\20\14\8\5\5\11\19\6\11\24\14\22\29\12\7\23\14\15\33\22\29\24\14\8\4\11\18\5\8\7\10\13\25\23\3\11\11\3\6\12\6\12\3\4\3\10\18\14\8\27\25\17\8\16\34\31\15\15\20\15\13\20\18\4\28\21\16\21\24\21\6\26\17\22\9\7\15\31\20\2\10\13\9\11\13\7\9\33\22\13\19\17\18\12\11\19\29\24\17\20\13\17\11\19\12\14\6\4\5\11\16\14\21\13\12\18\12\10\14\16\25\20\17\16\18\34\10\0\0\0\0\0\0\0\0\0\0\0\0\0\0\0\0\0\0\0\0\0\0\0\0\0\0\0\0\0\0\0\0\0\0\0\0\0\0\0\0\0\0\0\0\0\0\0\0\0\0\0\0\0\0\0\0\0\0\0\0\0\0\0\0\6\12\11\24\18\16\20\15\13\18\13\17\23\15\9\9\18\11\18\16\12\9\23\14\16\16\23\23\11\16\8\3\7\23\18\19\18\10\14\9\17\14\12\19\10\24\16\7\13\9\13\18\18\16\6\28\12\24\14\18\18\6\11\15\29\10\12\8\8\6\7\13\5\18\22\25\23\17\6\7\7\5\4\7\13\12\23\14\19\16\6\14\11\18\27\22\7\16\3\5\19\14\12\14\26\25\24\12\18\8\12\15\10\21\14\7\15\16\7\5\12\22\15\17\9\12\9\19\28\16\12\22\12\8\10\15\7\11\28\11\18\36\13\3\10\19\15\8\14\9\15\16\27\9\12\13\8\16\22\7\17\23\10\8\8\7\12\16\22\10\12\20\27\11\7\8\7\11\20\28\28\16\11\9\8\6\13\14\11\22\16\22\0\0\0\0\0\0\0\0\0\0\0\0\0\0\0\0\0\0\0\0\0\0\0\0\0\0\0\0\0\0\0\0\0\0\0\0\0\0\0\0\0\0\0\0\0\0\0\0\0\0\0\0\0\0\0\0\0\0\0\0\0\0\0\0\5\17\24\8\15\5\10\8\10\26\25\19\17\8\10\33\22\8\12\27\16\18\13\19\5\35\34\29\12\9\18\14\12\6\9\7\7\16\32\10\14\27\23\10\18\9\14\6\18\30\13\23\11\14\23\21\17\26\15\18\18\14\12\17\9\9\3\30\24\13\22\8\12\20\32\17\22\9\2\3\4\6\14\14\9\28\8\5\9\4\11\7\13\11\9\14\13\13\8\27\14\11\11\13\13\15\11\5\19\28\21\6\20\12\12\14\19\5\10\17\15\18\27\14\18\26\9\9\12\12\11\7\18\26\21\11\11\7\17\15\9\15\19\11\9\13\14\9\8\2\6\10\9\15\10\25\28\14\11\11\8\6\15\11\14\6\9\24\21\15\6\23\11\9\11\10\12\16\7\6\8\21\10\10\17\3\11\9\15\10\12\18\0\0\0\0\0\0\0\0\0\0\0\0\0\0\0\0\0\0\0\0\0\0\0\0\0\0\0\0\0\0\0\0\0\0\0\0\0\0\0\0\0\0\0\0\0\0\0\0\0\0\0\0\0\0\0\0\0\0\0\0\0\0\0\0\14\12\15\6\14\13\11\31\12\10\11\8\7\10\5\14\17\15\26\6\8\1\23\19\20\18\21\9\20\24\20\2\9\9\27\18\8\15\14\15\9\4\1\10\6\11\10\15\7\12\13\22\39\31\31\19\13\21\12\11\8\9\10\1\6\18\16\8\12\19\12\11\18\38\20\22\12\17\29\15\19\12\14\12\17\16\11\4\24\15\6\9\7\9\15\13\11\6\5\11\6\3\2\11\11\20\9\11\25\20\8\6\27\23\16\12\10\6\10\11\24\15\8\10\10\7\27\30\8\13\17\15\8\9\2\11\10\12\6\13\12\22\25\25\28\31\7\5\12\12\11\11\10\10\8\7\6\9\8\11\19\7\4\7\6\14\10\20\7\11\17\22\10\12\15\13\5\12\16\29\19\16\24\10\14\8\13\13\22\9\7\8\0\0\0\0\0\0\0\0\0\0\0\0\0\0\0\0\0\0\0\0\0\0\0\0\0\0\0\0\0\0\0\0\0\0\0\0\0\0\0\0\0\0\0\0\0\0\0\0\0\0\0\0\0\0\0\0\0\0\0\0\0\0\0\0\16\30\21\7\11\11\25\17\4\8\6\7\9\14\16\14\10\11\8\1\12\9\9\17\12\23\17\11\15\15\4\8\12\23\17\10\11\5\22\27\17\21\22\18\18\10\7\8\20\23\36\27\31\13\24\21\5\7\11\8\12\6\9\22\20\13\14\14\22\27\33\15\3\6\14\25\11\9\8\14\22\6\16\6\21\14\8\3\11\20\8\11\6\9\5\7\20\23\12\31\17\10\20\22\18\14\12\2\12\10\14\16\14\9\25\17\16\11\17\21\22\12\22\17\12\16\16\11\6\5\18\28\11\19\12\8\17\11\6\11\13\10\8\9\8\11\11\17\7\3\4\16\22\17\11\15\15\6\7\8\8\4\6\5\12\14\16\21\17\20\25\12\19\21\8\4\11\3\6\9\11\21\9\12\11\11\15\9\2\9\11\15\0\0\0\0\0\0\0\0\0\0\0\0\0\0\0\0\0\0\0\0\0\0\0\0\0\0\0\0\0\0\0\0\0\0\0\0\0\0\0\0\0\0\0\0\0\0\0\0\0\0\0\0\0\0\0\0\0\0\0\0\0\0\0\0\11\6\9\9\8\15\5\14\16\11\8\21\18\23\11\6\6\8\1\8\23\1\23\11\30\24\29\14\25\20\12\15\19\8\17\8\10\5\11\26\22\14\3\16\19\8\22\23\13\9\14\19\5\9\11\22\11\14\19\18\5\17\18\10\11\5\15\12\8\20\16\18\16\12\16\21\11\16\8\9\3\20\15\18\20\14\17\9\3\9\22\14\21\30\22\15\18\8\4\2\8\10\8\9\10\11\8\12\4\7\19\13\14\2\25\21\16\22\10\14\15\9\30\32\13\7\10\9\8\10\17\13\22\18\5\18\14\18\16\14\12\7\29\30\10\13\13\12\11\11\6\12\31\15\9\13\29\19\19\18\8\8\16\18\13\12\24\4\9\12\11\15\15\20\22\18\7\1\11\19\22\17\3\9\11\24\10\14\13\8\17\23\0\0\0\0\0\0\0\0\0\0\0\0\0\0\0\0\0\0\0\0\0\0\0\0\0\0\0\0\0\0\0\0\0\0\0\0\0\0\0\0\0\0\0\0\0\0\0\0\0\0\0\0\0\0\0\0\0\0\0\0\0\0\0\0\6\10\8\2\14\19\12\19\15\4\8\13\19\14\8\17\16\12\8\11\10\18\14\12\24\18\21\18\22\20\7\21\13\22\18\14\5\25\15\11\9\9\14\13\13\15\21\24\17\11\8\5\11\15\17\27\12\15\9\18\27\20\13\5\9\15\14\32\7\9\10\4\7\11\15\11\10\12\11\10\9\17\12\13\8\12\16\9\20\13\10\11\23\5\20\5\20\14\11\14\19\11\15\15\28\27\11\8\14\32\12\17\25\5\17\23\18\20\18\18\3\7\5\12\11\6\17\15\3\18\26\19\18\9\14\8\17\26\22\17\7\10\9\13\24\11\5\6\18\22\22\11\17\13\11\10\3\6\6\10\7\3\6\10\23\11\6\5\18\11\6\11\5\11\16\9\7\19\13\15\20\13\10\9\15\10\8\23\27\6\8\7\0\0\0\0\0\0\0\0\0\0\0\0\0\0\0\0\0\0\0\0\0\0\0\0\0\0\0\0\0\0\0\0\0\0\0\0\0\0\0\0\0\0\0\0\0\0\0\0\0\0\0\0\0\0\0\0\0\0\0\0\0\0\0\0\6\10\15\13\11\6\16\13\11\31\29\25\9\10\27\10\13\20\26\18\14\6\28\11\3\12\20\8\4\8\12\15\17\11\9\10\7\10\4\6\6\10\12\19\12\23\19\9\6\40\31\6\9\15\17\14\21\30\14\14\12\6\13\21\13\12\17\21\12\23\19\12\13\17\19\19\18\11\8\18\10\13\15\15\16\16\15\12\3\5\23\30\31\22\6\15\19\10\13\26\12\11\6\19\26\9\12\15\16\14\22\11\7\14\11\21\9\7\15\34\25\9\7\7\11\11\22\16\15\18\22\23\13\14\7\21\23\21\14\25\16\6\15\7\10\7\15\9\14\17\17\14\13\6\20\19\5\17\23\16\14\23\8\10\14\25\25\11\5\16\17\11\6\2\11\16\21\13\14\11\24\14\5\8\8\18\24\23\11\10\15\9\0\0\0\0\0\0\0\0\0\0\0\0\0\0\0\0\0\0\0\0\0\0\0\0\0\0\0\0\0\0\0\0\0\0\0\0\0\0\0\0\0\0\0\0\0\0\0\0\0\0\0\0\0\0\0\0\0\0\0\0\0\0\0\0\38\12\7\8\14\9\23\13\19\14\13\26\16\32\28\10\22\10\2\4\9\20\10\16\27\16\11\11\15\9\8\19\24\22\15\23\10\6\15\18\6\8\18\16\20\13\4\15\25\8\8\5\25\7\3\22\14\7\9\7\8\15\21\25\14\9\20\29\12\19\14\4\6\16\12\4\13\9\2\8\9\19\13\20\17\25\19\24\14\18\6\19\19\17\9\4\18\17\18\6\15\9\8\11\21\9\15\13\6\18\38\14\7\13\34\22\24\6\14\3\18\11\14\21\23\13\11\11\8\2\5\16\17\12\28\16\14\11\23\14\17\11\16\12\14\25\18\14\8\9\12\5\8\8\6\6\10\32\10\15\8\21\19\15\9\7\8\11\17\14\23\15\17\10\7\9\5\15\17\10\15\21\25\15\17\14\13\31\26\17\7\18\0\0\0\0\0\0\0\0\0\0\0\0\0\0\0\0\0\0\0\0\0\0\0\0\0\0\0\0\0\0\0\0\0\0\0\0\0\0\0\0\0\0\0\0\0\0\0\0\0\0\0\0\0\0\0\0\0\0\0\0\0\0\0\0\23\19\11\16\22\13\8\9\5\6\24\14\14\24\21\22\14\36\1\14\17\16\17\15\19\9\18\12\13\10\16\9\10\14\6\7\24\13\14\13\16\9\24\20\11\15\18\14\9\19\10\10\15\12\13\17\12\8\27\20\13\24\30\7\14\21\5\21\10\16\20\22\24\13\11\22\10\16\22\22\17\19\26\19\15\12\19\9\9\18\19\15\11\8\8\17\7\11\25\8\11\20\26\12\13\20\15\10\16\15\16\18\12\18\22\8\15\6\14\18\24\7\7\13\18\6\13\9\5\11\18\15\28\26\13\1\5\7\6\6\9\7\11\8\9\8\8\16\14\4\16\10\12\11\4\18\23\10\15\10\23\7\9\14\12\14\11\13\3\6\13\25\15\24\20\18\8\21\31\17\22\14\8\12\9\11\8\19\3\16\10\17\0\0\0\0\0\0\0\0\0\0\0\0\0\0\0\0\0\0\0\0\0\0\0\0\0\0\0\0\0\0\0\0\0\0\0\0\0\0\0\0\0\0\0\0\0\0\0\0\0\0\0\0\0\0\0\0\0\0\0\0\0\0\0\0\13\4\4\14\26\15\11\13\8\12\5\9\7\15\13\3\4\12\8\9\13\19\8\15\8\19\27\21\15\24\5\10\9\11\19\27\14\16\9\2\12\15\17\15\19\22\9\11\7\3\4\10\13\18\9\3\7\13\11\7\2\8\13\15\21\14\8\9\12\9\13\11\23\15\15\16\7\5\5\18\18\16\13\11\13\18\23\19\26\26\29\16\15\14\20\18\13\10\12\23\14\19\28\8\4\11\17\13\8\12\6\4\11\17\19\11\15\5\11\21\30\14\23\20\17\15\7\15\22\12\20\15\12\11\28\27\14\18\16\13\10\6\11\7\12\11\19\12\13\6\8\13\29\24\31\24\5\8\18\7\10\21\19\26\10\7\22\15\16\33\18\10\20\14\10\15\11\1\9\8\9\13\10\18\9\9\6\8\12\5\9\9\0\0\0\0\0\0\0\0\0\0\0\0\0\0\0\0\0\0\0\0\0\0\0\0\0\0\0\0\0\0\0\0\0\0\0\0\0\0\0\0\0\0\0\0\0\0\0\0\0\0\0\0\0\0\0\0\0\0\0\0\0\0\0\0\3\9\21\20\9\14\14\17\15\3\17\16\18\5\5\15\13\8\10\16\7\20\16\20\7\17\18\11\13\10\3\14\12\26\24\9\12\6\9\9\4\8\22\15\16\12\6\2\9\4\9\28\14\22\12\5\9\14\7\5\17\18\18\22\22\9\13\10\9\11\12\15\21\11\12\23\16\16\19\22\9\11\17\21\1\5\7\9\8\7\4\5\12\22\21\29\12\12\10\22\10\10\16\10\7\6\13\10\15\14\28\13\19\19\16\18\20\10\16\20\7\15\18\2\5\7\3\6\10\13\9\12\23\12\18\11\6\4\14\14\19\22\9\13\24\14\27\13\14\11\8\16\14\13\17\9\16\13\15\13\7\13\8\9\18\26\14\9\8\11\16\8\18\16\4\16\17\5\14\16\15\25\26\8\10\12\11\25\28\4\2\3\0\0\0\0\0\0\0\0\0\0\0\0\0\0\0\0\0\0\0\0\0\0\0\0\0\0\0\0\0\0\0\0\0\0\0\0\0\0\0\0\0\0\0\0\0\0\0\0\0\0\0\0\0\0\0\0\0\0\0\0\0\0\0\0\12\21\13\6\10\6\26\24\12\6\5\9\22\10\17\14\16\15\19\7\11\9\15\8\14\4\15\22\10\15\12\3\12\25\11\13\5\9\24\26\21\22\28\17\21\33\28\11\16\16\7\7\8\6\23\18\21\14\16\13\2\16\10\9\9\7\19\12\5\7\20\16\1\7\3\11\12\14\13\9\5\13\11\5\17\11\10\9\14\27\4\13\12\10\15\30\13\17\9\27\12\8\15\15\9\3\5\1\11\11\10\22\12\16\8\15\11\19\23\4\13\11\18\13\11\11\12\12\17\27\12\17\19\19\17\9\12\7\12\7\3\16\12\26\25\12\7\12\29\11\17\17\13\11\15\20\14\18\20\11\22\20\11\9\5\20\28\3\15\12\10\4\16\15\9\12\8\6\4\22\25\8\3\20\19\25\16\12\15\15\19\7\0\0\0\0\0\0\0\0\0\0\0\0\0\0\0\0\0\0\0\0\0\0\0\0\0\0\0\0\0\0\0\0\0\0\0\0\0\0\0\0\0\0\0\0\0\0\0\0\0\0\0\0\0\0\0\0\0\0\0\0\0\0\0\0\10\34\22\27\9\13\12\14\29\14\18\16\2\20\7\11\16\14\17\19\9\8\7\12\15\8\13\10\11\22\15\16\12\13\18\11\10\17\10\5\8\13\20\13\9\4\6\14\19\7\13\25\20\12\20\20\9\24\16\7\13\20\14\22\15\10\7\10\8\7\12\3\4\8\15\9\23\6\24\14\12\21\13\19\13\13\10\11\9\3\4\8\7\9\11\12\10\8\19\27\13\12\11\12\15\17\10\11\5\16\29\13\10\15\22\15\22\10\13\19\31\16\13\13\14\13\10\6\16\17\22\11\14\6\6\12\12\13\13\16\11\14\13\15\23\14\12\11\9\10\12\8\6\4\10\10\19\8\8\6\15\26\22\16\13\24\32\25\21\23\11\6\7\9\24\15\8\3\5\5\10\19\12\9\23\11\14\22\8\20\7\6\0\0\0\0\0\0\0\0\0\0\0\0\0\0\0\0\0\0\0\0\0\0\0\0\0\0\0\0\0\0\0\0\0\0\0\0\0\0\0\0\0\0\0\0\0\0\0\0\0\0\0\0\0\0\0\0\0\0\0\0\0\0\0\0\15\18\16\26\26\20\6\17\10\18\14\8\9\15\11\13\19\13\7\17\12\3\10\10\6\11\14\5\8\9\9\20\6\17\12\3\20\8\11\10\11\11\14\2\6\12\5\9\7\7\13\15\12\15\12\27\34\25\15\16\9\10\12\19\14\14\24\13\14\10\6\8\5\5\14\17\13\10\6\6\3\10\7\8\12\11\17\12\7\5\15\14\10\4\9\9\5\10\15\5\12\17\12\10\6\4\13\4\13\11\13\17\17\23\30\17\4\6\17\25\3\10\19\16\10\10\24\19\15\6\15\17\17\13\11\24\19\26\29\12\9\20\9\3\9\13\21\19\16\18\15\16\15\18\7\5\12\15\14\5\14\6\19\26\8\14\18\16\8\6\17\23\17\21\12\9\16\6\11\7\19\14\8\18\11\12\7\4\9\18\12\14\0\0\0\0\0\0\0\0\0\0\0\0\0\0\0\0\0\0\0\0\0\0\0\0\0\0\0\0\0\0\0\0\0\0\0\0\0\0\0\0\0\0\0\0\0\0\0\0\0\0\0\0\0\0\0\0\0\0\0\0\0\0\0\0\25\7\9\21\10\10\22\9\9\9\8\11\20\12\13\11\16\11\20\14\11\19\4\13\8\26\17\5\10\14\3\10\20\11\11\10\14\14\21\17\17\13\23\14\5\16\36\19\28\11\23\18\12\19\2\18\5\19\24\21\12\17\17\26\9\8\12\8\6\18\9\5\3\12\8\8\9\10\6\8\12\8\12\16\19\10\19\5\12\16\19\17\9\7\7\10\14\23\12\18\8\14\11\18\8\11\7\9\32\34\13\12\14\20\20\8\15\18\13\7\16\13\24\10\22\13\7\15\16\13\8\10\7\8\16\18\11\6\17\19\14\10\16\13\7\10\12\16\20\11\11\14\16\13\12\11\12\6\14\23\9\7\2\8\9\14\6\13\18\24\3\4\9\12\10\15\7\7\24\20\13\19\17\9\13\8\27\21\34\24\14\11\0\0\0\0\0\0\0\0\0\0\0\0\0\0\0\0\0\0\0\0\0\0\0\0\0\0\0\0\0\0\0\0\0\0\0\0\0\0\0\0\0\0\0\0\0\0\0\0\0\0\0\0\0\0\0\0\0\0\0\0\0\0\0\0\16\13\9\24\26\11\17\7\16\3\11\5\9\10\13\13\32\29\29\13\7\7\16\7\3\10\5\2\6\7\8\14\8\7\8\20\17\8\14\9\12\15\4\5\6\20\18\11\10\21\17\3\13\24\7\4\5\9\14\23\13\14\26\20\9\14\14\15\21\16\14\17\16\16\13\5\11\11\17\8\4\6\6\13\11\7\16\23\16\19\4\8\10\23\17\20\14\11\15\13\9\13\11\15\15\4\22\8\18\8\24\31\13\15\8\20\20\10\16\28\16\17\10\6\8\8\8\5\12\10\19\10\15\16\16\10\13\13\6\14\22\17\6\3\5\9\7\12\7\7\12\16\21\25\11\15\11\4\7\18\29\8\20\14\12\17\19\34\10\14\22\7\11\8\9\9\12\7\12\17\18\11\16\8\10\24\11\25\25\5\8\16\0\0\0\0\0\0\0\0\0\0\0\0\0\0\0\0\0\0\0\0\0\0\0\0\0\0\0\0\0\0\0\0\0\0\0\0\0\0\0\0\0\0\0\0\0\0\0\0\0\0\0\0\0\0\0\0\0\0\0\0\0\0\0\0\11\18\22\2\5\11\31\19\5\11\9\5\7\30\37\18\13\18\14\11\2\8\9\9\2\13\8\18\23\22\4\15\23\12\6\15\21\3\7\16\17\8\20\18\27\21\13\14\9\21\17\4\17\18\14\7\4\6\9\9\23\23\21\21\13\20\20\14\12\25\14\19\9\11\4\11\17\16\23\9\13\27\14\13\3\4\8\20\18\11\22\13\10\8\4\11\12\6\11\5\15\6\10\8\3\18\14\24\19\10\21\23\11\21\15\12\16\6\3\13\14\8\14\15\10\14\9\16\30\18\25\12\11\14\13\5\18\8\16\15\11\14\14\21\8\10\27\10\11\10\15\15\7\9\21\20\10\15\17\19\12\17\22\16\3\13\15\17\13\19\15\8\12\23\27\25\18\10\15\27\14\5\11\16\15\10\15\15\3\13\10\13\0\0\0\0\0\0\0\0\0\0\0\0\0\0\0\0\0\0\0\0\0\0\0\0\0\0\0\0\0\0\0\0\0\0\0\0\0\0\0\0\0\0\0\0\0\0\0\0\0\0\0\0\0\0\0\0\0\0\0\0\0\0\0\0\7\14\3\6\14\6\10\16\8\10\5\14\18\6\5\21\19\15\13\15\22\19\14\13\19\16\11\16\14\5\4\7\12\20\21\31\16\15\13\26\25\25\16\12\30\14\10\15\15\6\18\11\7\13\22\15\26\23\13\9\14\3\12\34\14\14\33\16\20\21\12\9\16\7\7\17\10\7\14\32\25\16\17\4\12\6\10\0\6\16\7\9\11\3\9\7\6\11\9\13\10\8\17\9\10\8\12\18\15\8\7\5\7\12\8\6\19\26\14\3\8\10\14\22\11\6\9\17\12\6\4\4\32\27\15\12\22\16\11\20\22\20\10\5\11\6\9\12\9\14\19\7\3\6\4\21\23\18\11\16\13\6\9\7\15\9\13\6\6\6\23\26\14\25\28\13\12\15\15\12\16\16\10\11\13\19\33\25\21\26\8\7\0\0\0\0\0\0\0\0\0\0\0\0\0\0\0\0\0\0\0\0\0\0\0\0\0\0\0\0\0\0\0\0\0\0\0\0\0\0\0\0\0\0\0\0\0\0\0\0\0\0\0\0\0\0\0\0\0\0\0\0\0\0\0\0\30\11\9\15\7\9\10\11\22\15\26\21\28\17\21\14\24\15\9\9\10\13\11\12\15\13\35\15\11\30\15\12\7\14\24\29\8\19\15\5\18\23\16\18\35\49\22\10\18\19\18\13\3\8\14\12\15\9\7\11\20\16\19\10\16\5\21\17\19\6\9\16\22\7\8\8\14\23\17\15\18\15\18\18\6\11\10\6\12\9\6\9\4\12\9\14\8\18\11\20\28\12\15\23\28\15\21\8\9\18\14\12\7\5\17\18\5\12\12\6\3\6\7\23\17\9\17\15\17\6\5\12\15\8\11\20\17\5\2\5\6\23\12\6\18\7\8\11\20\13\13\14\3\9\10\18\9\2\7\16\22\19\9\9\18\13\15\24\11\18\14\11\11\5\7\10\3\18\23\12\12\21\4\7\11\16\10\19\5\14\8\24\0\0\0\0\0\0\0\0\0\0\0\0\0\0\0\0\0\0\0\0\0\0\0\0\0\0\0\0\0\0\0\0\0\0\0\0\0\0\0\0\0\0\0\0\0\0\0\0\0\0\0\0\0\0\0\0\0\0\0\0\0\0\0\0\12\20\24\7\13\10\20\35\19\11\10\6\9\10\14\14\8\14\25\21\22\15\20\13\25\17\29\10\8\8\12\29\19\29\17\10\10\15\12\9\15\17\19\20\19\2\22\12\8\9\24\29\13\16\19\9\12\18\10\6\10\14\10\12\15\18\10\23\20\10\10\16\17\27\21\20\4\8\17\25\10\20\14\6\6\11\9\15\11\20\11\2\3\8\6\11\18\13\11\16\20\22\15\11\28\12\21\16\13\13\25\15\20\20\20\11\19\25\23\10\14\9\14\13\5\8\6\18\25\15\8\14\7\8\32\24\16\15\12\12\35\20\20\17\8\13\27\23\25\30\14\13\6\19\13\17\14\7\5\10\6\7\13\20\18\20\11\7\9\8\9\27\16\4\5\22\13\21\15\11\12\11\13\10\9\9\23\8\13\23\17\9\0\0\0\0\0\0\0\0\0\0\0\0\0\0\0\0\0\0\0\0\0\0\0\0\0\0\0\0\0\0\0\0\0\0\0\0\0\0\0\0\0\0\0\0\0\0\0\0\0\0\0\0\0\0\0\0\0\0\0\0\0\0\0\0\30\19\15\12\11\7\10\6\6\6\4\15\13\13\25\13\3\12\8\10\6\9\7\6\9\3\5\16\25\19\13\23\13\6\5\11\4\9\13\30\24\7\13\12\15\17\16\10\20\23\11\3\19\26\11\3\4\5\6\17\13\11\10\6\7\7\17\15\23\9\15\9\13\19\18\7\11\15\18\19\23\4\24\28\23\14\21\5\8\10\22\14\14\3\6\16\10\5\4\5\11\16\5\7\6\9\7\11\24\21\6\14\11\16\8\8\13\14\16\13\7\13\18\19\23\14\21\22\7\40\24\11\29\21\17\16\13\12\20\16\20\9\13\13\21\20\23\12\7\11\15\20\15\8\10\16\4\20\19\6\13\13\21\9\14\6\8\5\11\12\8\13\17\16\9\7\10\17\23\22\26\12\8\15\19\15\18\11\8\8\16\21\0\0\0\0\0\0\0\0\0\0\0\0\0\0\0\0\0\0\0\0\0\0\0\0\0\0\0\0\0\0\0\0\0\0\0\0\0\0\0\0\0\0\0\0\0\0\0\0\0\0\0\0\0\0\0\0\0\0\0\0\0\0\0\0\18\18\18\4\9\5\9\9\15\25\16\27\22\8\13\15\27\13\13\14\20\7\13\9\8\8\7\18\11\7\3\10\11\18\25\19\10\12\8\15\15\11\18\16\8\12\6\12\19\20\15\25\9\9\17\13\10\13\15\5\16\11\9\13\8\9\19\11\15\14\22\7\12\21\12\17\19\7\13\8\6\14\12\9\5\14\6\17\18\17\2\15\15\31\23\9\3\10\8\7\9\12\16\13\24\24\16\21\5\10\12\11\11\9\12\11\11\19\32\26\13\16\10\10\10\21\11\3\9\6\11\6\10\17\11\7\6\5\8\9\14\7\22\20\7\11\2\23\12\5\13\9\11\8\17\14\29\21\18\14\22\6\25\23\20\21\26\16\18\12\15\31\11\5\7\6\14\14\8\10\20\6\5\11\22\4\16\18\8\7\12\23\0\0\0\0\0\0\0\0\0\0\0\0\0\0\0\0\0\0\0\0\0\0\0\0\0\0\0\0\0\0\0\0\0\0\0\0\0\0\0\0\0\0\0\0\0\0\0\0\0\0\0\0\0\0\0\0\0\0\0\0\0\0\0\0\26\18\10\17\17\8\3\7\6\9\18\16\9\7\12\10\18\16\1\3\8\16\7\4\8\6\19\18\3\7\3\22\23\14\16\6\9\10\14\7\13\13\8\16\12\9\9\12\13\15\12\1\11\20\2\12\21\23\27\7\10\12\13\25\22\6\21\16\22\2\12\11\27\20\16\22\13\14\18\13\17\12\22\5\4\9\8\16\13\8\20\8\10\8\7\11\6\10\6\8\15\12\3\9\22\12\34\16\22\10\7\14\12\3\5\14\14\5\12\13\18\18\7\14\9\4\19\23\15\11\27\26\16\16\16\21\18\27\16\13\4\10\3\4\8\21\13\19\11\6\20\30\17\15\10\15\13\13\23\12\10\19\23\14\22\7\26\38\19\12\24\12\30\4\10\8\11\7\8\12\21\14\7\20\24\23\15\20\23\17\25\13\0\0\0\0\0\0\0\0\0\0\0\0\0\0\0\0\0\0\0\0\0\0\0\0\0\0\0\0\0\0\0\0\0\0\0\0\0\0\0\0\0\0\0\0\0\0\0\0\0\0\0\0\0\0\0\0\0\0\0\0\0\0\0\0\12\21\19\14\6\19\15\22\27\32\7\13\32\22\18\16\5\12\21\15\13\19\13\6\4\11\29\18\15\17\21\30\21\13\18\6\1\6\11\9\6\9\8\16\11\17\19\22\5\12\15\8\10\7\14\12\12\13\11\13\20\9\14\3\20\14\7\19\13\21\7\8\24\28\17\7\14\7\10\11\14\5\27\6\14\25\15\7\19\11\2\11\15\14\17\18\22\13\7\10\11\12\19\18\7\18\14\17\25\7\12\17\8\8\8\8\13\12\17\14\9\11\22\10\8\12\11\11\7\6\17\14\13\7\13\25\16\19\14\15\1\5\23\27\13\31\15\5\11\30\13\19\7\20\16\11\12\23\14\15\22\2\8\11\7\13\13\11\25\18\17\13\24\8\11\11\13\11\12\16\20\17\5\9\12\23\18\4\4\22\12\25\0\0\0\0\0\0\0\0\0\0\0\0\0\0\0\0\0\0\0\0\0\0\0\0\0\0\0\0\0\0\0\0\0\0\0\0\0\0\0\0\0\0\0\0\0\0\0\0\0\0\0\0\0\0\0\0\0\0\0\0\0\0\0\0\7\9\7\6\7\17\5\5\13\16\11\7\24\7\14\32\11\7\7\12\6\15\10\10\12\8\18\19\4\8\8\4\8\8\15\7\6\11\6\16\12\19\23\23\31\9\11\12\20\20\25\11\8\24\29\8\7\24\27\8\7\9\18\9\6\13\11\7\26\19\13\15\7\10\9\23\24\5\8\15\18\29\15\11\19\11\21\34\22\19\12\10\19\8\16\11\21\17\23\22\19\9\7\15\17\11\24\11\10\6\16\11\17\3\19\20\13\10\14\8\17\18\7\12\7\10\3\6\11\8\19\20\13\25\23\18\14\19\11\9\4\11\7\8\4\9\23\14\5\8\13\11\9\8\11\11\21\16\2\12\24\8\12\9\4\6\2\14\18\11\12\16\24\21\14\15\22\23\14\7\6\6\21\18\13\9\22\13\13\14\10\16\0\0\0\0\0\0\0\0\0\0\0\0\0\0\0\0\0\0\0\0\0\0\0\0\0\0\0\0\0\0\0\0\0\0\0\0\0\0\0\0\0\0\0\0\0\0\0\0\0\0\0\0\0\0\0\0\0\0\0\0\0\0\0\0\5\9\13\25\15\10\8\3\9\1\12\8\7\17\16\19\12\11\25\11\6\15\13\27\13\12\10\16\15\18\2\18\11\22\16\31\26\18\14\16\18\31\22\15\18\25\13\9\2\13\27\28\6\9\11\10\6\6\9\3\14\26\27\26\35\23\9\15\12\4\20\10\8\6\8\7\11\9\9\14\15\16\11\14\2\8\3\16\14\10\12\6\4\8\10\26\13\36\17\31\24\16\12\13\14\13\21\13\11\11\7\20\14\13\13\14\29\26\10\22\28\18\27\21\35\17\5\10\7\20\16\20\23\14\10\15\8\4\14\14\18\2\6\5\8\16\17\13\3\4\8\11\14\15\14\22\13\5\24\22\12\10\9\16\21\15\20\32\17\7\15\22\25\22\21\20\7\7\9\25\24\22\23\28\9\8\11\20\24\22\16\4\0\0\0\0\0\0\0\0\0\0\0\0\0\0\0\0\0\0\0\0\0\0\0\0\0\0\0\0\0\0\0\0\0\0\0\0\0\0\0\0\0\0\0\0\0\0\0\0\0\0\0\0\0\0\0\0\0\0\0\0\0\0\0\0\15\29\16\10\9\10\18\20\23\12\10\13\17\18\10\12\23\21\20\15\20\13\16\20\5\2\5\9\3\5\0\9\14\10\13\12\19\17\16\5\9\14\18\18\17\13\18\27\17\6\13\13\21\8\11\13\12\9\10\17\23\10\18\21\16\6\17\23\17\25\20\24\25\16\13\11\13\9\15\13\15\12\17\15\24\23\18\8\14\18\23\8\9\7\10\14\7\30\29\17\14\15\15\19\12\20\17\16\12\5\4\8\15\9\6\4\9\9\11\17\7\4\14\25\28\6\10\3\4\3\9\9\9\8\21\19\11\18\17\9\7\10\16\15\12\11\11\10\12\16\15\10\10\11\14\19\9\4\21\23\6\10\12\17\7\19\20\24\22\9\21\23\19\28\14\8\13\9\15\5\24\16\11\9\15\10\8\4\7\10\15\15\0\0\0\0\0\0\0\0\0\0\0\0\0\0\0\0\0\0\0\0\0\0\0\0\0\0\0\0\0\0\0\0\0\0\0\0\0\0\0\0\0\0\0\0\0\0\0\0\0\0\0\0\0\0\0\0\0\0\0\0\0\0\0\0\21\10\18\23\15\13\10\25\16\8\21\32\5\20\24\16\10\7\8\25\16\19\22\25\18\25\14\14\8\8\8\7\18\21\9\6\7\7\17\24\14\12\18\16\7\20\25\19\7\5\8\9\12\5\8\8\16\30\11\8\14\7\17\11\17\16\18\19\24\2\15\18\7\26\11\13\8\15\18\15\9\10\14\18\12\10\13\21\19\7\22\12\15\19\9\7\15\22\12\2\11\18\21\15\21\11\11\8\12\13\25\5\19\5\19\13\4\17\10\7\11\12\18\9\10\7\16\16\19\14\11\14\10\22\11\14\7\19\17\6\18\19\35\8\16\10\9\11\15\8\11\8\13\12\10\9\17\16\19\8\10\4\4\13\22\20\24\11\9\9\5\4\16\12\11\9\16\7\15\15\9\13\2\17\13\23\7\6\16\27\12\10\0\0\0\0\0\0\0\0\0\0\0\0\0\0\0\0\0\0\0\0\0\0\0\0\0\0\0\0\0\0\0\0\0\0\0\0\0\0\0\0\0\0\0\0\0\0\0\0\0\0\0\0\0\0\0\0\0\0\0\0\0\0\0\0\2\23\18\17\9\11\16\11\21\12\10\6\4\18\14\7\11\16\4\4\7\34\27\14\6\10\12\32\22\10\21\10\3\6\14\14\16\12\21\6\11\14\4\15\19\11\16\29\10\16\13\12\13\12\26\20\16\8\25\11\8\9\12\5\23\16\8\12\14\6\15\6\23\16\8\9\15\23\10\9\11\20\24\14\17\19\20\22\24\15\13\15\26\17\14\20\15\8\16\23\17\8\11\9\14\8\18\4\20\11\10\18\10\19\15\10\16\14\3\8\6\12\16\10\7\7\15\15\9\7\11\19\18\26\11\15\9\12\15\26\18\14\8\14\8\12\7\18\16\4\7\9\12\13\13\12\12\24\28\7\9\18\31\10\17\14\11\6\13\22\9\18\31\3\29\16\9\4\11\14\13\23\17\9\18\19\13\8\18\13\13\16\0\0\0\0\0\0\0\0\0\0\0\0\0\0\0\0\0\0\0\0\0\0\0\0\0\0\0\0\0\0\0\0\0\0\0\0\0\0\0\0\0\0\0\0\0\0\0\0\0\0\0\0\0\0\0\0\0\0\0\0\0\0\0\0\2\7\14\15\18\17\15\10\9\7\20\17\7\6\18\13\4\12\17\11\12\14\26\16\18\11\6\8\15\17\27\12\11\7\6\8\22\24\14\5\24\19\12\10\8\6\24\15\25\12\16\13\9\4\11\15\5\17\20\17\19\13\15\13\5\6\15\18\21\12\15\15\6\14\16\13\16\15\11\16\15\19\11\17\20\16\17\4\9\7\12\27\15\20\18\17\20\6\10\13\17\9\10\28\26\15\18\11\10\12\7\18\14\20\13\19\9\7\11\8\11\9\16\10\7\13\31\23\16\16\22\13\18\17\21\15\7\8\9\10\14\8\11\5\5\5\13\10\17\5\16\22\13\11\9\6\16\8\18\11\12\8\18\14\5\7\14\17\15\11\14\24\13\11\19\6\13\11\17\21\10\16\19\10\11\20\13\9\11\7\13\12\0\0\0\0\0\0\0\0\0\0\0\0\0\0\0\0\0\0\0\0\0\0\0\0\0\0\0\0\0\0\0\0\0\0\0\0\0\0\0\0\0\0\0\0\0\0\0\0\0\0\0\0\0\0\0\0\0\0\0\0\0\0\0\0\2\6\3\18\16\13\24\25\10\6\5\10\26\12\19\14\19\20\7\8\10\25\11\24\18\14\12\13\22\25\8\19\8\24\16\17\18\12\17\14\4\7\8\11\3\18\16\9\19\18\16\19\17\15\13\12\15\28\10\5\12\13\24\29\22\8\6\6\4\4\11\7\11\15\11\7\12\6\4\12\11\14\19\17\10\15\15\28\11\14\12\10\18\18\13\16\29\14\5\15\16\17\14\29\30\26\18\10\7\7\12\4\16\11\17\25\19\40\22\18\12\9\17\12\4\7\19\19\4\9\8\9\11\18\27\18\14\16\11\8\28\27\8\6\2\12\11\21\11\6\2\8\19\23\13\9\29\25\21\11\12\13\3\4\8\17\16\13\21\19\23\30\31\32\23\14\8\10\6\9\23\24\6\7\6\7\3\15\13\16\9\3\0\0\0\0\0\0\0\0\0\0\0\0\0\0\0\0\0\0\0\0\0\0\0\0\0\0\0\0\0\0\0\0\0\0\0\0\0\0\0\0\0\0\0\0\0\0\0\0\0\0\0\0\0\0\0\0\0\0\0\0\0\0\0\0\15\11\27\24\8\12\1\11\13\11\7\15\9\19\17\5\14\11\5\24\24\3\3\3\11\5\20\25\12\16\11\9\14\7\10\5\11\6\11\14\15\5\8\10\18\10\13\12\13\11\25\19\19\11\10\14\14\19\14\25\11\9\13\8\22\17\19\16\11\10\17\8\11\16\10\12\15\28\5\19\13\13\12\13\7\2\6\31\20\14\14\15\7\14\21\10\14\21\26\15\4\8\11\9\9\12\12\10\20\10\9\11\18\8\11\8\10\9\8\6\10\19\20\4\12\16\4\15\17\9\19\18\14\9\14\18\15\12\9\9\15\10\6\5\9\6\11\25\14\18\18\11\21\18\10\11\12\10\10\14\21\18\11\22\17\19\17\23\15\22\15\16\19\8\5\11\12\12\9\12\9\11\23\25\27\11\8\7\10\17\25\26\0\0\0\0\0\0\0\0\0\0\0\0\0\0\0\0\0\0\0\0\0\0\0\0\0\0\0\0\0\0\0\0\0\0\0\0\0\0\0\0\0\0\0\0\0\0\0\0\0\0\0\0\0\0\0\0\0\0\0\0\0\0\0\0\3\13\11\14\10\20\4\23\21\22\12\14\6\11\6\9\14\8\11\12\15\11\17\15\13\15\6\20\25\17\11\14\11\24\13\14\11\13\17\3\12\21\10\11\7\12\5\4\2\9\8\15\14\18\8\15\17\24\9\14\18\14\13\6\5\11\15\12\12\18\15\19\34\22\8\3\13\10\7\11\17\9\25\20\8\15\5\12\20\20\11\11\9\11\14\27\25\11\2\5\19\19\15\18\23\7\19\22\6\6\6\13\20\20\11\21\14\8\6\14\12\7\13\21\24\6\14\11\17\11\9\10\9\17\24\3\9\13\6\11\5\11\17\13\7\8\18\8\21\21\24\21\14\7\5\14\13\7\19\18\7\3\19\21\9\12\12\10\9\8\17\25\19\19\6\7\9\6\12\15\24\18\17\14\19\4\6\11\1\11\19\25\0\0\0\0\0\0\0\0\0\0\0\0\0\0\0\0\0\0\0\0\0\0\0\0\0\0\0\0\0\0\0\0\0\0\0\0\0\0\0\0\0\0\0\0\0\0\0\0\0\0\0\0\0\0\0\0\0\0\0\0\0\0\0\0\5\12\13\5\10\15\14\16\17\30\12\3\8\10\12\12\11\9\11\5\3\8\15\12\12\17\7\4\2\7\12\22\10\11\13\29\11\15\13\11\7\9\7\16\17\13\23\15\21\8\9\13\9\11\13\7\8\13\10\18\27\13\23\33\21\10\11\22\28\19\16\16\14\15\30\11\12\29\32\12\9\15\17\16\3\15\18\9\17\15\5\7\8\30\21\9\16\14\11\14\13\22\26\11\12\5\16\24\12\10\23\12\13\16\15\6\10\20\30\21\2\9\5\12\17\7\12\10\9\19\12\6\9\21\14\7\9\3\12\18\21\16\17\6\4\13\9\20\10\7\9\9\18\11\5\15\12\19\24\17\8\6\28\18\15\8\9\5\7\3\11\10\10\5\6\15\24\7\5\14\13\7\12\14\15\21\18\10\14\8\11\11\0\0\0\0\0\0\0\0\0\0\0\0\0\0\0\0\0\0\0\0\0\0\0\0\0\0\0\0\0\0\0\0\0\0\0\0\0\0\0\0\0\0\0\0\0\0\0\0\0\0\0\0\0\0\0\0\0\0\0\0\0\0\0\0\8\15\17\15\9\4\7\13\27\13\16\9\22\20\21\38\17\15\23\21\11\18\10\14\9\10\5\21\15\12\7\17\18\26\14\15\9\9\13\15\22\22\3\21\9\6\24\15\8\20\33\19\19\21\15\5\9\10\9\3\5\21\16\5\16\23\20\12\15\2\17\22\19\7\15\44\49\23\39\62\60\77\74\70\80\82\72\57\33\19\20\18\15\8\7\18\12\24\22\12\9\12\17\21\28\17\11\33\40\18\16\30\27\5\16\17\7\7\15\11\11\12\21\6\18\7\15\10\5\9\11\18\6\5\4\15\11\10\15\20\6\12\7\7\21\16\23\28\13\7\8\7\10\18\18\14\9\17\6\11\10\21\20\11\14\14\17\11\14\5\12\16\18\13\18\24\9\22\19\14\15\12\18\22\18\23\21\6\8\10\8\6\0\0\0\0\0\0\0\0\0\0\0\0\0\0\0\0\0\0\0\0\0\0\0\0\0\0\0\0\0\0\0\0\0\0\0\0\0\0\0\0\0\0\0\0\0\0\0\0\0\0\0\0\0\0\0\0\0\0\0\0\0\0\0\0\13\17\22\2\8\6\17\17\23\10\11\8\9\12\12\16\20\11\10\17\14\12\21\20\26\7\5\11\11\20\16\12\11\12\8\18\5\12\7\10\27\15\25\17\21\21\18\7\17\11\5\13\8\10\13\19\9\5\15\17\19\20\11\5\10\6\8\14\16\28\55\81\94\120\131\100\119\142\104\95\100\86\106\131\129\129\135\121\121\118\80\86\98\52\34\35\12\21\14\27\29\13\38\80\92\89\68\44\56\76\59\48\58\61\52\22\11\7\23\27\28\28\29\26\27\10\8\12\24\20\8\2\8\29\12\18\11\16\20\9\8\22\27\16\15\13\10\16\18\16\13\21\15\8\20\14\11\15\16\8\8\24\13\25\24\9\12\12\10\8\5\11\6\5\10\19\22\11\9\8\6\8\4\9\15\17\17\10\8\8\20\19\0\0\0\0\0\0\0\0\0\0\0\0\0\0\0\0\0\0\0\0\0\0\0\0\0\0\0\0\0\0\0\0\0\0\0\0\0\0\0\0\0\0\0\0\0\0\0\0\0\0\0\0\0\0\0\0\0\0\0\0\0\0\0\0\4\19\16\11\9\5\20\20\10\19\15\5\14\34\15\3\12\8\20\14\9\5\14\10\7\12\10\13\16\18\19\16\5\18\11\7\18\7\14\18\14\11\21\26\9\20\19\30\28\9\7\20\11\14\20\16\7\23\13\14\18\25\13\14\33\24\6\59\118\119\126\138\107\91\80\56\54\66\75\51\43\91\99\58\41\72\123\122\86\80\100\118\140\155\129\108\123\101\74\120\153\137\153\144\106\128\130\105\103\93\104\107\106\134\137\132\125\76\38\13\30\35\19\17\19\15\17\21\28\18\20\6\9\9\15\13\20\18\8\24\14\9\22\18\16\9\1\11\16\21\17\8\3\12\10\20\15\10\12\14\22\16\16\9\14\16\15\16\9\14\6\16\12\12\20\6\19\23\23\7\33\22\13\10\14\19\5\9\17\7\5\9\0\0\0\0\0\0\0\0\0\0\0\0\0\0\0\0\0\0\0\0\0\0\0\0\0\0\0\0\0\0\0\0\0\0\0\0\0\0\0\0\0\0\0\0\0\0\0\0\0\0\0\0\0\0\0\0\0\0\0\0\0\0\0\0\17\14\30\13\14\10\21\18\23\17\12\21\15\11\19\16\25\37\18\11\26\24\7\12\11\7\19\27\15\17\7\7\11\18\19\6\2\13\11\8\8\20\18\17\30\18\15\7\6\9\10\7\26\18\21\18\17\24\20\22\19\13\40\54\36\102\136\143\107\73\55\41\77\134\177\249\270\237\283\344\338\324\338\345\299\216\157\175\177\111\77\57\27\40\46\57\82\67\63\72\57\40\38\71\96\96\103\108\105\107\129\114\77\62\64\73\95\108\128\129\105\71\12\24\13\10\13\15\13\23\28\20\21\23\21\13\9\8\20\20\24\24\8\11\22\25\15\12\8\12\11\11\25\22\19\29\13\12\21\8\6\11\19\16\23\14\16\4\12\8\14\14\28\13\8\23\20\10\7\11\12\18\19\12\21\27\8\10\9\9\13\6\0\0\0\0\0\0\0\0\0\0\0\0\0\0\0\0\0\0\0\0\0\0\0\0\0\0\0\0\0\0\0\0\0\0\0\0\0\0\0\0\0\0\0\0\0\0\0\0\0\0\0\0\0\0\0\0\0\0\0\0\0\0\0\0\8\13\9\13\5\7\11\4\5\16\18\15\12\24\22\13\9\7\4\16\23\5\18\39\16\7\16\26\12\7\8\16\11\22\24\18\10\15\24\14\8\5\7\17\12\9\10\24\15\16\16\31\31\16\11\16\29\29\25\20\26\40\74\132\160\124\78\66\93\185\244\297\418\478\510\556\525\509\509\527\648\661\568\585\639\679\666\562\483\446\453\416\299\221\194\159\100\82\115\139\175\217\256\262\249\305\330\276\289\326\308\345\362\268\213\193\127\82\67\60\93\138\138\105\58\39\58\25\9\31\13\10\13\16\13\20\10\11\14\9\19\20\11\13\19\14\23\7\20\13\8\10\9\6\7\8\16\15\22\17\16\18\7\14\16\11\5\18\22\19\14\4\8\11\9\7\9\9\6\14\13\15\12\14\26\41\24\18\35\7\12\22\0\0\0\0\0\0\0\0\0\0\0\0\0\0\0\0\0\0\0\0\0\0\0\0\0\0\0\0\0\0\0\0\0\0\0\0\0\0\0\0\0\0\0\0\0\0\0\0\0\0\0\0\0\0\0\0\0\0\0\0\0\0\0\0\22\11\6\23\12\22\12\7\11\11\25\20\14\20\23\17\15\17\14\17\14\7\7\28\12\18\14\14\10\11\15\11\21\20\28\21\9\10\7\4\7\15\16\13\13\31\28\19\2\22\11\10\11\27\24\14\12\15\8\29\30\120\181\110\49\73\196\346\422\489\563\574\597\632\595\576\604\608\611\574\536\592\569\542\617\629\825\1047\800\566\582\568\573\550\492\463\401\413\464\454\490\512\566\749\707\470\518\624\578\551\520\516\548\542\544\535\471\371\276\222\148\50\29\113\171\135\55\37\38\25\25\33\18\11\14\29\17\12\3\12\22\23\20\7\12\15\19\26\12\19\21\13\14\13\16\16\10\9\17\28\30\20\2\8\8\12\21\11\13\14\14\8\5\2\6\18\15\22\11\25\21\21\12\4\8\12\6\8\18\18\10\22\0\0\0\0\0\0\0\0\0\0\0\0\0\0\0\0\0\0\0\0\0\0\0\0\0\0\0\0\0\0\0\0\0\0\0\0\0\0\0\0\0\0\0\0\0\0\0\0\0\0\0\0\0\0\0\0\0\0\0\0\0\0\0\0\17\32\25\12\20\13\8\34\21\13\25\15\27\25\15\14\14\31\17\6\9\15\6\16\20\10\8\3\18\19\13\13\15\16\13\23\21\9\15\14\19\24\16\12\17\31\16\30\33\12\8\13\13\5\23\36\17\13\33\106\198\122\34\76\237\404\470\515\618\619\588\556\478\547\532\400\466\468\441\580\520\394\530\600\529\510\436\428\626\670\549\561\570\549\590\567\533\543\538\541\537\567\577\511\540\607\600\638\661\648\663\600\513\557\611\568\570\584\527\507\477\346\187\82\38\94\201\147\50\42\26\50\19\19\11\27\12\9\15\22\8\7\7\14\17\7\15\25\11\3\10\16\28\14\20\9\7\8\17\11\16\2\7\12\16\8\14\11\32\20\16\17\17\12\12\23\31\8\16\13\10\13\10\29\15\5\24\11\4\16\18\36\0\0\0\0\0\0\0\0\0\0\0\0\0\0\0\0\0\0\0\0\0\0\0\0\0\0\0\0\0\0\0\0\0\0\0\0\0\0\0\0\0\0\0\0\0\0\0\0\0\0\0\0\0\0\0\0\0\0\0\0\0\0\0\0\10\13\21\10\3\7\13\13\15\20\14\20\9\15\20\39\14\19\18\11\5\9\18\14\22\24\12\23\11\7\15\15\12\19\9\13\9\25\19\21\25\30\14\10\9\30\42\32\4\13\25\20\31\23\55\35\13\39\117\116\74\70\182\404\562\613\617\594\528\428\372\331\333\370\279\199\224\176\129\217\290\289\327\304\345\544\405\178\318\463\590\650\589\594\587\576\592\558\588\633\619\676\586\318\371\540\447\431\488\469\480\511\537\525\517\553\560\566\586\589\588\567\502\383\222\71\25\89\209\123\48\41\49\30\23\17\13\23\24\18\15\10\18\15\27\17\7\13\12\12\12\15\15\12\16\22\10\10\13\18\27\23\16\21\7\6\30\34\24\24\11\16\23\15\6\5\2\4\12\4\13\6\5\7\6\23\32\22\20\13\12\15\0\0\0\0\0\0\0\0\0\0\0\0\0\0\0\0\0\0\0\0\0\0\0\0\0\0\0\0\0\0\0\0\0\0\0\0\0\0\0\0\0\0\0\0\0\0\0\0\0\0\0\0\0\0\0\0\0\0\0\0\0\0\0\0\22\8\9\8\19\21\35\13\6\16\8\10\12\6\8\4\9\5\14\10\19\42\18\24\11\10\20\8\19\23\9\11\16\22\21\29\19\19\38\34\20\14\11\16\30\29\14\14\7\9\13\14\26\20\7\43\108\103\81\89\197\413\573\612\611\616\548\428\320\225\181\182\187\158\133\160\143\86\88\90\67\65\80\104\143\108\113\248\209\143\213\217\341\429\336\428\488\432\471\437\359\270\336\604\524\240\322\421\372\332\266\260\291\284\315\313\284\368\458\470\508\614\654\565\503\439\216\37\32\135\164\57\68\40\26\14\11\9\10\20\21\12\12\16\22\21\20\11\17\26\22\23\9\12\18\31\8\12\9\17\22\17\7\16\12\12\13\34\16\18\20\9\16\16\2\8\12\5\18\16\8\6\15\13\12\7\8\14\17\12\15\22\0\0\0\0\0\0\0\0\0\0\0\0\0\0\0\0\0\0\0\0\0\0\0\0\0\0\0\0\0\0\0\0\0\0\0\0\0\0\0\0\0\0\0\0\0\0\0\0\0\0\0\0\0\0\0\0\0\0\0\0\0\0\0\0\10\19\13\23\36\20\19\21\10\26\22\18\4\9\10\12\9\5\7\29\27\8\8\8\15\13\10\8\19\14\21\10\13\19\16\26\29\14\21\23\22\19\6\5\12\11\6\9\22\29\30\13\34\29\56\110\116\125\195\360\557\616\676\708\546\387\242\154\203\173\119\147\122\115\158\165\136\134\188\222\188\139\140\147\113\100\82\64\100\93\49\45\67\113\113\109\184\201\119\105\112\69\160\256\105\63\128\88\103\142\98\100\103\98\135\108\87\149\178\203\242\316\486\631\650\634\610\420\123\38\67\167\128\39\26\21\24\5\7\5\7\9\7\7\17\12\19\19\14\9\20\17\20\14\16\19\12\12\6\10\16\12\12\12\8\14\9\14\24\26\30\17\11\5\11\8\3\22\13\11\11\16\8\23\14\20\31\13\7\3\9\6\0\0\0\0\0\0\0\0\0\0\0\0\0\0\0\0\0\0\0\0\0\0\0\0\0\0\0\0\0\0\0\0\0\0\0\0\0\0\0\0\0\0\0\0\0\0\0\0\0\0\0\0\0\0\0\0\0\0\0\0\0\0\0\0\11\11\14\8\3\7\8\11\7\14\6\7\13\5\8\14\10\6\8\10\26\25\27\21\17\19\17\15\13\28\15\9\13\13\9\7\1\6\23\20\21\18\6\7\12\20\13\15\15\24\55\45\16\74\172\182\218\319\490\651\644\533\426\357\316\187\128\178\151\132\147\142\173\199\206\239\281\288\271\317\342\318\343\331\290\304\300\250\195\187\186\124\102\126\106\96\114\139\154\129\148\171\92\55\70\75\85\103\106\95\89\118\134\118\102\121\121\85\93\101\81\100\162\277\463\622\624\616\603\363\84\47\105\159\40\32\29\53\40\20\17\5\22\18\18\46\47\21\7\3\19\16\21\18\9\8\14\21\26\16\9\8\12\7\7\5\5\14\14\17\18\21\9\12\5\11\22\11\12\8\6\15\14\3\10\14\14\11\22\21\15\18\0\0\0\0\0\0\0\0\0\0\0\0\0\0\0\0\0\0\0\0\0\0\0\0\0\0\0\0\0\0\0\0\0\0\0\0\0\0\0\0\0\0\0\0\0\0\0\0\0\0\0\0\0\0\0\0\0\0\0\0\0\0\0\0\19\15\21\5\4\14\15\19\19\29\12\10\21\14\21\22\6\23\33\11\14\7\9\17\9\21\11\13\10\8\10\17\7\12\27\24\15\13\6\24\21\6\12\9\19\19\13\20\17\45\42\13\79\176\214\274\451\619\644\556\377\294\249\86\81\195\173\148\170\207\273\275\278\345\343\307\347\360\381\444\410\365\430\456\447\507\502\436\479\494\415\411\423\366\333\304\247\255\320\305\270\253\230\289\301\260\328\352\346\372\305\251\263\268\282\258\204\190\175\121\123\156\124\87\140\292\435\490\590\690\569\240\33\66\149\99\20\19\12\21\37\34\14\20\18\14\25\29\31\12\16\15\25\35\33\18\14\6\10\18\9\16\12\8\10\10\13\13\15\16\27\19\21\31\4\12\13\6\7\9\1\8\13\10\12\11\2\10\20\8\14\30\0\0\0\0\0\0\0\0\0\0\0\0\0\0\0\0\0\0\0\0\0\0\0\0\0\0\0\0\0\0\0\0\0\0\0\0\0\0\0\0\0\0\0\0\0\0\0\0\0\0\0\0\0\0\0\0\0\0\0\0\0\0\0\0\6\13\11\12\12\13\18\10\20\10\6\5\15\10\4\10\8\29\26\19\12\21\19\38\27\31\12\9\18\10\39\37\14\12\25\14\9\24\9\16\14\25\27\12\3\10\23\38\54\27\63\162\248\267\332\535\617\565\443\265\221\273\261\150\48\119\238\249\251\324\392\380\376\394\390\397\405\479\561\518\417\323\352\416\398\520\706\707\647\641\667\617\496\474\436\318\270\307\407\459\475\575\570\501\509\470\416\390\354\347\366\402\397\374\384\382\369\281\196\245\238\127\91\112\125\128\179\310\394\498\678\690\444\167\30\73\90\46\24\22\21\24\23\9\19\34\26\6\17\14\29\13\20\10\13\26\21\8\8\5\12\14\14\14\14\15\17\15\37\26\6\21\18\23\11\4\15\12\6\8\14\16\14\13\25\13\11\18\22\16\37\25\0\0\0\0\0\0\0\0\0\0\0\0\0\0\0\0\0\0\0\0\0\0\0\0\0\0\0\0\0\0\0\0\0\0\0\0\0\0\0\0\0\0\0\0\0\0\0\0\0\0\0\0\0\0\0\0\0\0\0\0\0\0\0\0\17\25\22\2\10\14\25\6\10\30\25\11\6\6\15\14\14\8\4\12\14\8\12\13\22\31\22\39\33\17\6\11\19\14\22\16\16\22\21\19\31\37\3\9\10\9\31\31\54\155\212\288\379\463\611\588\416\346\303\291\324\197\73\123\198\234\285\309\296\343\416\426\443\490\520\524\523\549\503\406\368\324\280\284\342\423\515\578\573\625\573\386\422\500\381\256\193\307\483\498\518\601\639\611\570\584\603\611\595\524\514\509\432\441\482\456\431\377\327\324\311\264\202\132\108\113\113\212\302\276\403\628\712\626\345\126\100\73\50\53\19\24\31\15\30\20\30\28\28\10\11\9\24\20\23\21\7\9\15\8\8\8\10\21\12\22\16\28\40\34\34\27\14\13\9\8\6\11\23\15\15\13\9\7\15\5\8\12\20\28\17\13\0\0\0\0\0\0\0\0\0\0\0\0\0\0\0\0\0\0\0\0\0\0\0\0\0\0\0\0\0\0\0\0\0\0\0\0\0\0\0\0\0\0\0\0\0\0\0\0\0\0\0\0\0\0\0\0\0\0\0\0\0\0\0\0\20\15\12\27\10\19\31\12\13\7\34\15\9\12\20\12\6\10\1\18\15\16\11\13\32\22\25\14\17\27\19\13\17\10\14\26\18\15\22\11\39\22\29\36\19\25\51\74\205\272\329\494\553\570\515\356\359\379\288\205\78\75\201\242\292\360\288\357\518\498\488\515\524\578\510\414\462\460\358\291\283\286\239\198\288\391\375\395\468\451\392\392\453\479\360\219\258\374\431\501\539\513\522\503\439\469\524\556\611\606\576\585\554\537\569\596\609\543\475\486\415\284\274\298\218\132\113\95\132\255\263\299\498\644\690\506\236\154\116\67\67\37\14\13\21\16\14\46\49\30\12\12\20\17\30\28\4\19\24\5\12\8\8\10\14\20\25\22\27\15\11\18\16\20\15\1\17\15\19\24\29\34\5\24\16\5\20\11\17\12\4\10\0\0\0\0\0\0\0\0\0\0\0\0\0\0\0\0\0\0\0\0\0\0\0\0\0\0\0\0\0\0\0\0\0\0\0\0\0\0\0\0\0\0\0\0\0\0\0\0\0\0\0\0\0\0\0\0\0\0\0\0\0\0\0\0\20\9\11\20\8\8\21\12\14\17\20\10\6\14\17\23\12\20\22\24\20\18\8\1\18\17\13\12\34\21\8\11\13\8\6\16\7\14\9\17\22\16\20\23\39\23\114\277\316\371\531\587\522\410\351\471\448\233\109\62\130\225\221\294\368\327\356\498\598\589\529\470\419\364\296\241\267\344\344\280\261\252\254\276\251\251\342\378\320\342\427\405\342\357\283\137\218\338\327\399\492\446\362\376\434\374\327\441\475\392\435\529\574\606\540\503\556\511\500\589\541\438\377\287\235\238\247\176\77\115\144\164\279\317\428\629\571\383\230\117\95\61\44\45\21\30\40\12\6\7\17\16\11\18\15\13\21\17\19\19\32\26\14\23\23\7\16\17\17\27\39\21\14\21\25\9\6\24\20\11\14\9\6\11\18\24\13\19\16\22\11\11\0\0\0\0\0\0\0\0\0\0\0\0\0\0\0\0\0\0\0\0\0\0\0\0\0\0\0\0\0\0\0\0\0\0\0\0\0\0\0\0\0\0\0\0\0\0\0\0\0\0\0\0\0\0\0\0\0\0\0\0\0\0\0\0\14\33\18\13\11\25\26\15\19\23\11\24\22\9\11\18\11\17\15\13\7\21\23\19\7\41\27\23\11\10\20\20\20\10\13\15\9\22\25\40\17\16\13\35\61\180\315\361\456\576\557\494\388\342\503\440\158\43\37\199\359\253\311\447\419\443\459\484\521\505\441\286\203\220\204\214\245\281\312\299\291\294\280\280\305\298\291\306\276\259\298\364\360\265\228\187\166\248\311\378\370\260\260\287\275\285\268\286\318\323\381\430\495\568\503\466\503\512\525\469\475\554\481\428\412\265\229\297\246\108\60\109\158\279\385\422\546\588\476\343\185\113\81\36\39\30\13\5\12\14\31\15\9\12\11\17\10\7\11\22\9\10\18\34\26\23\14\18\10\9\8\9\8\21\16\9\15\4\11\31\22\14\19\20\9\7\14\15\16\11\8\5\0\0\0\0\0\0\0\0\0\0\0\0\0\0\0\0\0\0\0\0\0\0\0\0\0\0\0\0\0\0\0\0\0\0\0\0\0\0\0\0\0\0\0\0\0\0\0\0\0\0\0\0\0\0\0\0\0\0\0\0\0\0\0\0\8\8\14\8\7\11\27\19\25\34\13\22\25\19\22\16\29\12\12\20\10\19\21\21\15\23\18\11\34\40\32\12\28\27\6\20\24\11\9\20\27\18\42\58\201\382\439\525\585\507\460\419\403\453\319\72\42\111\194\309\234\293\621\683\573\534\486\478\433\380\309\211\243\263\242\291\300\287\294\296\301\262\248\284\297\295\290\287\297\241\173\276\385\301\223\257\240\249\354\371\262\180\169\141\106\154\199\155\138\177\266\341\290\264\319\367\406\379\362\398\399\413\470\541\558\462\344\302\288\274\198\84\88\200\331\387\401\513\555\492\440\304\167\92\51\44\20\19\20\41\34\17\17\15\3\6\10\25\14\15\10\22\21\16\14\17\12\14\18\35\10\32\29\23\9\25\34\31\39\31\11\11\9\21\13\10\17\15\23\3\6\8\0\0\0\0\0\0\0\0\0\0\0\0\0\0\0\0\0\0\0\0\0\0\0\0\0\0\0\0\0\0\0\0\0\0\0\0\0\0\0\0\0\0\0\0\0\0\0\0\0\0\0\0\0\0\0\0\0\0\0\0\0\0\0\0\31\26\18\13\22\24\17\24\38\31\12\12\16\17\11\18\21\31\21\10\11\20\19\12\18\11\25\32\42\15\13\24\21\26\19\24\19\34\34\71\37\47\92\245\376\373\516\598\459\436\428\423\496\282\63\92\257\273\298\314\489\627\459\488\591\453\418\359\257\266\249\258\293\294\290\287\292\268\261\273\272\257\242\249\269\307\330\309\306\334\309\239\234\253\255\217\192\279\314\296\289\169\146\203\175\184\210\223\244\216\202\228\228\224\275\298\271\276\258\240\272\303\373\445\434\442\502\461\337\289\281\210\131\61\65\341\482\404\430\463\475\471\316\193\130\58\55\29\17\17\24\15\11\12\18\11\8\14\37\28\5\10\22\22\9\20\23\6\4\10\17\15\7\15\15\14\11\19\25\23\23\20\15\13\10\10\15\17\17\32\27\23\0\0\0\0\0\0\0\0\0\0\0\0\0\0\0\0\0\0\0\0\0\0\0\0\0\0\0\0\0\0\0\0\0\0\0\0\0\0\0\0\0\0\0\0\0\0\0\0\0\0\0\0\0\0\0\0\0\0\0\0\0\0\0\0\11\29\17\21\16\24\11\35\19\7\16\8\6\11\24\17\13\31\32\6\8\12\12\14\10\17\22\11\23\22\32\24\20\25\25\13\21\21\25\5\34\112\280\374\432\572\574\459\433\466\514\453\165\63\63\255\303\316\437\531\636\608\383\285\324\338\311\224\244\300\284\304\305\274\268\275\290\282\261\272\282\266\267\290\301\327\353\354\337\292\310\350\265\147\123\166\235\247\227\224\218\208\224\263\264\246\248\243\238\240\266\307\342\381\390\361\320\307\271\158\123\185\217\258\308\318\349\458\509\400\325\275\167\113\48\34\271\497\503\483\448\441\491\430\283\164\68\51\46\13\18\15\21\14\15\13\23\16\13\9\10\9\9\7\17\21\13\15\6\6\23\33\28\25\14\8\12\17\20\10\22\26\12\11\12\16\16\22\39\28\29\19\0\0\0\0\0\0\0\0\0\0\0\0\0\0\0\0\0\0\0\0\0\0\0\0\0\0\0\0\0\0\0\0\0\0\0\0\0\0\0\0\0\0\0\0\0\0\0\0\0\0\0\0\0\0\0\0\0\0\0\0\0\0\0\0\21\12\13\23\16\6\8\9\10\6\4\4\5\23\13\29\13\16\24\11\13\14\13\19\9\23\22\21\10\14\20\16\23\35\47\34\29\52\41\38\150\295\388\434\584\659\492\372\459\554\359\58\107\196\220\212\344\523\686\606\418\354\289\262\231\174\222\281\289\321\324\296\302\300\274\256\256\286\310\296\267\255\284\310\318\324\336\363\351\335\372\409\433\315\98\131\250\192\186\225\218\276\296\278\292\293\279\271\267\277\307\316\331\391\400\338\289\271\269\240\163\138\203\204\150\197\248\302\432\479\428\342\290\283\169\43\42\232\459\444\466\499\487\531\451\367\280\103\67\54\22\32\21\6\19\3\17\25\26\12\9\18\19\22\21\22\22\26\15\5\14\8\21\29\22\12\20\19\21\6\2\4\18\30\15\12\2\13\10\11\3\12\0\0\0\0\0\0\0\0\0\0\0\0\0\0\0\0\0\0\0\0\0\0\0\0\0\0\0\0\0\0\0\0\0\0\0\0\0\0\0\0\0\0\0\0\0\0\0\0\0\0\0\0\0\0\0\0\0\0\0\0\0\0\0\0\45\14\12\6\16\12\18\23\21\21\20\14\9\10\13\18\16\20\13\15\21\33\38\16\12\27\12\11\14\26\19\7\12\6\16\33\41\35\27\92\250\359\472\619\646\486\373\507\585\261\83\39\180\231\299\403\505\586\531\463\442\298\203\202\152\199\278\270\299\311\299\289\268\290\269\224\269\313\314\296\267\267\279\296\332\346\342\359\368\373\405\399\417\446\257\82\146\154\149\263\324\316\309\307\307\300\280\268\306\349\343\340\358\367\376\334\276\276\256\249\276\224\191\231\226\200\172\148\222\335\430\473\381\351\363\198\66\54\164\406\389\438\520\466\528\513\360\255\123\55\61\31\30\5\20\27\25\13\8\14\18\21\25\17\11\24\25\28\23\22\5\8\19\27\14\20\16\20\7\3\9\18\8\19\14\16\22\21\31\28\13\31\0\0\0\0\0\0\0\0\0\0\0\0\0\0\0\0\0\0\0\0\0\0\0\0\0\0\0\0\0\0\0\0\0\0\0\0\0\0\0\0\0\0\0\0\0\0\0\0\0\0\0\0\0\0\0\0\0\0\0\0\0\0\0\0\24\7\5\18\19\24\27\28\12\11\26\29\16\6\14\20\12\16\9\11\20\12\10\5\31\24\24\16\16\20\12\13\21\6\46\60\25\19\85\240\327\438\640\631\459\366\509\595\254\104\133\237\162\282\503\484\377\324\278\279\259\174\166\162\165\257\307\293\308\299\279\293\300\285\249\238\304\345\329\311\301\305\304\320\360\364\345\338\356\357\361\357\355\434\316\85\109\194\243\294\298\323\320\291\291\279\276\283\308\317\318\361\359\345\359\323\279\260\244\253\295\293\240\227\283\325\281\208\159\189\333\448\430\344\282\296\237\67\86\156\431\426\448\495\459\512\485\349\264\143\60\38\33\31\19\10\12\15\19\9\15\4\5\17\12\15\12\14\22\15\22\16\15\10\19\22\21\13\27\19\32\17\7\22\23\43\29\30\22\10\18\24\0\0\0\0\0\0\0\0\0\0\0\0\0\0\0\0\0\0\0\0\0\0\0\0\0\0\0\0\0\0\0\0\0\0\0\0\0\0\0\0\0\0\0\0\0\0\0\0\0\0\0\0\0\0\0\0\0\0\0\0\0\0\0\0\10\14\12\11\8\8\15\12\15\26\23\10\16\14\6\4\16\14\10\37\23\18\17\28\12\20\19\26\13\10\5\8\18\35\32\16\7\68\165\289\448\609\665\490\355\533\571\157\122\85\174\239\442\480\374\308\247\193\169\155\163\185\186\177\179\218\280\327\321\289\305\312\308\278\206\259\352\335\319\327\316\318\318\329\358\354\340\356\371\369\369\359\370\405\301\100\79\217\304\318\303\309\337\315\274\258\262\285\302\316\334\323\326\363\351\310\288\272\271\277\286\291\283\287\281\279\317\333\302\248\220\233\355\465\377\305\267\182\126\87\72\435\458\421\475\454\567\543\377\325\195\61\45\27\20\24\27\45\5\20\12\13\20\15\37\31\11\25\17\12\19\27\26\6\9\22\33\11\25\22\15\20\11\8\18\24\21\22\44\25\8\13\0\0\0\0\0\0\0\0\0\0\0\0\0\0\0\0\0\0\0\0\0\0\0\0\0\0\0\0\0\0\0\0\0\0\0\0\0\0\0\0\0\0\0\0\0\0\0\0\0\0\0\0\0\0\0\0\0\0\0\0\0\0\0\0\1\28\16\27\20\12\24\10\10\32\31\16\31\13\14\43\28\28\25\31\26\32\14\16\30\19\29\12\11\19\18\21\24\16\40\18\45\132\283\404\527\687\628\368\473\576\199\87\107\123\298\533\420\309\315\257\189\145\125\202\283\258\277\264\173\204\286\308\321\312\305\325\333\268\245\319\359\342\303\309\337\316\327\347\339\350\338\336\362\348\329\352\383\400\297\104\78\213\301\327\340\340\324\301\271\244\247\276\296\299\326\345\332\364\363\285\273\287\272\294\301\274\267\267\303\333\314\320\333\309\279\219\205\331\470\450\299\167\216\165\128\109\367\475\509\490\448\562\539\402\285\121\50\46\27\8\17\12\24\22\12\8\5\4\21\36\29\19\14\18\8\10\18\8\9\14\7\26\21\39\22\33\17\23\38\35\17\19\34\22\5\8\0\0\0\0\0\0\0\0\0\0\0\0\0\0\0\0\0\0\0\0\0\0\0\0\0\0\0\0\0\0\0\0\0\0\0\0\0\0\0\0\0\0\0\0\0\0\0\0\0\0\0\0\0\0\0\0\0\0\0\0\0\0\0\0\11\5\9\10\11\10\13\11\12\31\26\13\10\19\10\11\17\10\24\15\8\7\8\14\8\18\38\17\32\35\26\26\26\34\38\29\94\253\412\556\690\662\371\396\512\123\101\138\137\271\471\301\236\359\279\157\158\171\210\268\297\296\283\309\293\207\211\285\330\338\318\339\353\290\297\343\335\337\332\322\334\329\318\328\362\360\318\326\344\332\334\324\355\404\291\114\77\210\364\396\377\367\349\324\299\295\285\286\314\311\310\310\323\372\338\273\293\306\285\282\278\284\279\252\280\321\339\335\285\289\337\323\283\234\239\380\445\333\153\123\171\80\67\323\553\491\411\477\567\522\398\257\104\35\33\28\32\24\30\29\33\36\17\10\6\29\12\19\16\9\6\18\16\40\38\12\11\16\12\8\14\31\31\12\30\48\16\11\28\16\18\18\0\0\0\0\0\0\0\0\0\0\0\0\0\0\0\0\0\0\0\0\0\0\0\0\0\0\0\0\0\0\0\0\0\0\0\0\0\0\0\0\0\0\0\0\0\0\0\0\0\0\0\0\0\0\0\0\0\0\0\0\0\0\0\0\13\7\7\23\12\10\23\18\42\12\10\4\17\17\21\15\12\19\15\6\19\24\15\7\5\16\14\22\29\28\39\20\31\48\38\55\205\363\481\663\674\405\385\465\120\123\54\187\356\439\301\230\295\229\116\133\167\203\265\280\293\322\333\322\293\270\211\223\325\346\308\313\330\339\342\340\322\323\330\303\307\317\314\346\349\327\320\322\325\318\333\344\351\351\251\103\53\229\433\407\363\373\348\342\339\324\314\309\321\332\328\300\334\366\292\276\331\324\302\273\260\286\261\258\304\314\321\308\304\335\310\296\327\342\302\215\274\405\336\166\105\151\91\93\274\594\437\345\546\600\504\411\220\58\10\14\16\18\12\19\27\34\20\14\20\12\8\7\25\26\9\22\14\17\14\14\27\21\12\10\7\14\23\10\11\24\18\8\12\19\19\24\0\0\0\0\0\0\0\0\0\0\0\0\0\0\0\0\0\0\0\0\0\0\0\0\0\0\0\0\0\0\0\0\0\0\0\0\0\0\0\0\0\0\0\0\0\0\0\0\0\0\0\0\0\0\0\0\0\0\0\0\0\0\0\0\19\15\11\15\13\10\10\13\5\14\35\13\23\31\26\11\10\27\20\5\13\11\8\18\23\13\10\16\27\12\20\14\29\47\41\153\305\449\654\753\496\372\425\161\59\119\151\340\481\296\230\245\206\214\235\241\259\289\295\277\299\318\324\322\280\310\299\203\283\383\320\287\311\343\360\347\333\316\303\311\313\307\328\335\316\314\319\312\292\310\338\313\350\369\240\93\64\287\486\386\329\365\329\309\304\293\291\289\298\304\285\298\356\337\274\292\314\311\306\304\283\251\272\304\321\342\321\308\323\321\325\333\317\332\366\297\223\242\283\301\187\96\179\88\124\313\685\413\315\606\614\456\344\150\48\34\26\31\14\14\22\15\11\10\3\11\10\7\16\38\28\15\18\15\24\31\16\24\16\15\15\13\21\10\19\12\28\22\19\25\21\17\0\0\0\0\0\0\0\0\0\0\0\0\0\0\0\0\0\0\0\0\0\0\0\0\0\0\0\0\0\0\0\0\0\0\0\0\0\0\0\0\0\0\0\0\0\0\0\0\0\0\0\0\0\0\0\0\0\0\0\0\0\0\0\0\43\24\19\8\13\17\12\6\6\31\27\13\6\20\32\19\4\7\8\19\16\36\31\16\8\26\38\13\15\18\20\15\57\35\135\291\422\605\743\586\397\375\103\125\144\222\293\397\284\189\185\248\359\349\296\333\367\358\331\310\343\375\323\316\321\312\358\252\191\356\400\335\313\301\315\336\329\303\290\297\292\305\316\295\283\315\332\276\255\329\356\293\330\371\217\86\123\288\429\393\353\370\345\308\281\264\251\242\247\257\260\290\350\353\315\323\318\309\335\301\230\265\330\337\336\307\291\332\331\300\312\326\334\335\323\326\322\285\264\249\214\176\149\203\135\123\351\698\343\336\683\595\426\288\118\17\21\17\11\24\32\26\39\19\30\22\28\20\16\13\24\9\19\21\6\22\36\11\10\33\39\14\24\11\11\22\33\19\15\14\23\30\0\0\0\0\0\0\0\0\0\0\0\0\0\0\0\0\0\0\0\0\0\0\0\0\0\0\0\0\0\0\0\0\0\0\0\0\0\0\0\0\0\0\0\0\0\0\0\0\0\0\0\0\0\0\0\0\0\0\0\0\0\0\0\0\16\4\14\21\19\10\4\8\18\15\14\20\25\19\18\2\39\33\14\19\23\25\21\4\10\30\17\16\18\22\21\52\76\77\208\331\602\762\601\348\265\101\108\100\286\351\268\226\232\242\329\412\404\349\299\329\343\325\339\342\345\361\347\337\337\300\344\344\188\225\380\344\306\321\319\339\328\302\285\264\272\298\308\294\303\331\277\208\255\328\346\328\336\334\244\137\111\255\388\364\362\397\374\362\339\295\267\261\267\264\271\280\300\349\340\307\306\320\352\279\199\311\359\314\338\323\303\327\325\322\307\284\298\331\343\329\324\307\315\339\224\146\210\168\157\115\221\290\737\321\290\677\569\373\253\68\12\25\34\13\9\11\27\49\47\9\18\19\4\5\26\36\13\24\22\14\6\18\32\37\7\5\10\14\16\10\17\32\38\19\11\10\0\0\0\0\0\0\0\0\0\0\0\0\0\0\0\0\0\0\0\0\0\0\0\0\0\0\0\0\0\0\0\0\0\0\0\0\0\0\0\0\0\0\0\0\0\0\0\0\0\0\0\0\0\0\0\0\0\0\0\0\0\0\0\0\17\8\18\20\15\12\15\8\13\4\15\16\21\17\23\24\17\11\21\20\16\14\26\20\30\18\22\17\20\14\55\99\37\167\349\550\732\680\431\252\99\82\42\263\452\340\148\197\314\396\432\373\385\416\366\320\317\346\357\352\349\352\371\358\353\338\293\353\327\210\288\344\320\331\302\304\332\299\279\279\274\283\290\325\337\248\220\282\281\297\337\326\356\353\266\183\100\186\354\334\281\327\360\380\377\331\306\296\258\241\266\260\282\327\315\296\288\335\341\227\239\338\327\313\328\307\328\356\323\300\308\313\318\314\339\373\364\351\322\319\345\233\152\223\196\158\61\158\338\757\361\397\719\498\427\344\66\33\28\26\15\5\21\40\44\22\8\5\18\20\46\33\12\11\23\11\6\18\28\31\39\18\14\20\27\17\12\14\20\24\14\15\0\0\0\0\0\0\0\0\0\0\0\0\0\0\0\0\0\0\0\0\0\0\0\0\0\0\0\0\0\0\0\0\0\0\0\0\0\0\0\0\0\0\0\0\0\0\0\0\0\0\0\0\0\0\0\0\0\0\0\0\0\0\0\0\13\19\20\4\23\17\23\23\15\20\18\14\21\15\24\32\6\14\35\15\10\20\27\41\20\15\31\13\24\21\104\104\137\313\487\727\778\521\320\123\98\106\289\369\352\168\157\384\458\366\362\399\386\366\350\320\305\335\353\349\349\354\367\366\344\346\312\330\392\300\253\337\348\348\333\287\310\313\292\273\243\270\350\380\287\218\270\298\293\339\343\298\336\360\251\150\116\149\236\289\324\356\352\346\356\356\342\324\287\252\253\261\264\285\317\325\328\364\309\219\288\344\302\300\313\324\372\366\288\284\331\312\312\325\314\363\376\360\358\328\349\342\206\179\268\191\173\125\145\384\649\353\527\678\458\357\152\34\33\26\14\21\30\33\13\41\31\15\18\23\10\13\11\29\34\21\22\16\13\22\22\31\26\18\34\29\13\16\9\30\32\24\0\0\0\0\0\0\0\0\0\0\0\0\0\0\0\0\0\0\0\0\0\0\0\0\0\0\0\0\0\0\0\0\0\0\0\0\0\0\0\0\0\0\0\0\0\0\0\0\0\0\0\0\0\0\0\0\0\0\0\0\0\0\0\0\12\8\3\20\23\14\30\19\24\35\16\21\20\16\17\23\10\11\12\17\10\12\30\23\19\18\20\7\20\74\88\64\221\407\537\706\681\393\139\71\92\240\370\355\214\130\356\494\391\344\385\381\343\333\328\322\327\333\337\337\347\345\350\359\316\321\338\307\355\363\275\290\356\358\321\308\335\323\298\279\250\318\393\338\272\282\293\303\341\394\387\331\342\336\231\154\158\174\160\189\264\288\318\362\374\395\395\362\328\275\237\256\275\269\273\291\345\387\317\283\349\348\307\293\297\311\339\356\308\282\325\318\292\313\310\331\359\344\352\357\396\390\250\177\245\224\153\187\128\130\347\500\333\631\566\291\320\123\56\20\20\26\19\12\11\28\32\10\18\13\16\18\15\30\35\23\24\18\17\3\6\25\38\14\11\10\14\8\5\20\35\26\0\0\0\0\0\0\0\0\0\0\0\0\0\0\0\0\0\0\0\0\0\0\0\0\0\0\0\0\0\0\0\0\0\0\0\0\0\0\0\0\0\0\0\0\0\0\0\0\0\0\0\0\0\0\0\0\0\0\0\0\0\0\0\0\11\31\23\26\35\18\25\25\17\22\9\8\11\28\23\17\21\11\10\6\20\30\23\27\15\14\10\16\62\94\78\175\356\502\739\688\345\144\66\69\180\306\337\262\90\228\477\387\321\396\379\348\307\297\322\333\368\358\319\329\352\352\327\309\302\322\334\306\319\355\320\290\328\329\299\314\307\284\281\255\283\363\350\299\294\295\315\350\370\408\411\362\332\253\176\198\205\170\209\284\281\241\237\266\302\327\352\373\364\324\262\242\270\272\247\257\328\377\337\310\333\315\276\280\305\305\307\346\334\284\320\347\317\316\324\340\351\337\358\343\370\426\276\211\297\254\218\145\127\55\117\388\505\406\667\583\308\207\41\61\31\14\19\25\11\13\43\50\20\9\10\5\11\7\15\31\37\16\29\38\16\11\20\16\17\15\37\23\6\11\25\30\0\0\0\0\0\0\0\0\0\0\0\0\0\0\0\0\0\0\0\0\0\0\0\0\0\0\0\0\0\0\0\0\0\0\0\0\0\0\0\0\0\0\0\0\0\0\0\0\0\0\0\0\0\0\0\0\0\0\0\0\0\0\0\0\46\23\13\25\32\35\22\14\12\30\23\19\22\30\19\17\20\24\18\11\31\32\18\15\20\9\17\53\78\88\104\255\376\718\823\440\97\42\42\212\249\273\362\177\105\366\471\386\351\360\364\345\293\286\316\339\350\330\318\346\370\346\311\307\307\307\314\290\295\344\349\326\318\310\311\311\278\268\280\264\288\336\319\292\311\346\356\354\373\392\406\376\279\189\180\175\143\247\412\455\420\397\355\268\223\263\303\350\399\384\313\251\253\290\278\247\280\353\355\321\304\279\268\293\315\328\326\318\328\332\311\306\325\325\316\311\305\324\343\346\357\372\345\275\251\263\286\196\80\150\84\126\489\418\436\808\502\164\135\32\66\18\13\35\28\30\30\32\27\16\20\14\11\15\34\40\19\16\8\9\21\21\14\20\11\25\20\17\14\27\14\37\0\0\0\0\0\0\0\0\0\0\0\0\0\0\0\0\0\0\0\0\0\0\0\0\0\0\0\0\0\0\0\0\0\0\0\0\0\0\0\0\0\0\0\0\0\0\0\0\0\0\0\0\0\0\0\0\0\0\0\0\0\0\0\0\31\15\7\6\10\19\4\22\11\8\9\16\10\17\32\12\15\17\26\18\16\11\10\14\35\26\32\51\71\71\179\230\516\884\621\192\43\65\148\407\269\193\314\165\92\316\442\391\364\360\309\311\340\311\310\321\307\325\328\333\369\344\319\313\287\307\318\277\288\334\347\339\328\305\275\282\292\280\293\296\290\316\310\296\320\330\340\362\373\383\394\418\340\181\144\113\161\392\471\393\395\406\410\389\325\300\337\383\390\351\299\273\294\304\284\264\251\305\339\293\278\295\298\298\295\311\318\308\325\326\309\314\323\334\308\263\279\328\367\359\374\387\311\286\245\178\270\292\140\166\231\108\87\443\363\467\748\446\129\75\47\27\16\14\18\20\20\18\28\14\11\9\18\14\20\16\11\30\21\30\34\26\2\12\15\21\12\15\36\41\17\24\0\0\0\0\0\0\0\0\0\0\0\0\0\0\0\0\0\0\0\0\0\0\0\0\0\0\0\0\0\0\0\0\0\0\0\0\0\0\0\0\0\0\0\0\0\0\0\0\0\0\0\0\0\0\0\0\0\0\0\0\0\0\0\0\31\16\32\9\15\8\21\27\12\21\8\8\28\13\9\20\19\30\42\11\9\13\20\42\54\30\55\59\55\91\174\393\779\834\369\62\83\119\410\449\156\232\302\145\108\253\423\416\356\359\329\303\292\303\301\280\301\329\327\312\324\338\312\295\296\302\313\308\311\312\311\312\293\308\320\294\282\285\291\291\294\318\330\329\307\299\320\326\374\395\382\433\352\194\117\82\264\448\389\372\412\394\380\362\361\365\358\372\383\366\308\266\274\266\270\291\272\277\290\269\280\283\270\277\282\292\281\264\267\289\325\321\303\317\295\266\298\317\334\370\366\363\300\260\269\169\158\232\178\155\305\280\126\120\420\237\503\738\249\61\81\85\50\33\19\24\36\22\16\21\11\11\22\24\19\10\11\31\15\23\21\13\17\22\13\21\25\19\15\14\27\32\0\0\0\0\0\0\0\0\0\0\0\0\0\0\0\0\0\0\0\0\0\0\0\0\0\0\0\0\0\0\0\0\0\0\0\0\0\0\0\0\0\0\0\0\0\0\0\0\0\0\0\0\0\0\0\0\0\0\0\0\0\0\0\0\25\15\16\16\39\15\9\17\13\14\15\22\24\26\20\20\27\29\21\12\19\32\25\31\23\44\57\81\55\128\303\660\825\513\123\43\75\201\609\351\114\301\193\111\146\171\353\450\388\340\350\358\320\309\298\277\289\294\292\294\293\313\326\335\313\274\285\294\294\307\274\257\288\319\329\299\290\302\299\289\290\322\341\332\333\348\357\364\397\393\415\439\288\177\134\100\309\456\398\392\357\328\365\342\330\368\371\351\364\372\320\267\264\266\262\284\292\286\297\287\283\288\264\284\297\257\254\256\251\281\292\288\292\271\254\275\302\327\329\332\361\329\271\262\258\167\118\186\191\235\337\355\185\104\208\424\336\663\681\159\56\39\76\36\10\13\24\20\26\11\9\5\20\33\30\14\16\27\17\14\20\6\12\14\7\18\13\11\5\15\16\17\0\0\0\0\0\0\0\0\0\0\0\0\0\0\0\0\0\0\0\0\0\0\0\0\0\0\0\0\0\0\0\0\0\0\0\0\0\0\0\0\0\0\0\0\0\0\0\0\0\0\0\0\0\0\0\0\0\0\0\0\0\0\0\0\25\20\24\10\17\21\21\18\13\32\24\14\13\17\32\19\30\15\18\3\26\26\22\19\20\19\69\70\83\218\423\788\728\212\63\42\61\487\453\102\223\224\134\144\111\170\236\303\393\389\347\340\371\329\261\287\293\269\277\279\280\283\290\306\302\288\274\268\274\272\266\276\291\312\321\303\304\314\304\290\282\301\331\342\358\378\379\387\417\393\379\391\271\158\131\133\302\437\412\362\321\313\294\264\283\308\327\335\323\315\300\290\290\283\274\292\318\299\262\257\279\289\272\266\272\262\274\297\290\276\279\270\263\253\253\295\314\328\352\347\364\312\235\241\210\142\99\158\234\236\339\407\324\128\88\299\397\451\773\407\44\102\58\45\43\20\29\21\18\29\30\15\11\12\23\17\1\20\19\29\17\25\36\21\9\23\12\18\29\27\18\6\0\0\0\0\0\0\0\0\0\0\0\0\0\0\0\0\0\0\0\0\0\0\0\0\0\0\0\0\0\0\0\0\0\0\0\0\0\0\0\0\0\0\0\0\0\0\0\0\0\0\0\0\0\0\0\0\0\0\0\0\0\0\0\0\17\17\23\23\16\16\34\13\28\31\21\10\16\17\15\12\43\29\4\16\28\26\35\25\31\45\70\44\146\301\667\829\412\88\113\42\305\593\221\57\224\192\182\147\135\216\207\186\224\305\391\385\335\328\284\260\297\293\290\304\287\278\285\295\293\276\263\263\266\262\278\295\297\320\328\306\314\315\296\299\274\258\327\371\369\387\376\381\422\379\342\333\213\162\169\109\245\425\419\393\391\355\330\292\272\288\282\267\291\309\286\277\284\285\288\302\311\298\270\258\277\288\267\244\249\266\287\307\293\281\289\277\258\258\296\326\320\316\320\331\316\273\281\277\229\263\270\178\133\152\288\364\332\259\129\66\417\271\478\680\197\37\78\57\63\48\26\39\11\13\18\20\20\10\17\18\11\8\14\15\15\35\20\8\17\17\11\18\13\22\12\8\0\0\0\0\0\0\0\0\0\0\0\0\0\0\0\0\0\0\0\0\0\0\0\0\0\0\0\0\0\0\0\0\0\0\0\0\0\0\0\0\0\0\0\0\0\0\0\0\0\0\0\0\0\0\0\0\0\0\0\0\0\0\0\0\16\27\20\24\16\15\11\18\13\16\13\22\28\20\24\31\25\24\45\16\22\37\24\19\24\44\49\92\178\448\906\666\212\105\33\321\645\262\62\184\168\167\172\164\171\183\214\173\123\169\259\368\393\331\310\317\297\294\274\276\304\292\305\317\271\255\269\268\254\262\294\295\308\326\304\305\322\330\330\290\269\279\312\372\392\376\391\409\408\406\393\303\148\130\200\116\151\409\469\399\402\370\351\349\312\301\298\278\283\289\260\252\296\317\302\298\293\290\291\258\251\279\266\259\275\278\301\306\295\308\300\270\267\274\286\324\329\312\331\272\159\214\314\312\312\345\346\306\230\144\156\265\334\330\128\87\315\376\311\664\409\31\73\76\53\24\21\25\17\25\27\28\20\11\22\15\23\28\10\17\37\26\31\16\15\8\14\7\2\16\13\33\0\0\0\0\0\0\0\0\0\0\0\0\0\0\0\0\0\0\0\0\0\0\0\0\0\0\0\0\0\0\0\0\0\0\0\0\0\0\0\0\0\0\0\0\0\0\0\0\0\0\0\0\0\0\0\0\0\0\0\0\0\0\0\0\21\13\13\1\39\35\19\15\19\14\15\12\6\18\10\13\5\11\11\18\18\29\35\34\23\38\50\121\294\736\898\423\152\117\108\358\390\102\103\176\149\215\313\361\350\327\312\252\220\239\177\147\309\399\358\360\327\294\325\319\307\301\280\290\291\265\265\274\276\288\292\290\302\311\306\306\337\350\310\284\286\291\319\355\363\371\397\410\393\421\435\296\189\191\159\110\104\231\383\397\403\408\369\379\363\319\323\305\271\276\270\269\303\318\324\323\307\312\283\248\263\272\273\279\272\287\298\286\299\308\300\292\273\276\298\316\322\306\290\246\208\268\323\331\336\345\334\321\362\305\150\186\270\253\162\52\118\391\363\525\517\97\30\68\92\43\24\6\30\10\35\23\6\16\29\18\17\12\21\34\19\6\17\16\8\6\3\7\12\13\34\20\0\0\0\0\0\0\0\0\0\0\0\0\0\0\0\0\0\0\0\0\0\0\0\0\0\0\0\0\0\0\0\0\0\0\0\0\0\0\0\0\0\0\0\0\0\0\0\0\0\0\0\0\0\0\0\0\0\0\0\0\0\0\0\0\14\17\16\31\9\15\29\22\22\20\16\16\15\16\11\29\24\29\9\10\6\35\46\20\39\63\74\129\466\936\709\278\186\72\213\335\165\152\126\61\243\393\413\420\436\436\387\347\328\317\318\239\171\287\411\385\336\299\317\373\358\301\298\316\287\264\263\260\278\295\287\291\304\313\317\314\327\332\308\305\301\297\335\349\340\357\374\395\415\442\396\273\307\413\272\94\116\177\197\252\331\376\402\419\408\379\360\336\305\277\258\263\274\298\325\317\301\310\312\279\258\285\302\266\260\302\292\275\302\293\292\304\264\282\356\354\314\304\299\291\323\340\322\336\349\366\381\334\354\403\279\115\127\306\316\98\68\214\261\437\602\334\81\60\33\29\19\40\16\23\17\25\36\23\5\9\14\22\10\7\23\14\10\16\22\17\16\7\41\24\4\15\0\0\0\0\0\0\0\0\0\0\0\0\0\0\0\0\0\0\0\0\0\0\0\0\0\0\0\0\0\0\0\0\0\0\0\0\0\0\0\0\0\0\0\0\0\0\0\0\0\0\0\0\0\0\0\0\0\0\0\0\0\0\0\0\25\7\11\32\18\27\41\30\9\13\17\27\21\25\15\12\27\19\11\31\32\17\42\18\77\46\58\208\676\691\292\265\193\59\273\374\287\174\55\153\367\393\358\388\396\385\400\392\353\349\355\361\309\236\313\393\359\327\289\310\363\326\308\303\275\280\282\272\272\294\328\340\318\295\313\325\301\316\326\296\306\335\339\359\367\366\376\358\415\442\318\320\416\482\467\228\71\171\195\181\253\319\337\340\369\383\382\396\359\278\245\258\263\278\297\272\270\297\292\290\292\266\259\274\301\329\294\254\275\302\285\262\266\291\328\360\365\349\322\323\339\324\304\311\335\345\353\360\359\391\360\229\144\242\345\213\83\192\159\249\639\562\147\52\30\23\7\53\29\24\9\26\23\22\12\27\13\28\26\14\27\12\10\15\25\11\10\6\19\10\7\23\0\0\0\0\0\0\0\0\0\0\0\0\0\0\0\0\0\0\0\0\0\0\0\0\0\0\0\0\0\0\0\0\0\0\0\0\0\0\0\0\0\0\0\0\0\0\0\0\0\0\0\0\0\0\0\0\0\0\0\0\0\0\0\0\12\23\17\11\10\17\42\21\6\14\19\25\17\45\25\10\8\14\16\21\16\44\31\38\93\64\207\510\811\452\198\323\117\171\368\295\285\151\100\309\387\375\375\382\390\358\362\381\359\359\366\345\372\378\317\321\350\337\325\303\287\319\312\284\298\305\313\308\286\306\325\311\297\278\277\294\309\307\272\287\338\343\360\386\386\407\410\388\402\387\363\424\432\394\494\415\88\99\292\303\299\339\350\394\391\329\355\423\395\328\283\268\264\259\285\273\250\288\280\280\324\296\271\294\306\311\296\274\284\304\293\292\292\295\329\345\363\346\310\346\348\310\319\313\311\334\340\336\344\367\388\339\229\176\282\336\127\150\241\143\508\693\182\44\51\50\36\22\51\20\13\20\26\6\38\42\12\21\32\20\19\24\23\25\33\6\15\21\12\14\23\30\0\0\0\0\0\0\0\0\0\0\0\0\0\0\0\0\0\0\0\0\0\0\0\0\0\0\0\0\0\0\0\0\0\0\0\0\0\0\0\0\0\0\0\0\0\0\0\0\0\0\0\0\0\0\0\0\0\0\0\0\0\0\0\0\7\14\22\16\9\18\35\10\5\20\20\17\6\13\14\13\19\17\40\26\46\71\13\68\43\98\211\722\809\342\306\275\146\303\286\276\249\83\221\385\361\392\382\366\370\340\329\323\325\351\351\342\360\385\381\347\329\322\308\314\317\302\296\292\298\307\292\305\321\293\279\274\254\263\277\287\291\278\264\283\328\357\380\394\390\390\414\415\369\383\421\416\412\397\495\413\76\150\375\324\346\403\405\436\423\375\357\394\408\344\272\245\265\279\276\267\259\270\280\279\278\293\300\302\317\298\281\302\303\296\289\287\310\287\283\340\338\314\330\330\310\302\292\288\299\322\353\355\370\360\345\372\287\188\275\375\232\117\254\154\250\699\403\53\52\39\40\19\30\31\27\17\12\15\24\16\16\9\19\15\17\12\10\13\20\6\9\18\2\13\23\21\0\0\0\0\0\0\0\0\0\0\0\0\0\0\0\0\0\0\0\0\0\0\0\0\0\0\0\0\0\0\0\0\0\0\0\0\0\0\0\0\0\0\0\0\0\0\0\0\0\0\0\0\0\0\0\0\0\0\0\0\0\0\0\0\24\11\14\12\21\15\13\1\10\13\17\26\26\10\18\42\32\24\26\21\32\11\50\99\65\89\312\856\559\242\373\180\202\312\183\240\126\84\361\434\362\370\374\379\352\323\333\320\314\330\322\342\366\344\347\354\329\308\277\288\334\321\304\304\306\314\304\317\332\302\291\288\261\265\286\288\280\263\258\275\313\371\387\382\395\406\425\395\350\396\420\400\396\425\449\261\68\244\384\338\383\409\402\418\387\391\401\378\394\345\252\251\271\266\273\258\251\282\292\276\276\290\298\302\319\314\286\296\305\291\302\315\330\308\254\280\314\301\301\305\304\294\284\306\315\325\388\388\369\369\315\381\361\164\238\397\273\86\180\273\181\480\563\132\16\63\63\32\31\13\28\14\17\14\17\30\12\17\11\10\9\8\16\10\20\10\4\8\10\17\15\9\0\0\0\0\0\0\0\0\0\0\0\0\0\0\0\0\0\0\0\0\0\0\0\0\0\0\0\0\0\0\0\0\0\0\0\0\0\0\0\0\0\0\0\0\0\0\0\0\0\0\0\0\0\0\0\0\0\0\0\0\0\0\0\0\1\19\12\25\17\5\13\15\26\49\27\36\10\6\27\28\18\17\22\32\44\6\72\39\40\128\676\739\162\312\388\156\281\232\179\208\74\188\373\395\393\375\365\361\319\311\337\348\335\292\310\357\325\304\321\313\307\294\291\318\307\290\322\315\298\327\334\329\322\296\287\268\256\285\292\288\290\265\272\300\307\346\379\389\413\421\411\393\388\403\403\403\391\424\436\223\69\276\422\374\396\398\405\443\413\399\400\394\390\330\271\265\278\281\275\270\258\283\295\271\292\315\314\308\304\318\309\297\313\306\310\322\298\280\270\270\275\276\295\308\309\300\303\311\313\339\375\355\314\324\325\368\392\215\175\346\322\106\74\290\227\255\510\243\38\30\37\12\20\49\36\32\31\27\17\20\8\8\14\21\12\6\12\8\21\9\6\6\10\22\20\3\0\0\0\0\0\0\0\0\0\0\0\0\0\0\0\0\0\0\0\0\0\0\0\0\0\0\0\0\0\0\0\0\0\0\0\0\0\0\0\0\0\0\0\0\0\0\0\0\0\0\0\0\0\0\0\0\0\0\0\0\0\0\0\0\12\18\17\28\15\20\42\28\19\23\14\33\19\19\44\30\15\9\15\55\39\16\81\40\19\335\809\390\144\407\212\194\276\104\194\210\131\252\376\410\382\373\372\353\327\294\298\328\321\295\305\314\288\294\320\319\320\317\314\322\294\287\315\309\325\331\304\327\335\290\273\273\281\307\301\273\283\294\293\296\276\282\347\399\397\374\362\358\382\399\384\414\461\419\346\217\73\221\443\427\406\414\371\380\407\401\390\399\365\299\286\277\279\304\289\282\293\283\278\291\293\287\302\321\317\324\331\302\290\303\296\308\325\291\271\287\273\267\277\274\297\317\306\300\326\340\315\316\311\308\297\291\382\296\142\273\428\252\37\181\271\154\436\377\33\26\54\56\20\40\36\30\9\27\12\10\33\21\33\8\10\18\20\18\28\14\13\16\15\9\29\18\0\0\0\0\0\0\0\0\0\0\0\0\0\0\0\0\0\0\0\0\0\0\0\0\0\0\0\0\0\0\0\0\0\0\0\0\0\0\0\0\0\0\0\0\0\0\0\0\0\0\0\0\0\0\0\0\0\0\0\0\0\0\0\0\15\14\21\11\14\46\32\17\29\21\31\27\10\18\22\18\20\14\26\40\14\51\75\31\41\587\728\187\298\342\74\241\180\14\198\240\217\291\389\415\380\375\360\363\365\322\288\300\324\320\313\295\282\299\313\312\296\276\288\293\286\308\317\333\350\314\299\323\309\284\283\294\308\316\307\286\302\313\290\295\289\264\317\385\398\400\382\374\392\406\426\437\409\296\176\151\115\192\429\480\420\417\369\342\340\320\344\348\309\291\287\279\266\281\301\286\291\292\272\294\312\308\309\294\288\305\331\313\298\347\355\336\346\336\326\312\295\296\307\303\288\298\321\327\312\281\260\285\301\312\305\289\375\330\141\162\345\307\34\123\341\222\326\468\132\19\49\80\23\28\42\23\25\62\34\22\31\17\16\18\10\5\5\21\15\16\25\26\4\17\27\8\0\0\0\0\0\0\0\0\0\0\0\0\0\0\0\0\0\0\0\0\0\0\0\0\0\0\0\0\0\0\0\0\0\0\0\0\0\0\0\0\0\0\0\0\0\0\0\0\0\0\0\0\0\0\0\0\0\0\0\0\0\0\0\0\35\14\10\16\33\29\9\26\33\5\22\10\13\11\25\45\8\21\56\31\14\80\43\31\248\713\398\126\411\209\100\241\86\45\198\285\286\308\385\382\365\341\318\354\359\337\305\289\320\317\284\279\286\291\304\300\281\274\282\298\294\289\321\320\305\329\338\331\317\281\279\293\289\294\302\305\305\298\303\300\285\288\296\322\371\383\376\387\395\410\435\413\321\214\184\148\102\259\458\461\415\417\400\378\348\321\333\337\293\268\266\266\280\273\263\287\295\290\298\301\304\298\295\291\286\305\329\318\320\368\375\340\326\309\300\311\305\300\319\322\315\308\294\278\261\280\291\277\297\301\300\312\355\346\156\97\263\306\123\59\244\314\226\466\338\30\33\67\57\28\40\20\18\34\35\15\14\12\10\14\15\8\13\20\12\11\16\16\13\14\9\28\0\0\0\0\0\0\0\0\0\0\0\0\0\0\0\0\0\0\0\0\0\0\0\0\0\0\0\0\0\0\0\0\0\0\0\0\0\0\0\0\0\0\0\0\0\0\0\0\0\0\0\0\0\0\0\0\0\0\0\0\0\0\0\0\19\12\24\21\11\23\14\22\20\10\24\19\25\25\42\27\8\15\44\21\43\68\27\44\486\706\243\317\405\114\168\149\29\99\228\322\304\350\412\372\351\341\329\321\329\337\307\287\271\291\321\305\303\302\289\309\314\300\304\296\288\313\317\296\326\358\341\329\328\309\285\276\286\290\291\306\304\288\293\305\287\289\312\301\297\311\314\328\352\402\424\396\388\316\194\128\112\273\452\451\442\428\382\369\334\317\336\332\305\282\270\272\295\297\286\286\282\301\311\308\306\291\306\307\295\324\303\304\340\314\334\345\302\302\293\289\313\319\320\322\344\338\309\322\302\287\315\337\338\285\301\311\302\381\201\96\288\271\208\63\132\406\224\333\543\158\32\31\71\31\30\28\10\18\30\23\18\14\6\5\19\13\3\16\38\13\15\20\8\10\15\32\0\0\0\0\0\0\0\0\0\0\0\0\0\0\0\0\0\0\0\0\0\0\0\0\0\0\0\0\0\0\0\0\0\0\0\0\0\0\0\0\0\0\0\0\0\0\0\0\0\0\0\0\0\0\0\0\0\0\0\0\0\0\0\0\14\22\14\25\18\11\8\26\30\15\12\4\13\32\28\10\12\32\53\23\69\70\41\158\665\618\325\468\235\26\175\105\52\126\283\362\338\372\392\387\357\320\327\303\313\349\313\286\294\304\307\304\297\295\304\310\298\293\305\306\308\306\300\320\324\305\315\327\318\318\291\265\281\286\293\320\311\301\300\300\305\284\304\337\311\295\302\318\358\398\425\425\422\371\249\138\96\281\483\438\404\417\372\347\315\308\310\282\287\288\270\276\285\287\289\291\283\278\289\313\329\309\294\307\318\303\290\308\317\307\313\317\311\303\291\290\322\374\374\354\350\353\382\382\320\294\297\327\362\332\327\328\314\397\233\46\242\272\255\154\62\379\369\173\519\324\45\49\57\54\30\26\35\18\26\16\12\6\30\18\15\19\35\17\34\24\12\17\33\21\13\12\0\0\0\0\0\0\0\0\0\0\0\0\0\0\0\0\0\0\0\0\0\0\0\0\0\0\0\0\0\0\0\0\0\0\0\0\0\0\0\0\0\0\0\0\0\0\0\0\0\0\0\0\0\0\0\0\0\0\0\0\0\0\0\0\18\19\11\18\17\18\25\14\18\27\13\3\21\17\32\21\16\32\9\38\64\9\14\279\759\497\337\417\124\73\166\74\59\162\345\368\328\383\370\353\339\315\319\326\324\310\286\275\296\291\261\272\282\280\294\297\301\308\306\304\300\291\300\314\310\314\322\322\326\302\274\285\289\280\298\309\301\298\292\296\298\265\270\320\319\288\295\340\367\367\404\436\434\437\382\226\77\218\471\453\389\430\405\377\344\295\304\316\292\259\251\272\277\266\264\269\277\288\288\308\336\312\311\330\310\321\351\345\340\323\302\327\346\314\292\304\298\296\336\357\354\363\362\328\317\331\315\299\338\364\325\293\314\416\292\20\153\254\221\231\106\145\421\207\403\464\109\35\44\39\36\16\24\26\23\20\19\21\16\9\20\16\24\16\13\19\18\23\26\20\16\22\0\0\0\0\0\0\0\0\0\0\0\0\0\0\0\0\0\0\0\0\0\0\0\0\0\0\0\0\0\0\0\0\0\0\0\0\0\0\0\0\0\0\0\0\0\0\0\0\0\0\0\0\0\0\0\0\0\0\0\0\0\0\0\0\15\2\6\9\8\26\20\18\13\4\13\19\24\13\28\41\14\34\12\52\67\24\82\489\721\356\359\295\51\103\99\78\91\185\390\375\334\377\360\339\316\327\348\341\327\306\290\274\283\303\295\294\307\309\290\292\322\324\318\323\308\306\311\297\313\324\303\301\304\286\260\240\264\292\298\318\308\289\303\297\280\271\272\277\288\315\309\321\362\350\381\427\412\423\423\325\147\140\384\495\437\430\415\396\353\284\293\297\270\267\266\270\275\285\296\273\276\308\303\302\307\298\321\332\305\310\325\328\318\279\289\316\286\278\301\303\287\293\325\326\338\348\303\305\340\326\315\315\333\342\325\339\322\353\330\73\112\264\197\244\108\50\395\336\346\519\180\27\34\43\22\9\19\23\10\20\22\24\11\4\12\10\15\11\11\30\33\20\23\27\22\23\0\0\0\0\0\0\0\0\0\0\0\0\0\0\0\0\0\0\0\0\0\0\0\0\0\0\0\0\0\0\0\0\0\0\0\0\0\0\0\0\0\0\0\0\0\0\0\0\0\0\0\0\0\0\0\0\0\0\0\0\0\0\0\0\31\17\13\9\24\24\11\17\12\14\12\22\20\26\24\24\31\53\12\54\38\31\199\639\588\299\302\139\75\97\98\174\75\175\404\356\335\360\358\374\325\305\320\324\315\283\279\305\334\358\345\320\328\328\323\336\329\323\341\347\331\309\300\310\306\280\286\313\305\286\286\265\242\277\333\343\322\306\282\266\266\271\274\268\278\301\286\281\320\342\375\403\378\369\413\379\197\118\277\424\400\367\373\360\328\298\288\269\242\257\278\261\268\307\309\310\302\280\313\309\265\281\290\310\328\285\293\300\266\271\266\275\301\269\254\267\281\326\339\289\295\345\313\294\340\339\310\317\338\354\343\341\347\319\304\164\92\288\286\175\101\19\297\407\281\446\251\65\11\40\45\29\22\25\27\12\18\20\16\13\10\12\16\10\14\34\40\12\9\9\14\28\0\0\0\0\0\0\0\0\0\0\0\0\0\0\0\0\0\0\0\0\0\0\0\0\0\0\0\0\0\0\0\0\0\0\0\0\0\0\0\0\0\0\0\0\0\0\0\0\0\0\0\0\0\0\0\0\0\0\0\0\0\0\0\0\11\20\28\7\16\11\11\18\17\11\28\27\18\18\18\27\33\16\6\53\41\37\380\677\444\270\222\87\107\73\130\196\40\171\409\361\329\345\340\349\334\328\325\320\298\268\294\326\334\342\335\322\334\341\343\342\320\303\323\332\315\320\318\318\333\310\290\288\282\285\273\270\260\273\361\395\380\393\333\270\267\267\283\300\284\255\252\258\250\289\341\353\360\379\395\348\208\114\197\362\384\335\339\334\298\268\261\268\260\249\258\265\269\319\357\320\286\299\312\293\277\289\291\286\297\304\293\285\298\292\293\330\332\302\306\326\297\284\334\321\280\290\296\304\313\290\293\321\322\341\343\323\383\349\278\235\75\160\332\221\152\65\167\343\245\334\341\54\24\28\40\22\7\17\32\22\11\8\14\18\11\11\10\11\17\7\21\19\6\10\18\23\0\0\0\0\0\0\0\0\0\0\0\0\0\0\0\0\0\0\0\0\0\0\0\0\0\0\0\0\0\0\0\0\0\0\0\0\0\0\0\0\0\0\0\0\0\0\0\0\0\0\0\0\0\0\0\0\0\0\0\0\0\0\0\0\3\21\9\26\30\27\38\18\30\31\7\15\33\14\14\20\47\22\43\50\50\39\524\703\345\230\170\82\137\91\156\239\120\126\326\406\345\329\344\332\331\335\347\323\293\310\312\318\346\334\333\331\315\332\333\338\343\300\307\324\288\301\329\325\334\321\280\266\285\292\241\230\260\259\343\463\486\503\485\371\279\272\290\269\254\269\264\248\259\281\306\334\335\337\388\379\240\128\180\332\379\349\341\331\314\285\260\274\277\270\278\259\283\379\415\368\315\293\288\278\273\269\266\284\301\306\286\268\265\284\327\340\333\335\327\329\325\327\365\360\314\285\272\298\309\286\305\311\302\339\341\351\403\331\262\287\162\148\323\236\138\111\86\243\247\270\411\182\43\32\37\13\20\16\21\23\11\28\11\3\9\10\7\7\14\13\9\24\51\17\8\16\0\0\0\0\0\0\0\0\0\0\0\0\0\0\0\0\0\0\0\0\0\0\0\0\0\0\0\0\0\0\0\0\0\0\0\0\0\0\0\0\0\0\0\0\0\0\0\0\0\0\0\0\0\0\0\0\0\0\0\0\0\0\0\0\29\29\19\21\36\41\13\13\12\5\11\27\25\6\20\37\26\8\65\60\26\135\619\594\190\203\135\69\190\142\139\229\168\98\207\332\325\315\340\335\340\341\335\332\307\292\311\325\322\326\347\348\317\308\340\355\336\326\314\297\306\305\286\309\352\347\310\307\309\275\259\256\223\248\378\508\547\551\573\537\410\305\279\278\273\251\243\247\260\283\292\318\339\322\379\402\249\138\159\255\345\342\322\329\296\266\276\289\283\284\280\300\421\500\465\422\352\290\274\262\256\248\261\302\307\294\289\294\313\321\319\333\344\353\358\332\318\351\379\365\333\304\289\318\353\325\308\313\293\312\347\337\353\359\304\301\225\145\276\297\198\94\27\183\222\190\392\283\27\16\34\30\28\22\25\14\5\17\9\17\19\17\12\8\8\9\14\15\31\12\10\21\0\0\0\0\0\0\0\0\0\0\0\0\0\0\0\0\0\0\0\0\0\0\0\0\0\0\0\0\0\0\0\0\0\0\0\0\0\0\0\0\0\0\0\0\0\0\0\0\0\0\0\0\0\0\0\0\0\0\0\0\0\0\0\0\17\10\9\28\25\13\31\16\10\9\13\15\21\14\23\42\34\24\66\31\33\250\750\470\97\203\81\113\236\157\176\174\176\172\137\259\319\282\337\363\354\360\339\333\319\308\342\332\318\348\347\345\342\335\342\331\336\329\274\273\314\315\306\350\392\371\339\315\296\301\274\220\213\262\351\490\588\622\644\630\550\437\330\283\290\276\261\265\251\253\284\309\326\323\342\375\294\165\142\236\339\349\309\311\287\256\278\283\285\307\339\448\557\561\522\471\387\312\272\264\257\252\268\281\289\276\282\328\355\361\359\337\328\351\384\363\329\344\348\347\356\306\280\324\341\320\305\309\314\294\292\311\335\392\388\323\213\137\255\300\192\106\31\152\197\125\420\435\75\37\3\23\18\9\14\28\22\23\11\10\14\18\12\7\12\17\8\5\11\12\10\14\0\0\0\0\0\0\0\0\0\0\0\0\0\0\0\0\0\0\0\0\0\0\0\0\0\0\0\0\0\0\0\0\0\0\0\0\0\0\0\0\0\0\0\0\0\0\0\0\0\0\0\0\0\0\0\0\0\0\0\0\0\0\0\0\6\20\12\25\27\12\22\29\20\18\13\10\6\20\32\66\24\34\60\18\19\465\789\289\115\217\55\174\290\172\203\210\188\170\121\180\292\318\313\343\384\384\348\328\323\318\340\347\335\360\377\374\368\346\343\373\352\288\259\250\273\312\321\352\370\345\329\309\320\334\285\262\251\235\311\459\580\662\709\659\559\512\446\332\278\290\297\285\262\247\259\292\325\315\335\397\304\162\160\214\305\371\333\310\312\305\293\291\325\361\392\425\498\599\591\506\411\302\268\270\243\266\291\267\270\286\295\329\349\378\391\300\283\350\321\299\321\312\331\352\353\345\302\290\334\360\359\326\315\327\317\297\298\357\377\333\254\161\223\293\206\109\17\144\286\131\366\560\167\31\27\59\26\10\33\35\10\6\7\13\17\17\18\18\30\36\18\6\6\4\4\6\0\0\0\0\0\0\0\0\0\0\0\0\0\0\0\0\0\0\0\0\0\0\0\0\0\0\0\0\0\0\0\0\0\0\0\0\0\0\0\0\0\0\0\0\0\0\0\0\0\0\0\0\0\0\0\0\0\0\0\0\0\0\0\0\32\22\13\18\27\22\29\22\22\20\12\15\6\28\26\51\26\33\35\40\138\697\672\146\125\156\61\232\283\252\238\189\182\172\141\125\198\289\291\306\354\351\320\305\315\321\332\359\360\356\366\373\379\382\402\345\250\260\287\299\350\353\343\374\388\361\322\302\292\290\282\275\273\259\313\454\552\628\742\686\502\447\436\376\339\299\286\296\275\259\254\280\329\332\339\388\291\159\196\184\191\338\366\316\313\314\317\319\335\326\312\347\429\581\638\528\407\296\253\292\299\297\334\317\281\311\331\350\408\400\390\364\268\276\329\328\317\294\331\370\355\342\326\330\356\365\357\319\312\346\346\322\306\338\398\379\260\121\144\318\237\82\46\91\293\183\187\595\387\70\22\47\44\39\27\29\7\10\20\7\7\12\10\8\15\18\25\9\13\16\11\11\0\0\0\0\0\0\0\0\0\0\0\0\0\0\0\0\0\0\0\0\0\0\0\0\0\0\0\0\0\0\0\0\0\0\0\0\0\0\0\0\0\0\0\0\0\0\0\0\0\0\0\0\0\0\0\0\0\0\0\0\0\0\0\0\22\21\15\8\29\27\25\17\11\31\19\15\14\20\45\37\29\29\23\24\269\888\555\90\119\107\87\204\206\277\309\244\203\160\148\160\147\141\210\322\350\332\330\310\317\362\358\361\368\336\342\353\342\344\300\220\199\244\314\361\358\365\389\391\399\397\358\310\303\320\288\271\280\255\294\441\554\598\687\726\555\390\364\319\312\341\314\299\296\281\287\293\309\336\355\370\266\157\201\167\137\311\389\322\315\332\348\359\317\274\299\359\445\579\640\551\413\295\241\282\338\342\347\358\356\359\342\352\408\394\366\408\350\240\273\357\362\335\331\362\368\342\332\338\356\364\334\305\314\338\365\360\315\356\433\382\231\122\141\296\245\101\80\39\198\241\110\457\532\148\58\28\42\20\17\13\7\16\19\12\30\26\11\20\29\31\32\15\21\14\11\10\0\0\0\0\0\0\0\0\0\0\0\0\0\0\0\0\0\0\0\0\0\0\0\0\0\0\0\0\0\0\0\0\0\0\0\0\0\0\0\0\0\0\0\0\0\0\0\0\0\0\0\0\0\0\0\0\0\0\0\0\0\0\0\0\40\24\13\21\14\4\5\12\21\8\21\22\30\27\57\23\29\23\22\88\521\932\331\36\131\87\106\142\158\239\277\302\255\160\139\153\157\139\137\216\361\387\323\333\341\341\359\339\322\338\355\318\239\220\206\193\247\317\359\364\353\371\374\369\377\384\373\333\341\351\294\294\290\224\259\387\493\569\616\676\663\500\399\372\307\305\352\339\300\292\311\309\318\337\352\365\260\172\174\118\208\394\374\317\329\344\373\350\278\278\334\375\468\611\637\526\392\287\237\254\314\345\341\347\379\380\348\365\387\386\385\354\337\309\261\299\344\340\356\375\358\346\358\342\338\357\344\338\312\282\355\393\350\364\410\373\215\107\158\281\263\109\59\41\124\231\100\327\622\233\134\39\33\29\21\38\44\28\19\10\16\24\17\13\30\60\28\8\7\1\5\30\0\0\0\0\0\0\0\0\0\0\0\0\0\0\0\0\0\0\0\0\0\0\0\0\0\0\0\0\0\0\0\0\0\0\0\0\0\0\0\0\0\0\0\0\0\0\0\0\0\0\0\0\0\0\0\0\0\0\0\0\0\0\0\0\46\21\4\20\10\19\12\18\32\5\31\11\26\35\46\39\25\19\54\173\722\813\184\66\144\107\194\179\149\225\270\299\305\208\141\193\188\166\163\129\243\341\322\326\321\331\348\311\301\311\266\204\208\246\226\247\354\387\350\356\365\354\356\364\367\374\380\370\354\325\285\273\278\243\230\301\401\476\493\476\511\565\535\426\332\342\372\378\357\324\317\327\358\372\364\365\278\192\135\132\307\405\346\337\336\347\350\303\278\281\345\413\489\635\625\483\378\278\242\259\292\339\336\331\333\331\375\391\383\397\401\366\339\356\305\268\346\355\324\359\368\338\323\341\342\318\308\289\293\311\307\346\378\385\412\313\131\117\172\220\261\149\65\56\71\187\136\182\542\383\100\98\45\4\26\27\29\24\23\25\12\15\29\23\22\43\18\21\26\9\4\23\0\0\0\0\0\0\0\0\0\0\0\0\0\0\0\0\0\0\0\0\0\0\0\0\0\0\0\0\0\0\0\0\0\0\0\0\0\0\0\0\0\0\0\0\0\0\0\0\0\0\0\0\0\0\0\0\0\0\0\0\0\0\0\0\15\12\10\6\6\16\8\11\26\17\7\10\25\42\48\43\23\20\71\231\850\641\77\113\120\93\224\200\182\236\246\303\296\191\143\180\186\135\146\180\179\240\317\313\314\313\283\273\251\224\218\231\265\259\256\345\390\357\335\321\320\335\343\341\334\367\415\391\337\317\320\294\251\238\234\247\323\368\358\359\358\421\488\451\429\394\279\270\353\369\344\355\385\376\397\379\237\159\140\208\357\366\356\386\335\319\305\291\313\309\388\491\545\591\521\412\328\259\258\254\246\282\303\325\340\342\362\370\373\363\358\365\333\375\385\231\246\398\382\353\374\342\313\333\343\318\316\317\319\360\342\288\318\376\269\122\141\185\207\244\274\225\102\62\48\124\175\97\367\475\83\118\38\24\9\7\26\28\20\11\17\34\40\16\20\18\24\20\4\7\6\7\0\0\0\0\0\0\0\0\0\0\0\0\0\0\0\0\0\0\0\0\0\0\0\0\0\0\0\0\0\0\0\0\0\0\0\0\0\0\0\0\0\0\0\0\0\0\0\0\0\0\0\0\0\0\0\0\0\0\0\0\0\0\0\0\19\25\16\0\4\15\43\27\33\16\29\26\41\34\20\22\19\27\85\374\907\440\60\147\97\78\219\180\210\294\264\246\224\183\148\114\145\191\179\195\190\166\172\205\246\231\193\199\212\220\222\210\195\231\339\397\373\347\370\381\381\388\362\354\364\350\359\350\311\320\324\294\282\264\240\243\276\317\327\340\359\365\372\363\440\453\239\131\239\328\362\382\412\401\379\359\254\168\156\263\399\388\371\374\306\295\282\253\311\383\456\507\471\411\370\324\280\259\252\253\269\281\307\338\348\365\370\351\352\381\342\291\331\392\460\347\128\223\423\373\340\363\338\339\334\309\319\344\334\337\353\311\281\258\164\137\170\156\227\303\279\212\89\60\59\119\198\73\273\495\158\101\48\22\16\10\11\23\18\2\19\30\15\9\15\17\36\16\7\16\18\17\0\0\0\0\0\0\0\0\0\0\0\0\0\0\0\0\0\0\0\0\0\0\0\0\0\0\0\0\0\0\0\0\0\0\0\0\0\0\0\0\0\0\0\0\0\0\0\0\0\0\0\0\0\0\0\0\0\0\0\0\0\0\0\0\5\10\12\21\14\6\10\18\32\15\18\40\31\44\28\22\28\58\61\540\845\247\80\103\39\100\198\165\271\316\229\222\228\217\210\170\145\172\219\226\177\173\147\121\196\255\245\232\224\244\230\145\153\297\391\388\381\366\396\410\370\382\389\361\372\363\346\351\325\303\306\309\307\290\274\260\267\319\330\314\345\356\356\331\318\432\374\148\161\249\298\386\410\403\423\382\259\137\170\375\463\400\354\324\310\274\209\283\399\400\381\358\338\332\316\293\270\269\279\289\300\304\314\338\365\349\301\309\317\297\316\359\398\368\356\444\279\40\200\375\343\326\325\358\353\305\333\334\329\373\364\345\284\149\123\182\151\131\224\276\270\222\91\43\40\129\211\20\214\548\241\84\49\25\22\17\34\17\11\11\14\19\9\18\45\34\47\39\8\13\4\4\0\0\0\0\0\0\0\0\0\0\0\0\0\0\0\0\0\0\0\0\0\0\0\0\0\0\0\0\0\0\0\0\0\0\0\0\0\0\0\0\0\0\0\0\0\0\0\0\0\0\0\0\0\0\0\0\0\0\0\0\0\0\0\0\26\27\22\6\8\19\10\15\16\6\31\29\40\56\39\17\7\69\56\702\797\106\90\98\27\64\170\239\290\325\273\203\207\200\235\241\152\147\163\161\192\168\126\200\328\369\327\311\295\321\319\225\272\362\346\381\401\379\396\389\365\358\373\380\354\361\368\338\298\292\324\310\291\289\256\252\272\304\342\320\329\352\323\353\342\342\441\302\118\187\271\346\407\417\458\381\199\141\275\446\448\376\324\302\271\214\298\415\393\353\348\355\337\318\327\299\262\258\270\273\270\300\328\359\384\348\288\258\255\247\285\369\381\367\378\425\414\188\58\223\362\326\319\338\327\323\314\293\312\336\318\277\235\199\166\151\137\160\263\233\166\194\103\61\79\74\209\150\149\499\362\72\53\9\20\25\13\10\22\10\22\14\28\18\16\35\50\32\20\13\27\15\0\0\0\0\0\0\0\0\0\0\0\0\0\0\0\0\0\0\0\0\0\0\0\0\0\0\0\0\0\0\0\0\0\0\0\0\0\0\0\0\0\0\0\0\0\0\0\0\0\0\0\0\0\0\0\0\0\0\0\0\0\0\0\0\22\35\30\21\14\37\24\15\31\53\42\11\53\53\17\23\34\74\130\764\671\42\88\104\28\50\99\240\349\344\335\288\225\187\181\177\160\175\190\251\326\269\196\311\421\383\334\321\300\340\312\255\381\427\360\400\405\374\383\371\380\386\358\360\365\351\352\325\285\299\307\301\330\309\275\261\235\261\326\333\319\343\339\322\347\343\393\429\248\148\238\318\413\458\460\399\203\192\397\479\403\345\343\279\206\311\424\389\338\336\358\359\322\317\317\289\275\262\267\272\282\332\366\368\352\345\353\299\253\266\275\356\424\397\423\426\400\395\204\94\251\323\299\293\264\267\245\216\239\232\207\214\234\257\237\179\137\192\296\224\138\171\89\80\127\41\193\220\93\442\472\82\67\8\12\18\13\16\16\29\41\23\29\19\22\10\14\10\18\16\23\26\0\0\0\0\0\0\0\0\0\0\0\0\0\0\0\0\0\0\0\0\0\0\0\0\0\0\0\0\0\0\0\0\0\0\0\0\0\0\0\0\0\0\0\0\0\0\0\0\0\0\0\0\0\0\0\0\0\0\0\0\0\0\0\0\10\25\23\4\10\8\18\23\12\15\29\27\72\48\26\15\20\103\169\812\554\95\74\80\25\79\101\271\426\378\332\333\275\222\181\159\170\210\353\467\425\403\389\385\400\334\290\314\322\281\257\350\439\410\401\419\391\392\379\330\357\405\365\342\373\365\353\342\299\273\295\340\347\314\303\276\243\264\297\309\312\325\354\360\369\357\328\424\411\223\211\318\367\401\454\421\205\204\464\483\349\351\306\232\331\412\345\339\366\336\325\315\315\332\303\272\274\290\301\312\294\286\329\353\354\350\350\382\346\279\326\387\375\355\381\383\347\395\364\217\212\267\268\304\317\331\347\315\328\329\246\236\285\242\200\197\221\263\240\196\191\197\157\120\123\47\131\210\72\376\567\150\78\37\24\22\15\14\9\14\20\11\8\13\15\6\14\22\11\13\33\22\0\0\0\0\0\0\0\0\0\0\0\0\0\0\0\0\0\0\0\0\0\0\0\0\0\0\0\0\0\0\0\0\0\0\0\0\0\0\0\0\0\0\0\0\0\0\0\0\0\0\0\0\0\0\0\0\0\0\0\0\0\0\0\0\5\35\30\25\27\19\48\36\14\4\33\28\70\46\45\6\44\126\245\885\476\135\65\57\42\113\120\333\424\358\381\324\203\161\195\207\194\287\414\438\404\388\406\423\362\281\244\281\345\273\258\400\416\365\397\403\384\384\363\315\309\379\395\338\337\348\325\324\302\270\318\350\332\321\301\293\278\247\280\314\318\336\345\361\371\361\353\379\425\342\214\266\347\376\424\341\162\283\493\401\313\312\217\270\398\353\316\338\340\340\315\306\328\331\305\264\260\301\306\293\285\268\277\328\361\354\333\344\371\376\369\356\338\363\422\412\351\372\372\289\286\309\300\349\388\396\388\372\370\350\336\307\235\196\209\223\249\252\221\248\217\181\180\97\97\57\86\258\130\301\616\239\88\18\25\54\26\54\20\30\41\19\14\30\23\44\34\35\26\19\25\6\0\0\0\0\0\0\0\0\0\0\0\0\0\0\0\0\0\0\0\0\0\0\0\0\0\0\0\0\0\0\0\0\0\0\0\0\0\0\0\0\0\0\0\0\0\0\0\0\0\0\0\0\0\0\0\0\0\0\0\0\0\0\0\0\18\30\33\14\33\20\31\25\17\18\32\19\53\28\31\32\81\144\374\905\379\150\60\83\72\71\103\401\483\343\348\341\226\166\185\230\290\358\418\413\404\415\383\393\375\269\258\297\296\315\325\345\392\396\389\387\378\375\342\287\309\392\402\359\336\330\328\311\290\299\336\352\336\323\299\288\276\237\266\321\323\300\320\358\335\347\374\347\417\419\260\259\348\399\452\339\189\351\476\369\320\268\257\366\379\336\332\334\335\316\296\291\292\284\265\269\263\268\317\329\297\283\283\312\341\342\333\342\377\387\358\356\390\405\404\399\358\353\392\313\255\323\356\385\390\350\354\373\353\309\319\357\301\230\204\177\216\234\209\287\283\205\182\93\79\68\86\268\136\215\617\312\98\27\24\18\21\55\31\34\37\23\31\14\6\7\21\12\16\12\20\15\0\0\0\0\0\0\0\0\0\0\0\0\0\0\0\0\0\0\0\0\0\0\0\0\0\0\0\0\0\0\0\0\0\0\0\0\0\0\0\0\0\0\0\0\0\0\0\0\0\0\0\0\0\0\0\0\0\0\0\0\0\0\0\0\22\22\31\28\23\27\23\7\23\33\41\24\48\24\27\27\92\110\468\835\311\121\50\74\61\87\194\406\395\315\342\295\211\168\183\283\350\345\389\401\370\364\343\343\357\316\274\279\304\351\373\364\381\369\352\388\386\338\289\309\397\414\382\355\344\346\326\297\296\312\331\331\309\297\288\274\270\272\270\277\294\301\324\370\358\335\364\340\379\452\323\252\349\421\429\239\145\395\458\335\302\269\338\414\352\310\341\356\333\313\308\313\302\272\260\268\271\287\339\360\320\286\281\307\326\324\327\348\384\381\365\366\358\374\415\386\318\347\367\253\247\358\353\337\347\345\355\345\359\351\310\328\323\267\222\166\164\201\218\280\305\253\187\106\112\85\64\209\103\164\596\379\94\25\31\23\24\22\18\12\7\9\10\26\21\13\18\24\28\23\16\11\0\0\0\0\0\0\0\0\0\0\0\0\0\0\0\0\0\0\0\0\0\0\0\0\0\0\0\0\0\0\0\0\0\0\0\0\0\0\0\0\0\0\0\0\0\0\0\0\0\0\0\0\0\0\0\0\0\0\0\0\0\0\0\0\18\42\19\15\15\15\26\26\17\27\50\31\64\25\31\40\80\83\483\793\261\129\86\80\32\86\241\343\312\338\321\230\229\192\150\251\343\380\413\373\346\364\357\345\377\389\284\234\299\339\382\414\393\386\392\397\359\291\325\410\413\381\367\332\313\323\307\280\307\346\304\281\315\304\295\292\268\272\265\266\297\307\311\337\359\345\332\334\391\440\332\276\347\423\390\139\136\450\443\309\325\333\393\405\321\296\338\347\319\313\312\306\293\280\281\263\262\300\315\328\342\306\279\299\299\294\311\318\360\384\340\354\409\397\394\375\333\298\151\136\366\427\337\311\302\321\324\298\330\329\292\318\322\260\229\211\160\176\259\305\294\283\236\126\115\111\53\165\111\132\583\479\144\79\46\42\28\31\21\39\33\15\18\11\18\21\16\22\25\17\37\35\0\0\0\0\0\0\0\0\0\0\0\0\0\0\0\0\0\0\0\0\0\0\0\0\0\0\0\0\0\0\0\0\0\0\0\0\0\0\0\0\0\0\0\0\0\0\0\0\0\0\0\0\0\0\0\0\0\0\0\0\0\0\0\0\33\30\18\4\18\23\16\19\11\20\29\34\46\22\17\25\67\77\532\780\211\106\118\87\34\80\319\394\325\362\270\175\259\248\118\170\350\417\396\386\401\388\353\339\363\409\338\235\260\330\387\424\403\391\390\362\339\358\419\426\384\366\366\360\328\294\273\274\328\338\280\287\324\327\315\277\264\274\253\261\300\299\286\327\365\347\325\335\391\411\371\355\354\430\362\101\183\451\404\309\346\390\401\372\345\324\334\348\322\314\338\316\258\254\272\267\273\278\315\330\306\313\301\287\281\302\339\321\366\393\262\252\369\347\287\310\326\221\141\303\455\389\314\306\303\328\379\362\336\354\335\332\333\271\264\237\144\173\250\276\319\315\213\133\138\105\100\252\146\73\526\544\167\98\43\23\22\28\49\21\22\9\22\26\12\17\13\28\13\31\14\10\0\0\0\0\0\0\0\0\0\0\0\0\0\0\0\0\0\0\0\0\0\0\0\0\0\0\0\0\0\0\0\0\0\0\0\0\0\0\0\0\0\0\0\0\0\0\0\0\0\0\0\0\0\0\0\0\0\0\0\0\0\0\0\0\22\16\13\30\25\19\16\21\13\40\34\51\55\15\21\23\85\80\624\740\215\88\147\88\23\205\291\316\309\260\194\215\226\174\150\159\241\392\411\339\388\388\301\286\307\389\406\245\172\283\368\418\400\385\412\390\389\413\403\412\395\358\352\326\305\307\290\319\331\273\268\281\283\331\339\284\283\296\267\240\255\286\317\350\330\319\365\356\367\415\381\346\383\438\300\72\224\447\390\324\341\373\393\345\319\331\340\336\317\301\295\288\259\263\282\267\286\317\334\324\286\292\295\283\295\300\313\331\375\438\370\224\219\284\310\307\293\280\337\404\408\361\299\293\336\335\341\363\379\389\343\306\327\323\259\209\189\187\230\262\325\350\197\114\140\71\73\216\141\52\420\558\168\113\21\20\9\40\41\47\31\9\27\25\8\20\14\5\34\50\27\17\0\0\0\0\0\0\0\0\0\0\0\0\0\0\0\0\0\0\0\0\0\0\0\0\0\0\0\0\0\0\0\0\0\0\0\0\0\0\0\0\0\0\0\0\0\0\0\0\0\0\0\0\0\0\0\0\0\0\0\0\0\0\0\0\11\22\17\11\20\18\28\36\10\16\32\45\55\8\10\28\78\108\685\705\198\66\138\83\58\177\345\380\289\243\195\233\190\82\149\171\125\252\438\429\364\404\363\299\323\357\434\365\141\142\266\374\430\374\324\370\419\427\408\399\379\364\349\319\325\321\307\325\299\269\291\294\297\316\326\314\291\288\282\256\243\254\302\331\324\325\328\351\400\422\411\362\381\447\277\92\275\434\386\347\353\391\397\332\310\323\325\330\327\298\258\258\262\256\281\268\286\356\315\288\326\295\307\324\282\300\319\326\361\422\467\320\151\215\306\318\305\311\374\387\362\328\289\332\386\386\383\375\388\382\323\312\304\248\189\164\225\222\168\271\353\299\252\192\93\54\54\134\114\42\385\549\182\99\43\27\34\19\39\30\24\26\30\16\14\21\29\21\17\31\20\23\0\0\0\0\0\0\0\0\0\0\0\0\0\0\0\0\0\0\0\0\0\0\0\0\0\0\0\0\0\0\0\0\0\0\0\0\0\0\0\0\0\0\0\0\0\0\0\0\0\0\0\0\0\0\0\0\0\0\0\0\0\0\0\0\5\16\25\35\24\10\29\26\18\9\26\21\38\17\23\6\71\155\731\626\176\28\144\61\42\389\556\296\211\279\294\298\182\148\198\195\214\155\160\370\452\392\382\343\303\333\401\458\297\76\120\214\212\206\206\299\414\455\442\400\373\375\352\339\332\291\296\314\282\280\296\300\324\325\321\322\294\291\311\281\243\251\283\328\352\321\312\354\402\439\407\326\384\457\253\87\260\399\398\352\333\392\390\328\325\314\306\330\330\297\261\242\252\270\275\270\300\333\312\293\294\290\313\316\271\279\311\313\349\373\412\442\270\125\223\309\280\292\342\363\345\277\267\361\415\364\303\252\259\289\245\229\250\247\269\286\276\238\167\218\322\302\277\224\82\47\82\199\169\43\317\576\178\116\51\24\14\30\46\24\27\11\7\13\9\15\12\16\12\37\21\12\0\0\0\0\0\0\0\0\0\0\0\0\0\0\0\0\0\0\0\0\0\0\0\0\0\0\0\0\0\0\0\0\0\0\0\0\0\0\0\0\0\0\0\0\0\0\0\0\0\0\0\0\0\0\0\0\0\0\0\0\0\0\0\0\13\11\6\31\19\21\2\11\9\18\24\34\53\24\36\28\61\216\778\522\153\75\155\52\260\537\292\107\228\292\334\325\277\324\323\291\331\330\203\161\349\437\399\351\276\288\370\446\421\225\151\169\161\230\227\238\367\418\427\455\424\385\371\338\290\291\343\336\275\259\272\284\334\339\304\311\315\312\313\271\247\246\250\291\324\327\327\334\404\439\336\270\400\451\242\145\285\396\435\364\325\406\401\336\319\304\303\315\296\265\255\249\249\278\285\274\314\315\288\309\293\295\327\318\311\270\266\329\336\364\415\441\429\300\233\300\326\327\310\333\348\293\321\377\410\385\188\85\138\131\191\306\379\414\326\289\361\290\200\189\181\253\311\193\52\68\109\202\162\47\297\623\195\122\29\43\15\22\14\52\56\37\19\12\40\26\23\19\43\27\38\9\0\0\0\0\0\0\0\0\0\0\0\0\0\0\0\0\0\0\0\0\0\0\0\0\0\0\0\0\0\0\0\0\0\0\0\0\0\0\0\0\0\0\0\0\0\0\0\0\0\0\0\0\0\0\0\0\0\0\0\0\0\0\0\0\3\16\20\41\32\27\15\14\25\24\31\63\41\23\20\37\91\322\929\431\83\166\97\152\457\207\48\216\298\325\301\281\352\361\325\332\330\363\405\333\237\315\450\399\282\259\332\414\459\377\245\167\158\167\151\164\232\325\412\445\405\383\387\349\312\311\300\286\281\253\266\317\324\320\334\314\295\297\280\273\273\218\196\255\306\344\330\334\441\420\274\258\371\431\262\127\255\389\416\363\331\389\400\352\325\309\309\315\293\263\259\271\270\283\300\301\318\319\290\296\320\307\294\327\359\311\286\322\311\355\418\399\430\437\355\327\338\344\345\365\377\310\311\370\368\402\409\265\130\184\373\420\388\378\321\285\306\286\229\227\231\185\243\249\96\83\148\163\129\65\217\626\264\164\63\35\7\9\29\21\16\49\21\19\33\30\15\17\32\40\38\19\0\0\0\0\0\0\0\0\0\0\0\0\0\0\0\0\0\0\0\0\0\0\0\0\0\0\0\0\0\0\0\0\0\0\0\0\0\0\0\0\0\0\0\0\0\0\0\0\0\0\0\0\0\0\0\0\0\0\0\0\0\0\0\0\22\11\21\51\30\24\10\12\20\31\16\43\11\28\22\30\150\416\931\345\60\119\35\239\362\110\122\249\317\337\270\296\348\351\360\315\286\348\399\438\325\237\409\461\329\289\303\366\449\388\264\169\132\180\285\341\344\379\417\405\393\377\345\341\323\296\303\289\278\298\286\288\319\320\326\346\324\300\317\317\264\202\216\267\267\310\358\410\488\357\178\240\344\421\311\114\261\439\388\349\353\365\410\390\327\301\313\323\282\218\210\248\283\289\267\291\314\294\294\298\306\292\266\316\337\283\284\324\328\328\367\406\420\409\385\364\342\362\393\365\346\318\262\311\376\331\359\395\315\335\409\357\336\376\365\327\291\300\305\238\261\258\224\287\199\80\86\136\156\81\126\585\319\144\61\32\6\11\17\14\6\6\23\23\14\30\17\16\29\27\15\21\0\0\0\0\0\0\0\0\0\0\0\0\0\0\0\0\0\0\0\0\0\0\0\0\0\0\0\0\0\0\0\0\0\0\0\0\0\0\0\0\0\0\0\0\0\0\0\0\0\0\0\0\0\0\0\0\0\0\0\0\0\0\0\0\18\18\14\23\16\17\32\20\21\30\30\54\9\32\27\46\140\494\856\253\48\129\30\234\348\121\137\261\322\306\263\312\321\326\361\300\265\364\400\387\368\310\376\476\383\274\292\341\402\362\253\267\376\411\415\435\445\438\412\405\398\364\332\299\306\334\319\311\306\304\303\278\309\326\309\330\301\284\292\252\247\231\209\244\272\310\349\443\454\245\155\229\303\432\330\175\361\476\371\330\354\391\440\413\317\273\311\306\225\198\236\276\297\276\267\298\303\299\303\289\281\288\310\320\306\298\293\315\344\336\340\384\439\417\344\340\364\366\363\361\361\345\311\276\325\358\305\364\414\348\354\362\314\374\392\275\269\307\288\290\220\178\255\241\155\118\64\71\154\90\102\589\375\139\74\32\10\32\48\24\26\14\9\19\30\23\24\18\19\16\10\14\0\0\0\0\0\0\0\0\0\0\0\0\0\0\0\0\0\0\0\0\0\0\0\0\0\0\0\0\0\0\0\0\0\0\0\0\0\0\0\0\0\0\0\0\0\0\0\0\0\0\0\0\0\0\0\0\0\0\0\0\0\0\0\0\25\21\20\8\5\4\9\15\34\40\45\78\5\10\27\62\182\614\820\179\91\123\58\223\240\100\195\279\306\284\294\377\360\330\318\286\284\323\358\357\362\358\373\414\353\281\304\372\435\324\237\342\393\374\401\398\397\420\422\423\386\338\320\306\326\324\286\310\307\279\309\304\299\340\330\296\291\280\238\223\247\258\254\248\263\311\403\491\380\196\183\217\279\415\346\231\387\460\343\320\359\419\508\450\326\292\284\249\212\219\260\269\280\289\280\311\320\301\305\267\267\306\278\262\309\321\286\281\332\367\351\355\406\434\399\334\334\374\360\326\343\364\354\321\278\292\340\353\353\368\361\330\314\326\359\357\274\244\284\312\271\156\170\269\199\119\83\25\140\96\18\551\472\147\102\35\30\12\49\38\36\24\18\10\20\20\9\17\12\13\27\15\0\0\0\0\0\0\0\0\0\0\0\0\0\0\0\0\0\0\0\0\0\0\0\0\0\0\0\0\0\0\0\0\0\0\0\0\0\0\0\0\0\0\0\0\0\0\0\0\0\0\0\0\0\0\0\0\0\0\0\0\0\0\0\0\24\20\24\15\13\16\11\34\23\18\30\38\1\34\28\105\224\704\686\79\125\108\51\161\138\103\208\291\285\248\358\430\392\385\346\288\282\329\355\333\348\362\368\377\319\288\337\383\405\273\194\348\419\380\397\411\420\426\398\369\351\344\341\349\313\263\307\320\268\295\329\314\318\322\324\324\291\277\288\270\241\241\253\254\245\279\442\545\339\152\182\199\254\398\380\330\438\454\359\339\338\378\499\511\414\331\270\238\234\233\242\248\266\279\265\283\298\299\297\263\271\308\290\259\281\331\329\296\314\350\350\346\393\431\403\383\382\358\358\343\331\376\364\313\300\277\272\321\334\326\333\328\353\378\335\331\286\219\281\287\288\257\134\245\264\147\164\42\96\79\52\450\522\90\114\28\12\14\27\30\35\20\18\8\17\21\16\6\13\10\8\9\0\0\0\0\0\0\0\0\0\0\0\0\0\0\0\0\0\0\0\0\0\0\0\0\0\0\0\0\0\0\0\0\0\0\0\0\0\0\0\0\0\0\0\0\0\0\0\0\0\0\0\0\0\0\0\0\0\0\0\0\0\0\0\0\15\12\18\18\29\21\10\12\20\43\60\40\7\43\33\151\260\794\538\50\136\88\48\137\96\114\228\268\220\276\417\424\389\368\345\324\298\306\329\333\327\334\352\359\316\292\344\364\368\290\161\276\439\395\375\403\393\412\389\337\335\359\369\328\272\284\304\286\277\284\322\336\277\283\343\301\256\290\288\266\264\237\228\267\262\263\432\550\347\154\169\193\260\403\421\399\452\437\391\360\284\292\418\502\484\357\253\241\253\257\260\267\273\260\269\295\304\311\296\279\286\283\300\305\285\324\343\307\313\343\353\379\404\411\398\363\356\368\358\372\368\337\367\369\310\283\274\280\286\285\312\348\364\385\362\252\221\250\251\259\296\310\172\119\183\178\210\107\74\81\75\357\571\37\116\32\19\9\42\43\12\7\20\21\20\19\14\6\6\6\19\22\0\0\0\0\0\0\0\0\0\0\0\0\0\0\0\0\0\0\0\0\0\0\0\0\0\0\0\0\0\0\0\0\0\0\0\0\0\0\0\0\0\0\0\0\0\0\0\0\0\0\0\0\0\0\0\0\0\0\0\0\0\0\0\0\13\22\14\9\2\7\9\6\20\6\68\24\10\42\21\175\278\828\402\50\142\31\70\113\16\165\261\199\227\327\424\411\379\400\382\345\321\294\310\333\315\326\334\317\322\339\372\384\350\270\167\225\405\425\406\440\415\408\392\338\356\360\317\317\314\305\305\274\275\314\326\314\287\297\301\264\270\282\268\276\262\250\265\264\251\256\361\492\407\213\137\194\290\420\487\411\380\456\454\348\252\250\361\481\487\339\249\270\275\265\283\277\263\273\267\275\295\282\281\285\293\290\261\275\275\255\283\298\315\344\340\369\412\446\426\325\315\355\343\362\367\341\372\397\352\300\282\299\335\351\334\346\395\411\317\186\227\275\226\222\261\309\215\132\217\179\126\100\92\108\76\282\616\141\118\42\33\24\27\39\21\25\30\18\18\20\13\15\21\17\17\7\0\0\0\0\0\0\0\0\0\0\0\0\0\0\0\0\0\0\0\0\0\0\0\0\0\0\0\0\0\0\0\0\0\0\0\0\0\0\0\0\0\0\0\0\0\0\0\0\0\0\0\0\0\0\0\0\0\0\0\0\0\0\0\0\11\18\9\1\9\14\7\34\24\12\48\30\23\21\64\198\376\819\290\48\97\40\104\67\45\166\223\237\332\343\348\391\397\377\362\367\350\295\288\320\350\363\339\353\378\355\385\398\304\221\138\134\360\481\416\421\438\428\402\346\352\343\305\339\312\253\277\282\281\319\320\326\331\281\269\290\263\265\295\292\280\269\259\242\239\260\281\401\453\276\161\209\274\414\459\344\361\474\440\291\217\256\329\433\467\318\240\274\278\289\294\282\279\278\264\242\257\287\298\298\279\287\292\280\267\252\290\318\298\319\339\348\411\454\421\360\333\324\321\327\361\388\364\353\378\373\328\329\354\342\337\368\414\366\222\197\288\280\255\271\263\282\207\106\171\155\57\57\108\114\88\199\601\255\124\63\23\10\28\41\24\21\27\20\28\18\3\18\23\30\26\13\0\0\0\0\0\0\0\0\0\0\0\0\0\0\0\0\0\0\0\0\0\0\0\0\0\0\0\0\0\0\0\0\0\0\0\0\0\0\0\0\0\0\0\0\0\0\0\0\0\0\0\0\0\0\0\0\0\0\0\0\0\0\0\0\20\12\15\19\24\17\37\34\23\2\58\44\32\17\88\171\472\777\199\53\80\41\91\49\30\176\181\246\353\386\337\339\415\369\310\340\348\315\295\307\331\364\392\381\389\407\387\341\268\239\185\139\322\466\421\409\427\442\420\358\370\338\272\310\288\232\271\282\275\290\290\312\298\267\281\264\256\303\314\306\299\247\258\281\258\279\290\374\467\315\177\259\347\429\457\394\420\495\435\281\237\299\337\409\435\294\240\279\278\293\306\299\287\283\271\238\265\318\308\286\285\288\274\260\265\273\282\308\322\322\336\347\368\403\412\411\394\364\351\315\301\319\293\331\403\379\357\337\314\336\348\395\386\231\210\278\264\299\341\298\284\312\232\113\107\96\52\30\83\144\70\166\622\387\109\67\26\22\26\63\34\20\4\18\14\13\24\24\30\18\16\22\0\0\0\0\0\0\0\0\0\0\0\0\0\0\0\0\0\0\0\0\0\0\0\0\0\0\0\0\0\0\0\0\0\0\0\0\0\0\0\0\0\0\0\0\0\0\0\0\0\0\0\0\0\0\0\0\0\0\0\0\0\0\0\0\6\13\10\8\17\17\32\36\28\10\50\31\38\20\83\121\549\736\126\58\73\26\90\32\87\208\191\317\368\372\402\303\311\390\369\353\330\299\301\330\347\351\373\398\400\385\350\266\201\263\239\173\347\439\377\417\431\397\389\373\366\324\285\286\267\253\265\282\287\291\294\277\281\288\263\263\269\275\312\312\282\271\271\269\276\282\290\357\432\380\249\233\338\393\368\359\374\449\441\288\263\331\377\438\375\262\262\273\285\293\303\326\309\292\272\248\262\285\306\305\284\283\269\254\255\247\264\311\324\308\341\363\357\389\404\413\426\380\370\365\291\321\305\164\250\409\414\387\369\369\408\385\263\174\222\274\287\333\349\344\318\285\273\173\73\106\105\25\66\174\34\163\599\508\105\78\43\42\19\45\22\12\8\26\20\30\18\31\26\33\24\14\0\0\0\0\0\0\0\0\0\0\0\0\0\0\0\0\0\0\0\0\0\0\0\0\0\0\0\0\0\0\0\0\0\0\0\0\0\0\0\0\0\0\0\0\0\0\0\0\0\0\0\0\0\0\0\0\0\0\0\0\0\0\0\0\36\13\11\7\28\16\27\14\19\9\54\16\25\31\96\107\626\676\54\80\70\39\86\22\110\210\227\375\398\363\389\342\290\271\305\358\354\313\277\259\336\399\357\367\389\324\310\268\188\262\258\194\347\431\383\388\416\428\406\411\387\301\291\281\242\249\242\270\302\275\267\271\277\283\289\310\292\283\310\304\286\283\275\254\256\271\291\364\439\462\348\230\292\334\309\329\318\351\331\244\300\385\460\437\293\269\277\241\265\290\304\308\306\305\267\267\290\267\286\321\293\274\278\262\254\254\269\313\307\287\322\350\377\399\405\407\400\390\373\387\381\385\378\159\81\331\448\394\382\344\372\358\218\162\218\295\348\350\349\396\360\278\254\141\55\120\126\41\46\145\34\160\545\608\95\86\28\39\18\33\35\24\30\40\17\41\21\18\35\36\21\29\0\0\0\0\0\0\0\0\0\0\0\0\0\0\0\0\0\0\0\0\0\0\0\0\0\0\0\0\0\0\0\0\0\0\0\0\0\0\0\0\0\0\0\0\0\0\0\0\0\0\0\0\0\0\0\0\0\0\0\0\0\0\0\0\43\18\39\28\13\18\32\30\31\36\62\15\38\38\89\80\690\606\72\93\85\33\62\97\122\148\203\348\396\374\347\344\319\250\241\257\267\293\293\262\277\359\374\317\329\323\265\229\208\266\305\287\366\436\413\386\403\430\402\393\388\301\271\289\247\240\268\266\280\281\251\245\249\268\303\292\269\292\302\292\284\253\258\270\249\272\281\321\456\482\365\285\319\367\298\247\311\362\318\257\305\404\453\393\299\269\267\267\251\271\343\327\291\297\280\286\300\283\262\256\277\287\281\257\229\248\267\279\317\327\327\352\362\360\383\411\415\391\363\378\379\411\406\183\97\290\369\349\342\298\337\315\193\193\246\292\343\355\341\353\359\320\280\196\78\58\101\52\50\134\89\130\449\674\170\97\15\40\30\46\39\25\46\51\17\8\35\80\203\83\47\55\0\0\0\0\0\0\0\0\0\0\0\0\0\0\0\0\0\0\0\0\0\0\0\0\0\0\0\0\0\0\0\0\0\0\0\0\0\0\0\0\0\0\0\0\0\0\0\0\0\0\0\0\0\0\0\0\0\0\0\0\0\0\0\0\14\29\44\41\16\35\41\28\19\52\60\32\67\12\72\103\726\527\101\60\48\64\128\104\83\144\222\362\368\346\358\330\303\279\261\259\243\228\243\266\294\315\316\320\309\282\219\159\210\307\330\312\353\440\418\378\426\405\388\408\342\306\311\278\253\239\249\261\263\275\274\278\263\251\275\282\276\293\297\280\274\279\282\271\267\287\278\291\388\440\391\318\352\409\266\160\294\399\341\280\350\459\467\362\283\270\258\265\278\274\291\307\296\285\271\278\295\274\256\270\268\275\292\262\237\234\252\320\349\315\353\378\331\349\375\379\410\399\384\389\362\442\425\152\90\282\342\324\317\316\328\240\175\246\283\296\345\375\347\337\354\301\296\261\78\45\123\86\40\129\138\77\353\731\260\122\47\17\16\20\53\24\30\42\24\34\19\15\21\25\40\33\0\0\0\0\0\0\0\0\0\0\0\0\0\0\0\0\0\0\0\0\0\0\0\0\0\0\0\0\0\0\0\0\0\0\0\0\0\0\0\0\0\0\0\0\0\0\0\0\0\0\0\0\0\0\0\0\0\0\0\0\0\0\0\0\30\23\29\38\26\25\51\25\24\54\44\11\55\31\102\196\781\464\77\79\51\39\141\69\112\148\229\361\336\343\349\299\296\268\239\278\292\248\238\226\235\288\284\267\289\302\220\140\238\365\377\353\354\427\449\401\425\402\373\401\350\313\295\257\274\248\223\264\265\255\263\262\270\274\289\301\306\316\304\288\284\281\279\272\269\275\291\293\308\355\334\358\409\333\356\419\368\387\348\283\388\449\398\317\262\272\277\274\265\290\330\306\304\321\273\264\294\260\235\256\260\268\269\244\251\253\248\318\336\293\366\358\291\369\388\366\426\399\396\428\383\433\389\145\82\205\317\352\326\320\281\232\288\324\316\337\338\364\377\361\385\317\275\276\117\66\113\82\49\94\157\49\287\761\330\132\41\36\32\25\47\27\27\36\28\27\31\22\12\28\29\22\0\0\0\0\0\0\0\0\0\0\0\0\0\0\0\0\0\0\0\0\0\0\0\0\0\0\0\0\0\0\0\0\0\0\0\0\0\0\0\0\0\0\0\0\0\0\0\0\0\0\0\0\0\0\0\0\0\0\0\0\0\0\0\0\51\25\17\13\5\25\38\44\30\74\43\20\63\45\90\281\808\385\105\92\65\43\93\128\108\146\293\381\358\351\306\298\286\244\287\297\264\292\292\269\256\215\207\215\246\303\174\101\306\431\414\390\357\396\442\392\376\387\369\352\321\300\281\254\245\246\259\279\267\255\253\238\245\269\280\294\306\297\280\290\297\272\258\267\241\245\313\302\299\348\347\434\430\228\259\405\375\338\354\370\383\357\295\276\293\276\260\265\259\302\352\338\328\314\287\282\280\264\241\233\252\256\263\267\240\244\259\265\289\310\356\384\355\361\371\391\434\403\387\393\387\415\256\53\137\233\249\293\289\266\272\299\337\337\313\309\320\339\346\363\414\353\264\271\147\47\64\45\28\77\175\47\215\740\417\158\44\51\29\4\31\23\18\4\8\32\20\12\25\16\22\49\0\0\0\0\0\0\0\0\0\0\0\0\0\0\0\0\0\0\0\0\0\0\0\0\0\0\0\0\0\0\0\0\0\0\0\0\0\0\0\0\0\0\0\0\0\0\0\0\0\0\0\0\0\0\0\0\0\0\0\0\0\0\0\0\39\43\41\3\17\13\9\26\21\60\37\14\39\36\76\353\795\319\91\114\77\40\78\89\75\180\336\380\336\327\304\313\299\256\266\275\274\297\285\282\336\281\178\192\242\267\147\103\343\456\408\402\371\382\424\394\379\377\376\367\309\273\273\261\238\247\257\244\251\257\256\250\230\265\290\279\284\273\281\290\264\279\285\270\266\254\312\341\303\346\432\493\428\215\210\340\282\228\389\491\434\381\320\284\299\291\268\259\277\301\315\326\291\277\302\266\252\270\236\231\252\248\254\246\245\270\264\265\289\296\345\398\369\342\383\423\418\426\416\397\467\376\107\60\203\235\222\260\279\264\302\337\326\316\296\284\289\312\357\382\418\382\286\256\170\58\9\37\51\51\187\94\139\674\499\172\70\42\36\34\30\44\25\30\33\46\15\22\44\28\38\30\0\0\0\0\0\0\0\0\0\0\0\0\0\0\0\0\0\0\0\0\0\0\0\0\0\0\0\0\0\0\0\0\0\0\0\0\0\0\0\0\0\0\0\0\0\0\0\0\0\0\0\0\0\0\0\0\0\0\0\0\0\0\0\0\38\30\15\9\21\12\25\18\34\39\35\14\5\67\93\500\818\234\99\124\77\41\62\88\65\218\338\302\324\328\281\287\267\249\249\258\263\256\279\280\300\323\233\154\199\254\165\138\339\458\411\390\406\385\389\416\378\357\386\358\318\282\267\299\268\238\253\232\247\271\242\246\269\288\301\274\268\300\302\290\300\298\271\256\265\271\296\335\319\308\378\470\440\251\220\294\180\213\482\521\414\358\311\305\299\273\266\271\279\290\320\326\294\290\290\274\273\261\246\251\261\250\242\242\229\251\254\235\288\296\320\399\309\285\419\438\403\403\408\409\397\334\207\142\159\164\215\251\238\278\356\350\285\282\316\331\318\311\353\373\396\391\268\216\207\99\29\52\53\27\177\132\74\580\578\199\86\48\36\35\46\45\28\26\16\25\19\7\17\20\28\4\0\0\0\0\0\0\0\0\0\0\0\0\0\0\0\0\0\0\0\0\0\0\0\0\0\0\0\0\0\0\0\0\0\0\0\0\0\0\0\0\0\0\0\0\0\0\0\0\0\0\0\0\0\0\0\0\0\0\0\0\0\0\0\0\23\16\24\13\35\20\27\14\32\81\37\22\30\80\89\628\800\215\133\133\84\59\61\70\68\276\351\275\319\310\260\285\253\240\280\291\289\297\302\306\344\331\222\159\178\196\146\143\342\484\436\400\403\392\380\365\372\383\376\352\316\278\256\253\239\246\263\240\249\263\242\272\315\289\264\280\310\325\290\270\299\297\275\266\249\256\287\320\328\310\330\429\458\320\231\164\95\328\550\445\359\353\336\345\320\269\262\286\290\290\312\306\307\320\296\283\288\276\274\285\266\224\242\282\240\225\252\251\309\283\252\383\365\316\417\399\367\415\420\412\383\378\350\194\94\128\164\145\192\291\325\308\283\282\311\326\332\321\335\354\368\391\255\172\214\107\24\62\54\35\162\125\56\497\625\220\141\55\39\36\26\45\21\13\11\25\21\14\10\17\34\13\0\0\0\0\0\0\0\0\0\0\0\0\0\0\0\0\0\0\0\0\0\0\0\0\0\0\0\0\0\0\0\0\0\0\0\0\0\0\0\0\0\0\0\0\0\0\0\0\0\0\0\0\0\0\0\0\0\0\0\0\0\0\0\0\20\26\15\36\19\30\33\24\29\76\26\30\38\63\112\691\773\202\58\155\82\15\41\14\120\289\321\282\293\282\284\298\270\260\281\300\317\323\304\281\372\419\255\124\126\150\140\111\278\483\440\391\433\383\331\365\387\368\370\365\313\276\261\244\240\247\247\251\260\246\248\286\299\273\265\287\303\295\290\274\260\288\283\247\258\270\278\288\304\336\338\392\428\373\322\131\83\422\532\352\334\338\328\349\302\254\267\283\277\285\291\264\270\298\291\258\253\272\253\222\226\236\236\252\269\257\262\282\302\311\300\326\367\368\378\370\371\411\409\428\441\428\405\196\61\129\106\150\310\317\279\288\305\337\318\304\338\341\367\373\372\406\269\172\193\86\16\41\81\61\136\130\79\392\728\247\182\37\30\24\35\62\24\32\20\22\21\13\5\23\12\13\0\0\0\0\0\0\0\0\0\0\0\0\0\0\0\0\0\0\0\0\0\0\0\0\0\0\0\0\0\0\0\0\0\0\0\0\0\0\0\0\0\0\0\0\0\0\0\0\0\0\0\0\0\0\0\0\0\0\0\0\0\0\0\0\25\20\17\23\16\25\21\26\42\69\25\35\28\81\171\794\701\207\47\161\81\49\39\36\107\309\373\304\324\321\313\321\261\234\301\321\289\291\276\253\320\378\320\188\120\135\116\59\208\483\487\377\426\406\332\354\359\366\399\341\291\298\273\263\254\246\271\243\240\268\240\261\293\276\295\288\270\293\281\275\286\256\242\251\249\271\286\267\317\357\308\353\416\388\319\152\186\455\469\355\350\296\286\317\275\258\276\264\271\297\268\248\284\291\275\270\281\294\269\251\261\262\259\244\260\289\244\214\269\323\321\315\333\344\371\391\374\357\392\438\399\444\485\231\64\109\127\283\380\303\334\355\299\316\325\326\360\358\372\385\427\447\209\118\211\105\41\56\57\51\124\135\80\296\752\275\170\47\54\28\34\41\26\30\8\3\9\31\42\37\19\7\0\0\0\0\0\0\0\0\0\0\0\0\0\0\0\0\0\0\0\0\0\0\0\0\0\0\0\0\0\0\0\0\0\0\0\0\0\0\0\0\0\0\0\0\0\0\0\0\0\0\0\0\0\0\0\0\0\0\0\0\0\0\0\0\21\39\16\2\15\17\36\21\40\57\23\33\20\89\238\870\613\186\61\158\95\82\32\38\81\303\381\320\330\312\303\300\254\243\265\297\315\292\266\277\325\350\341\330\306\232\147\78\145\396\511\423\398\410\389\368\331\349\386\332\290\296\268\238\228\251\261\231\240\255\252\300\323\289\286\283\274\290\293\285\271\254\271\293\282\254\273\295\303\352\336\345\417\384\325\232\235\438\471\362\356\304\237\276\320\298\280\293\289\291\280\279\312\302\277\276\278\290\291\291\298\262\259\292\271\238\246\260\274\295\300\333\356\366\388\345\334\396\436\444\399\459\479\222\55\100\225\387\373\313\374\383\343\297\291\357\379\345\350\393\454\406\154\110\232\105\30\65\69\61\75\126\74\196\706\348\167\69\50\15\14\23\16\25\22\22\6\9\12\10\19\9\0\0\0\0\0\0\0\0\0\0\0\0\0\0\0\0\0\0\0\0\0\0\0\0\0\0\0\0\0\0\0\0\0\0\0\0\0\0\0\0\0\0\0\0\0\0\0\0\0\0\0\0\0\0\0\0\0\0\0\0\0\0\0\0\39\24\10\22\19\25\30\17\30\34\21\32\7\81\268\913\593\166\84\175\103\71\24\54\112\275\349\337\363\338\308\288\269\288\257\237\273\286\282\255\270\345\353\326\345\334\302\171\44\263\466\425\404\387\381\421\358\318\359\343\306\291\271\227\221\250\238\238\252\229\261\328\339\300\289\301\281\280\313\299\267\273\280\273\276\268\292\318\294\304\336\378\409\373\322\215\223\426\440\341\348\285\239\284\308\306\286\288\298\272\267\304\313\298\297\299\282\277\287\290\273\237\242\282\255\221\252\273\264\296\344\347\376\407\333\298\384\406\409\416\371\476\440\103\48\204\364\382\353\350\355\366\346\292\299\346\371\342\353\407\412\414\266\150\203\109\47\68\69\55\59\136\88\107\707\471\153\77\31\29\27\57\52\35\16\16\10\8\3\11\6\23\0\0\0\0\0\0\0\0\0\0\0\0\0\0\0\0\0\0\0\0\0\0\0\0\0\0\0\0\0\0\0\0\0\0\0\0\0\0\0\0\0\0\0\0\0\0\0\0\0\0\0\0\0\0\0\0\0\0\0\0\0\0\0\0\39\16\10\31\19\14\11\17\47\21\24\32\33\89\316\928\505\135\121\173\111\57\52\133\124\224\371\374\370\355\327\326\285\275\284\254\246\254\259\250\242\307\356\339\346\327\340\287\61\116\407\450\393\406\392\422\412\347\341\325\286\283\249\192\222\263\245\240\239\238\289\323\317\318\323\310\296\296\290\285\279\244\252\285\278\286\306\301\299\294\301\366\386\356\309\200\265\444\406\334\339\289\296\298\271\310\306\280\293\287\287\295\290\298\300\292\302\304\308\301\227\207\257\246\240\265\233\218\243\271\291\321\394\379\299\363\407\377\430\404\413\514\276\29\138\316\391\392\361\352\344\344\317\303\341\331\332\350\337\375\392\433\444\279\167\93\41\66\32\17\80\167\83\29\577\573\90\110\25\15\15\32\51\25\17\31\9\9\8\12\14\24\0\0\0\0\0\0\0\0\0\0\0\0\0\0\0\0\0\0\0\0\0\0\0\0\0\0\0\0\0\0\0\0\0\0\0\0\0\0\0\0\0\0\0\0\0\0\0\0\0\0\0\0\0\0\0\0\0\0\0\0\0\0\0\0\4\14\35\23\21\25\15\10\36\13\20\30\58\97\374\948\464\78\164\129\67\27\49\135\111\228\417\394\367\348\317\339\299\264\277\286\287\258\233\238\261\298\342\341\364\367\321\332\180\27\241\445\413\407\410\425\434\385\347\309\270\277\275\221\206\240\256\256\230\248\333\346\321\306\279\289\306\291\285\281\276\281\289\283\250\260\303\275\283\336\308\343\385\348\317\213\228\415\415\319\310\300\293\287\282\285\262\251\288\289\261\266\276\284\287\278\282\289\292\295\274\244\235\251\240\224\242\237\227\268\296\343\396\357\353\390\374\423\428\407\521\384\96\58\241\329\380\377\360\359\343\329\315\306\332\334\316\331\308\328\375\357\409\393\229\106\38\16\27\42\48\168\105\43\488\644\50\121\42\20\13\36\44\27\13\2\8\13\2\3\11\9\0\0\0\0\0\0\0\0\0\0\0\0\0\0\0\0\0\0\0\0\0\0\0\0\0\0\0\0\0\0\0\0\0\0\0\0\0\0\0\0\0\0\0\0\0\0\0\0\0\0\0\0\0\0\0\0\0\0\0\0\0\0\0\0\19\9\10\13\15\21\14\19\46\40\14\27\60\112\442\935\404\37\168\99\45\20\22\94\202\334\410\379\379\358\328\327\299\304\311\272\258\269\269\267\270\291\336\344\332\351\325\323\339\161\101\319\411\398\419\413\429\430\370\321\295\290\282\240\201\208\261\280\260\298\345\326\336\334\281\284\292\279\305\287\248\261\278\274\255\258\281\286\325\344\311\354\370\334\294\179\224\399\388\327\335\325\322\306\286\280\257\249\266\264\266\284\284\295\308\283\278\300\286\285\315\277\229\237\235\231\232\205\206\280\337\350\344\349\370\382\396\403\399\453\430\176\32\134\259\336\370\332\338\351\314\325\347\304\296\323\299\312\343\332\370\377\372\420\337\134\46\12\33\35\49\157\151\59\434\727\128\148\54\22\16\34\59\21\22\21\17\17\13\21\20\22\0\0\0\0\0\0\0\0\0\0\0\0\0\0\0\0\0\0\0\0\0\0\0\0\0\0\0\0\0\0\0\0\0\0\0\0\0\0\0\0\0\0\0\0\0\0\0\0\0\0\0\0\0\0\0\0\0\0\0\0\0\0\0\0\16\17\26\38\17\15\0\12\36\17\19\27\46\90\476\886\363\55\175\118\66\42\19\141\365\367\361\379\356\358\363\332\277\250\280\286\269\262\276\308\299\295\323\326\321\328\320\327\369\299\136\172\342\385\394\419\423\442\395\319\316\316\262\237\241\230\261\304\312\333\359\358\365\374\339\307\295\295\317\298\229\228\283\305\305\273\245\289\357\354\320\342\341\339\283\128\230\438\389\334\325\310\346\292\265\299\276\276\272\259\266\272\300\305\277\286\289\296\316\305\292\282\259\243\253\251\229\226\237\280\309\317\348\367\379\413\417\412\425\380\237\79\81\242\336\351\369\349\333\344\317\300\310\304\304\320\308\311\322\319\350\353\355\391\350\204\70\13\9\21\23\140\186\78\327\759\251\168\85\32\22\39\81\44\20\28\19\39\11\10\18\35\0\0\0\0\0\0\0\0\0\0\0\0\0\0\0\0\0\0\0\0\0\0\0\0\0\0\0\0\0\0\0\0\0\0\0\0\0\0\0\0\0\0\0\0\0\0\0\0\0\0\0\0\0\0\0\0\0\0\0\0\0\0\0\0\17\25\16\14\10\13\21\22\48\24\17\21\73\133\576\839\287\48\189\85\41\20\35\182\376\330\345\364\356\365\323\306\300\278\296\281\235\261\294\284\292\295\269\289\329\327\316\316\305\318\264\157\241\363\365\375\412\417\397\356\327\311\281\255\250\246\245\282\319\335\346\361\392\390\342\321\311\303\330\300\248\267\292\297\284\257\266\295\343\356\315\354\371\323\260\123\186\400\410\327\315\303\302\278\257\279\285\283\285\251\231\274\316\309\295\294\292\307\323\319\318\291\250\260\262\230\237\245\232\276\328\333\353\384\404\414\421\416\349\281\171\62\175\335\336\336\352\327\308\314\311\302\308\303\300\309\302\301\304\308\340\353\362\356\297\248\136\47\40\53\27\98\192\44\306\727\320\131\70\24\26\50\92\33\27\26\6\23\28\5\13\20\0\0\0\0\0\0\0\0\0\0\0\0\0\0\0\0\0\0\0\0\0\0\0\0\0\0\0\0\0\0\0\0\0\0\0\0\0\0\0\0\0\0\0\0\0\0\0\0\0\0\0\0\0\0\0\0\0\0\0\0\0\0\0\0\13\12\10\15\19\16\15\37\43\4\35\38\102\216\728\605\67\147\207\45\24\41\57\213\337\303\298\306\312\331\309\312\326\314\337\329\263\244\277\285\294\307\288\303\323\310\309\329\326\304\324\265\163\262\360\348\418\438\385\354\312\311\302\267\258\242\241\278\332\379\367\371\398\359\333\324\302\324\327\284\285\284\262\285\298\274\290\323\334\343\351\370\365\293\214\142\171\340\417\353\345\354\310\282\266\265\286\288\267\254\258\275\296\305\294\290\308\315\323\343\328\293\269\267\274\246\231\241\239\282\341\356\358\391\430\435\398\320\286\253\115\129\299\345\346\348\318\318\319\310\292\299\319\284\282\312\305\318\327\325\349\366\392\362\278\267\183\33\54\52\7\87\233\48\180\708\449\117\62\16\12\26\86\33\12\24\15\28\43\12\24\29\0\0\0\0\0\0\0\0\0\0\0\0\0\0\0\0\0\0\0\0\0\0\0\0\0\0\0\0\0\0\0\0\0\0\0\0\0\0\0\0\0\0\0\0\0\0\0\0\0\0\0\0\0\0\0\0\0\0\0\0\0\0\0\0\26\13\22\21\11\25\40\43\27\17\24\17\117\197\739\639\93\120\182\52\33\15\42\190\315\306\293\321\341\334\331\329\331\333\313\316\323\286\258\255\269\304\336\326\299\302\330\320\313\335\317\311\246\149\241\384\415\422\379\320\314\329\322\301\292\281\291\326\355\385\397\386\369\353\344\323\317\330\313\299\284\262\275\292\283\278\294\314\329\338\367\390\356\301\231\147\174\330\419\355\317\352\354\326\291\273\293\270\241\280\279\256\306\321\289\311\318\316\363\361\305\299\305\272\270\266\226\236\294\324\335\354\386\424\432\411\353\275\269\195\86\219\364\373\375\354\321\311\312\342\324\290\302\305\294\299\317\338\343\340\345\351\359\314\299\329\217\38\30\37\24\67\234\82\166\677\556\78\61\31\46\18\70\38\11\8\13\34\41\37\35\49\0\0\0\0\0\0\0\0\0\0\0\0\0\0\0\0\0\0\0\0\0\0\0\0\0\0\0\0\0\0\0\0\0\0\0\0\0\0\0\0\0\0\0\0\0\0\0\0\0\0\0\0\0\0\0\0\0\0\0\0\0\0\0\0\38\16\31\25\6\19\24\38\40\3\18\24\92\184\778\758\157\81\146\50\28\47\48\146\257\292\306\325\308\259\248\244\225\289\354\350\324\283\288\299\251\280\338\319\310\322\310\293\288\319\342\330\286\196\165\299\409\398\386\365\309\326\341\311\303\300\316\345\347\349\368\367\362\383\369\324\334\339\323\323\290\257\276\297\284\278\294\314\349\349\354\397\345\262\211\142\183\337\411\359\319\340\353\329\294\286\297\288\280\286\288\284\296\313\312\311\329\347\376\386\340\316\329\295\259\263\239\235\280\314\356\379\381\399\421\408\323\283\249\128\144\311\365\358\344\326\307\282\287\305\313\323\326\314\295\305\335\338\346\345\334\374\358\258\241\308\279\113\40\59\64\44\181\114\135\663\679\111\99\29\28\11\48\42\10\12\15\28\23\17\17\43\0\0\0\0\0\0\0\0\0\0\0\0\0\0\0\0\0\0\0\0\0\0\0\0\0\0\0\0\0\0\0\0\0\0\0\0\0\0\0\0\0\0\0\0\0\0\0\0\0\0\0\0\0\0\0\0\0\0\0\0\0\0\0\0\32\13\18\32\28\13\8\37\35\19\27\29\67\197\804\707\121\107\169\72\58\101\111\155\263\273\238\277\297\285\307\299\231\179\225\325\356\309\289\296\317\317\297\311\317\310\321\308\284\289\308\321\299\269\221\193\326\466\399\325\330\345\337\314\320\317\313\333\328\318\330\351\368\357\351\336\320\341\342\317\315\303\275\283\286\274\289\324\366\381\373\380\332\236\169\124\141\279\414\406\355\358\337\303\309\305\281\288\310\299\295\309\310\315\331\344\360\362\372\413\390\336\349\328\270\261\275\293\300\312\349\387\398\393\437\412\305\262\154\108\291\382\335\320\318\319\306\278\295\322\318\305\295\289\305\342\347\342\362\337\301\304\292\268\284\307\273\180\39\31\79\51\151\92\155\672\769\163\102\55\35\11\54\55\18\9\12\44\42\21\14\30\0\0\0\0\0\0\0\0\0\0\0\0\0\0\0\0\0\0\0\0\0\0\0\0\0\0\0\0\0\0\0\0\0\0\0\0\0\0\0\0\0\0\0\0\0\0\0\0\0\0\0\0\0\0\0\0\0\0\0\0\0\0\0\0\4\7\11\22\25\22\27\42\60\12\36\40\51\203\791\738\138\108\194\64\66\141\107\138\255\243\232\319\380\375\352\322\316\312\228\170\212\291\321\290\315\348\327\327\311\284\310\297\252\272\278\282\337\335\308\250\170\301\447\377\331\345\323\328\319\298\300\311\322\311\303\317\341\339\315\322\324\312\327\318\303\293\273\273\274\278\288\325\382\375\374\399\325\225\166\122\111\231\406\408\351\363\343\324\312\286\288\293\294\310\320\311\318\342\343\350\362\355\365\370\362\354\326\301\286\277\289\294\320\344\341\384\394\403\439\351\254\154\84\245\394\358\327\290\279\308\296\273\281\322\353\348\335\293\263\283\307\334\325\264\291\344\323\320\337\317\260\203\78\43\36\46\119\124\110\591\848\236\104\27\43\33\28\46\24\17\22\23\32\16\24\12\0\0\0\0\0\0\0\0\0\0\0\0\0\0\0\0\0\0\0\0\0\0\0\0\0\0\0\0\0\0\0\0\0\0\0\0\0\0\0\0\0\0\0\0\0\0\0\0\0\0\0\0\0\0\0\0\0\0\0\0\0\0\0\0\18\17\36\28\24\25\17\57\64\21\26\41\31\276\824\696\110\121\179\71\60\100\78\136\206\293\367\350\320\332\334\300\279\307\331\294\236\202\228\304\342\360\368\329\322\342\292\276\287\264\280\284\292\337\352\369\286\185\309\396\339\334\338\319\314\273\250\292\319\309\288\285\313\325\324\334\323\313\319\323\313\295\275\259\270\303\312\341\369\365\404\416\303\190\157\130\99\202\392\417\374\381\347\300\290\297\289\276\294\317\323\318\312\320\307\312\336\323\319\320\315\338\333\305\320\318\292\297\302\318\379\400\384\407\387\262\159\151\249\346\365\324\299\272\278\310\298\293\313\311\321\336\302\238\228\276\275\246\287\335\358\389\383\340\314\309\265\198\84\52\25\50\110\146\63\453\921\336\142\29\33\24\17\60\32\33\50\25\42\19\7\15\0\0\0\0\0\0\0\0\0\0\0\0\0\0\0\0\0\0\0\0\0\0\0\0\0\0\0\0\0\0\0\0\0\0\0\0\0\0\0\0\0\0\0\0\0\0\0\0\0\0\0\0\0\0\0\0\0\0\0\0\0\0\0\0\44\16\44\41\22\39\19\64\63\6\22\36\34\323\842\619\77\117\124\102\95\138\63\102\267\409\387\313\326\336\319\301\305\291\287\350\358\306\239\196\329\393\325\347\345\313\318\272\276\310\274\275\294\290\300\340\409\359\251\300\367\350\333\322\340\308\270\302\294\271\285\292\315\329\324\323\311\302\304\304\302\313\306\265\265\319\334\339\362\367\420\409\269\185\176\159\112\160\368\438\369\382\366\320\318\309\292\274\281\301\302\311\324\317\328\337\310\306\309\297\294\299\312\317\319\317\309\337\341\332\357\372\403\401\293\146\131\295\370\320\339\322\273\285\269\277\315\319\356\356\271\227\221\227\229\223\266\330\378\379\348\349\365\348\340\337\271\216\109\33\43\66\111\166\50\369\886\367\111\41\41\27\26\68\51\8\14\18\17\16\20\37\0\0\0\0\0\0\0\0\0\0\0\0\0\0\0\0\0\0\0\0\0\0\0\0\0\0\0\0\0\0\0\0\0\0\0\0\0\0\0\0\0\0\0\0\0\0\0\0\0\0\0\0\0\0\0\0\0\0\0\0\0\0\0\0\40\37\49\19\20\42\18\65\74\16\15\24\17\373\864\584\63\104\98\138\116\186\60\112\362\407\336\309\330\343\299\282\322\344\304\297\319\327\355\282\233\354\408\366\330\287\308\294\251\296\315\296\291\281\277\281\322\388\372\345\359\341\319\312\293\286\288\283\290\300\314\326\309\295\303\308\320\322\301\288\300\320\306\286\302\327\328\359\368\344\427\391\223\224\209\173\198\160\316\475\378\361\371\323\322\289\273\307\301\279\288\304\315\332\335\330\329\309\301\308\307\284\286\307\295\320\362\339\351\363\322\368\400\274\220\274\307\359\351\328\332\282\259\249\246\312\333\350\376\288\211\204\189\207\224\234\329\407\380\316\313\351\357\357\342\307\283\230\102\23\39\36\78\175\38\334\892\433\118\42\51\49\31\51\49\48\38\14\12\28\12\36\0\0\0\0\0\0\0\0\0\0\0\0\0\0\0\0\0\0\0\0\0\0\0\0\0\0\0\0\0\0\0\0\0\0\0\0\0\0\0\0\0\0\0\0\0\0\0\0\0\0\0\0\0\0\0\0\0\0\0\0\0\0\0\0\59\29\36\3\19\13\3\66\64\39\23\49\35\421\861\551\53\107\88\100\104\101\57\249\407\361\344\325\327\339\319\317\300\305\319\317\337\291\314\388\278\273\422\391\330\343\330\336\318\281\309\335\296\275\288\285\305\343\339\339\339\324\310\295\299\281\255\286\306\307\313\299\303\318\311\306\325\341\302\294\344\335\291\280\293\325\351\366\356\400\480\350\221\276\196\162\263\193\278\470\408\359\357\325\335\306\275\291\316\316\295\311\341\356\347\328\324\309\278\277\300\290\290\304\288\336\382\327\320\341\344\392\326\222\303\395\368\351\347\320\289\277\261\254\309\334\355\379\287\209\210\191\211\274\322\354\357\346\356\356\309\283\329\373\365\310\275\238\105\19\15\16\81\188\40\328\935\512\121\60\61\42\5\64\42\28\19\6\12\25\25\37\0\0\0\0\0\0\0\0\0\0\0\0\0\0\0\0\0\0\0\0\0\0\0\0\0\0\0\0\0\0\0\0\0\0\0\0\0\0\0\0\0\0\0\0\0\0\0\0\0\0\0\0\0\0\0\0\0\0\0\0\0\0\0\0\30\28\15\11\11\18\30\40\34\6\27\33\39\474\867\449\52\116\50\101\120\84\86\339\415\343\350\352\338\323\308\290\280\300\312\300\301\296\306\369\328\237\322\408\353\328\331\320\325\303\299\322\312\321\337\308\311\340\327\309\314\320\302\314\332\281\251\293\316\295\276\308\343\321\317\338\327\310\295\305\318\315\311\284\289\336\352\361\349\399\453\301\208\232\169\221\276\172\246\419\409\352\338\340\336\311\299\297\324\347\318\307\326\331\346\336\310\309\294\279\286\283\292\290\278\321\353\335\328\335\371\379\326\350\392\346\348\361\300\265\283\302\299\305\316\335\345\250\184\233\242\229\298\352\337\323\347\361\341\325\301\294\354\389\385\349\283\225\115\36\55\34\77\195\52\313\956\592\128\46\26\23\48\58\23\38\30\16\8\26\27\19\0\0\0\0\0\0\0\0\0\0\0\0\0\0\0\0\0\0\0\0\0\0\0\0\0\0\0\0\0\0\0\0\0\0\0\0\0\0\0\0\0\0\0\0\0\0\0\0\0\0\0\0\0\0\0\0\0\0\0\0\0\0\0\0\9\22\31\13\16\26\28\58\47\34\21\37\79\521\859\415\39\97\57\104\100\79\166\408\409\344\358\358\340\327\328\323\308\285\284\291\287\304\302\323\367\294\271\377\364\317\326\297\302\325\302\293\317\337\335\342\342\323\338\348\335\312\304\323\291\246\241\271\323\329\312\322\303\291\318\329\310\315\327\311\307\319\314\293\313\337\341\375\346\377\465\286\117\163\153\176\204\124\211\426\445\368\340\318\318\324\301\298\313\325\324\302\303\316\309\314\324\317\299\282\287\301\289\273\290\319\327\314\309\343\365\334\331\358\339\322\331\305\278\287\291\309\326\304\327\316\201\172\228\239\251\306\347\349\324\308\315\317\318\328\322\324\356\390\393\321\245\230\141\28\52\39\64\174\66\294\941\641\134\38\12\23\33\24\27\11\46\32\19\25\28\34\0\0\0\0\0\0\0\0\0\0\0\0\0\0\0\0\0\0\0\0\0\0\0\0\0\0\0\0\0\0\0\0\0\0\0\0\0\0\0\0\0\0\0\0\0\0\0\0\0\0\0\0\0\0\0\0\0\0\0\0\0\0\0\0\22\21\12\26\25\18\28\38\21\43\32\18\101\578\873\352\50\113\70\110\126\54\198\437\358\324\326\316\362\329\289\324\326\289\273\299\317\313\306\295\355\348\265\319\360\318\314\315\323\321\290\297\324\325\321\336\342\333\345\352\338\302\286\313\304\272\263\287\316\307\301\309\306\332\335\290\295\341\350\331\321\315\323\324\312\340\355\362\365\372\468\370\87\75\156\136\163\144\247\458\414\339\369\340\330\317\293\315\314\309\316\302\296\303\304\313\317\320\318\283\290\320\298\288\296\293\312\303\286\318\336\325\307\298\303\300\279\272\284\294\315\329\331\377\344\187\131\212\243\275\360\390\369\357\325\284\288\293\312\351\317\298\357\379\398\383\260\221\200\77\55\30\68\151\61\259\896\688\143\55\38\15\30\41\38\27\18\18\10\11\30\19\0\0\0\0\0\0\0\0\0\0\0\0\0\0\0\0\0\0\0\0\0\0\0\0\0\0\0\0\0\0\0\0\0\0\0\0\0\0\0\0\0\0\0\0\0\0\0\0\0\0\0\0\0\0\0\0\0\0\0\0\0\0\0\0\29\13\15\20\14\16\12\38\35\29\27\33\134\657\888\302\57\89\55\87\96\39\239\414\334\317\311\302\320\303\306\300\316\333\299\291\302\304\323\329\321\332\321\298\329\343\321\319\307\307\312\288\287\312\333\337\339\348\331\331\351\322\292\283\273\270\261\284\314\277\259\302\292\271\296\299\303\321\321\318\314\334\351\344\361\364\359\368\334\303\366\406\246\89\152\190\127\189\351\418\381\367\366\350\340\324\333\351\316\291\316\324\308\310\304\297\312\320\338\334\288\301\333\305\289\307\310\303\305\313\312\310\313\308\305\311\307\293\284\301\303\306\358\340\228\197\207\235\316\366\362\359\342\310\285\284\319\328\308\335\359\320\357\392\369\413\313\164\185\77\83\10\49\141\55\214\829\692\159\18\33\19\30\49\15\4\13\18\16\6\19\24\0\0\0\0\0\0\0\0\0\0\0\0\0\0\0\0\0\0\0\0\0\0\0\0\0\0\0\0\0\0\0\0\0\0\0\0\0\0\0\0\0\0\0\0\0\0\0\0\0\0\0\0\0\0\0\0\0\0\0\0\0\0\0\0\35\17\25\8\22\20\11\41\46\9\53\35\208\660\801\290\46\89\39\71\78\38\284\422\334\334\292\282\316\316\328\303\311\334\311\303\301\300\304\313\318\318\332\329\315\323\338\326\293\298\314\304\301\307\325\354\348\331\321\304\319\321\294\288\268\247\253\271\309\314\285\290\281\260\287\296\289\313\328\312\311\341\347\366\382\339\372\399\307\254\297\384\330\175\174\169\194\351\368\299\335\383\383\351\342\354\356\357\336\308\316\331\320\312\302\297\315\305\288\290\281\299\317\281\269\296\302\291\306\320\312\309\314\308\299\289\285\291\306\295\285\344\321\197\170\223\288\342\345\332\322\305\301\301\296\294\284\293\314\309\326\331\344\383\334\367\383\209\145\61\99\40\80\124\58\170\764\766\216\35\44\25\12\46\50\28\21\19\22\23\17\18\0\0\0\0\0\0\0\0\0\0\0\0\0\0\0\0\0\0\0\0\0\0\0\0\0\0\0\0\0\0\0\0\0\0\0\0\0\0\0\0\0\0\0\0\0\0\0\0\0\0\0\0\0\0\0\0\0\0\0\0\0\0\0\0\9\14\14\18\31\26\22\54\49\6\19\16\157\649\801\220\66\105\79\85\101\67\296\417\337\343\301\254\296\320\299\303\327\311\287\292\313\317\321\333\311\302\333\337\296\281\314\323\305\293\296\310\307\308\344\371\350\323\308\280\281\295\279\285\296\286\276\278\309\310\280\287\287\280\293\281\284\316\325\319\329\330\352\384\342\339\396\345\287\242\222\328\299\208\256\224\278\393\317\274\292\310\389\383\338\339\352\368\351\324\320\332\335\310\302\324\320\297\300\297\279\290\288\274\277\273\277\279\286\299\297\319\332\316\307\300\298\302\286\302\355\312\199\161\222\299\348\332\313\325\335\312\273\276\279\253\258\281\305\318\310\299\319\367\349\396\423\220\123\52\98\47\72\90\68\146\706\794\229\60\28\41\18\35\41\31\26\33\23\12\35\20\0\0\0\0\0\0\0\0\0\0\0\0\0\0\0\0\0\0\0\0\0\0\0\0\0\0\0\0\0\0\0\0\0\0\0\0\0\0\0\0\0\0\0\0\0\0\0\0\0\0\0\0\0\0\0\0\0\0\0\0\0\0\0\0\13\20\29\42\20\11\23\66\22\13\30\28\180\697\800\176\70\95\104\72\121\83\330\423\353\367\332\293\278\273\284\304\332\333\319\315\316\307\313\335\327\319\323\328\325\314\322\314\306\321\290\265\289\295\316\357\363\342\307\292\301\278\262\288\296\266\264\289\264\239\265\272\258\260\276\284\277\283\289\287\313\337\342\342\350\365\352\295\265\240\201\274\366\317\233\244\345\346\236\229\276\274\331\387\361\353\386\366\330\334\334\335\337\311\300\306\309\325\322\295\295\302\284\287\301\305\308\291\283\303\310\302\298\311\337\334\304\301\334\353\295\246\261\257\299\341\302\300\324\299\275\264\274\300\300\283\291\308\319\328\323\286\305\381\358\389\415\198\91\68\54\30\42\113\78\128\682\792\281\29\32\23\6\38\22\14\33\23\22\19\43\51\0\0\0\0\0\0\0\0\0\0\0\0\0\0\0\0\0\0\0\0\0\0\0\0\0\0\0\0\0\0\0\0\0\0\0\0\0\0\0\0\0\0\0\0\0\0\0\0\0\0\0\0\0\0\0\0\0\0\0\0\0\0\0\0\23\17\29\31\17\8\18\56\32\6\62\80\295\675\732\193\47\79\72\87\111\56\366\425\326\360\332\339\337\285\291\318\322\311\330\348\325\312\340\357\345\328\311\334\351\327\319\324\325\330\295\281\317\324\340\365\340\323\319\286\275\273\256\284\301\266\271\291\263\245\257\272\286\277\283\312\301\289\305\302\295\310\334\359\345\327\319\275\238\182\216\344\333\336\336\250\382\416\201\177\244\221\263\350\375\350\351\364\345\313\298\303\292\278\274\266\284\307\274\255\302\318\292\290\287\285\300\293\297\308\303\315\314\299\312\317\310\320\312\287\288\324\345\336\319\300\294\306\276\265\291\276\279\312\316\313\301\297\310\306\307\292\306\373\368\407\408\200\103\72\36\23\44\127\91\149\678\837\356\49\43\24\40\59\38\14\22\24\12\19\28\29\0\0\0\0\0\0\0\0\0\0\0\0\0\0\0\0\0\0\0\0\0\0\0\0\0\0\0\0\0\0\0\0\0\0\0\0\0\0\0\0\0\0\0\0\0\0\0\0\0\0\0\0\0\0\0\0\0\0\0\0\0\0\0\0\6\31\25\29\25\11\13\44\31\20\63\87\257\642\783\243\42\51\65\98\80\19\350\435\354\371\332\335\345\325\310\312\330\310\295\300\305\336\352\359\341\328\372\374\344\330\302\296\318\333\335\303\292\323\360\377\346\314\295\273\296\312\308\312\291\290\296\274\276\274\270\283\281\274\266\270\290\297\297\304\322\348\356\337\298\291\279\230\205\163\232\394\324\229\295\270\337\434\264\140\214\245\241\296\366\369\354\363\330\303\316\309\309\317\297\287\291\275\269\276\278\289\278\272\289\294\289\268\258\284\300\316\309\301\339\338\297\300\312\320\335\323\311\310\316\312\284\271\276\291\311\309\307\313\305\304\321\335\335\329\355\338\303\344\357\394\367\157\114\119\44\57\60\114\55\157\725\850\383\58\13\34\28\41\17\25\23\30\21\16\19\20\0\0\0\0\0\0\0\0\0\0\0\0\0\0\0\0\0\0\0\0\0\0\0\0\0\0\0\0\0\0\0\0\0\0\0\0\0\0\0\0\0\0\0\0\0\0\0\0\0\0\0\0\0\0\0\0\0\0\0\0\0\0\0\0\16\22\16\11\16\11\15\37\26\21\56\68\277\735\821\236\48\82\82\78\86\16\341\455\377\380\318\339\374\325\295\301\314\306\292\290\278\288\311\318\335\351\354\363\349\331\313\271\300\366\345\306\299\300\333\365\352\311\304\308\308\307\284\297\324\294\303\338\301\282\317\302\282\305\297\275\295\307\301\308\328\339\327\314\300\281\249\235\218\165\259\411\318\186\202\201\308\436\293\127\185\239\237\271\339\391\376\347\338\349\348\326\322\300\302\323\293\261\255\255\262\277\297\288\284\290\279\269\272\301\323\313\286\303\341\312\292\335\372\362\323\311\311\300\295\272\266\294\290\287\299\305\336\350\325\319\315\298\313\339\355\347\315\343\365\361\319\151\102\122\39\74\63\106\35\266\873\931\517\137\46\43\11\52\19\6\34\35\13\12\20\34\0\0\0\0\0\0\0\0\0\0\0\0\0\0\0\0\0\0\0\0\0\0\0\0\0\0\0\0\0\0\0\0\0\0\0\0\0\0\0\0\0\0\0\0\0\0\0\0\0\0\0\0\0\0\0\0\0\0\0\0\0\0\0\0\23\29\24\14\20\16\14\61\35\8\67\95\336\697\803\273\52\88\63\74\135\34\307\435\352\373\331\335\376\343\326\323\310\312\321\292\283\327\338\337\346\336\337\339\322\337\317\259\321\386\338\317\310\300\353\370\334\303\297\309\292\278\300\297\277\297\333\364\373\326\300\318\314\301\292\290\320\333\319\329\354\351\353\356\308\304\258\163\196\168\215\426\399\320\349\225\296\448\254\136\231\223\227\272\280\309\323\338\345\317\333\344\315\316\317\309\315\286\277\292\269\275\306\311\314\285\249\273\303\304\308\303\295\308\298\304\351\366\341\318\301\299\297\280\275\293\300\301\311\316\310\310\323\325\328\325\290\275\300\339\360\331\323\369\361\322\234\81\76\125\41\51\84\104\63\463\1006\816\500\218\48\57\25\50\30\32\28\28\7\16\36\47\0\0\0\0\0\0\0\0\0\0\0\0\0\0\0\0\0\0\0\0\0\0\0\0\0\0\0\0\0\0\0\0\0\0\0\0\0\0\0\0\0\0\0\0\0\0\0\0\0\0\0\0\0\0\0\0\0\0\0\0\0\0\0\0\14\16\13\14\15\29\60\83\42\22\71\83\348\670\771\341\16\96\18\66\141\70\241\398\366\365\337\328\336\313\295\278\293\313\328\312\293\335\349\336\328\315\336\356\343\344\317\278\319\389\368\306\294\312\336\328\315\314\276\275\332\355\378\371\312\293\270\231\258\324\361\394\383\328\322\324\306\312\333\356\352\369\389\325\309\301\172\146\235\186\196\431\513\410\348\325\442\463\214\129\251\230\175\240\295\314\329\324\327\338\332\327\318\323\326\309\315\311\299\294\269\278\303\307\319\304\287\282\260\285\306\279\294\327\353\366\346\344\350\317\280\270\288\307\314\300\296\329\338\324\316\312\321\329\318\291\288\311\321\343\357\342\371\385\338\297\206\80\91\144\41\58\111\106\93\496\760\587\538\257\92\60\26\40\25\41\20\26\21\9\32\38\0\0\0\0\0\0\0\0\0\0\0\0\0\0\0\0\0\0\0\0\0\0\0\0\0\0\0\0\0\0\0\0\0\0\0\0\0\0\0\0\0\0\0\0\0\0\0\0\0\0\0\0\0\0\0\0\0\0\0\0\0\0\0\0\21\18\38\10\31\39\58\74\55\40\103\79\323\660\823\450\50\84\24\66\124\54\193\381\379\357\319\324\335\303\295\291\295\319\329\316\311\336\358\350\319\304\299\314\344\350\315\283\321\383\366\310\291\300\331\360\350\300\283\294\317\378\396\411\491\424\276\264\280\324\353\302\270\270\257\251\249\243\262\278\292\369\369\277\252\225\163\175\205\161\228\431\471\401\401\431\506\430\197\167\210\153\194\212\209\330\350\304\347\356\325\321\323\333\340\323\311\310\308\321\341\349\331\324\348\322\276\293\286\271\283\289\314\341\346\354\363\354\324\314\302\285\314\330\303\290\306\342\353\335\326\293\291\319\265\237\294\311\312\338\334\330\368\392\371\258\170\143\97\133\70\65\95\87\153\465\408\494\639\194\115\55\41\42\28\44\22\25\36\28\24\20\0\0\0\0\0\0\0\0\0\0\0\0\0\0\0\0\0\0\0\0\0\0\0\0\0\0\0\0\0\0\0\0\0\0\0\0\0\0\0\0\0\0\0\0\0\0\0\0\0\0\0\0\0\0\0\0\0\0\0\0\0\0\0\0\22\12\21\30\9\21\24\46\46\28\83\56\254\679\779\333\58\110\47\103\174\59\156\378\358\354\342\308\339\328\304\309\300\308\325\318\317\323\338\362\358\355\343\318\331\351\300\273\330\364\343\317\296\316\363\384\370\327\306\305\319\346\370\430\479\436\366\388\449\407\277\207\205\202\192\200\205\196\189\192\241\319\335\234\120\179\223\166\175\167\208\406\479\423\418\456\492\342\150\165\175\186\239\165\171\296\314\309\334\337\356\360\359\387\351\313\347\357\355\339\310\341\365\368\359\319\311\315\304\283\275\318\348\339\342\358\362\347\317\299\303\305\304\310\310\318\327\345\355\326\290\274\286\289\254\257\296\302\320\340\311\310\353\386\344\180\121\154\104\121\84\49\116\141\152\251\394\674\584\108\92\33\9\36\26\20\14\10\8\23\35\37\0\0\0\0\0\0\0\0\0\0\0\0\0\0\0\0\0\0\0\0\0\0\0\0\0\0\0\0\0\0\0\0\0\0\0\0\0\0\0\0\0\0\0\0\0\0\0\0\0\0\0\0\0\0\0\0\0\0\0\0\0\0\0\0\34\23\42\27\35\25\38\46\62\41\36\121\230\764\595\123\117\158\17\63\119\85\119\311\358\344\351\323\360\362\294\284\304\307\328\341\321\329\360\363\374\384\347\340\364\344\327\331\336\342\313\296\325\336\339\351\350\340\320\319\349\343\326\354\369\386\442\461\456\467\437\391\379\365\355\379\364\295\263\275\272\255\254\217\134\154\209\202\213\183\179\340\448\415\385\442\452\271\149\196\210\161\132\199\237\223\280\272\210\226\236\250\255\211\218\248\234\266\301\263\272\344\405\407\348\346\374\345\331\290\260\327\341\323\365\370\358\360\329\303\322\326\300\310\314\284\291\329\351\326\289\303\281\247\275\276\281\321\333\326\298\308\381\383\291\177\148\162\147\104\50\47\110\185\75\90\556\840\509\88\85\61\21\67\68\10\16\30\18\42\39\23\0\0\0\0\0\0\0\0\0\0\0\0\0\0\0\0\0\0\0\0\0\0\0\0\0\0\0\0\0\0\0\0\0\0\0\0\0\0\0\0\0\0\0\0\0\0\0\0\0\0\0\0\0\0\0\0\0\0\0\0\0\0\0\0\17\39\33\30\32\30\31\68\73\16\54\113\118\590\719\388\93\90\72\34\114\117\80\249\375\362\341\316\353\390\349\315\334\348\352\359\335\337\371\365\358\353\321\343\356\342\359\333\328\358\309\285\320\314\318\351\344\322\327\342\330\315\310\291\334\463\533\473\413\425\440\407\401\424\403\392\402\368\342\323\301\305\279\242\187\151\206\210\190\193\140\262\432\386\380\455\374\193\125\246\241\116\156\228\159\188\291\234\155\192\248\254\232\232\281\319\333\325\286\293\362\408\431\441\458\472\437\392\352\304\291\313\324\343\371\362\344\336\340\347\324\310\324\313\296\306\307\311\328\321\327\327\270\242\258\278\315\334\329\335\327\329\391\355\233\216\190\123\148\121\42\46\121\102\55\242\762\773\432\115\54\63\17\52\48\11\26\25\19\32\25\12\0\0\0\0\0\0\0\0\0\0\0\0\0\0\0\0\0\0\0\0\0\0\0\0\0\0\0\0\0\0\0\0\0\0\0\0\0\0\0\0\0\0\0\0\0\0\0\0\0\0\0\0\0\0\0\0\0\0\0\0\0\0\0\0\25\32\19\12\28\39\9\42\50\14\43\87\26\424\841\638\120\68\91\28\115\151\77\191\346\364\315\296\326\351\350\314\296\318\359\392\364\332\367\398\368\334\339\357\337\324\339\343\354\358\325\293\297\320\338\351\345\327\337\344\342\318\266\275\373\453\443\369\332\342\360\373\385\404\410\386\345\335\357\338\320\300\242\232\233\193\178\190\250\245\133\205\388\374\335\405\291\111\209\308\213\233\252\154\190\276\279\288\303\336\388\384\362\411\440\412\440\446\390\388\423\449\485\482\455\489\518\420\329\339\319\293\328\353\349\353\356\338\343\351\316\304\320\321\319\332\344\321\301\319\320\311\332\310\272\289\307\304\315\322\312\327\349\303\262\262\182\109\170\156\87\88\129\97\95\419\776\692\402\28\97\50\11\35\16\24\23\17\34\39\53\53\0\0\0\0\0\0\0\0\0\0\0\0\0\0\0\0\0\0\0\0\0\0\0\0\0\0\0\0\0\0\0\0\0\0\0\0\0\0\0\0\0\0\0\0\0\0\0\0\0\0\0\0\0\0\0\0\0\0\0\0\0\0\0\0\46\9\9\14\16\19\35\42\65\43\22\71\49\335\799\731\177\34\93\21\66\143\122\140\235\337\324\279\308\333\348\325\282\297\355\344\297\298\306\312\311\312\355\373\356\359\360\363\368\337\317\299\287\309\330\346\348\337\352\362\343\300\311\366\371\371\380\361\354\347\356\378\373\382\391\377\352\327\336\347\352\375\300\201\216\233\170\166\267\289\191\220\357\351\329\330\173\169\300\244\238\295\209\185\249\280\314\360\373\351\355\380\383\399\410\396\383\387\403\409\446\494\481\430\396\409\464\417\328\326\311\287\316\345\363\367\362\344\316\307\294\309\335\326\324\315\291\304\323\327\315\313\328\291\258\281\284\306\319\290\322\333\287\281\273\230\180\133\171\149\97\87\105\56\129\501\722\629\315\58\121\67\10\24\24\21\20\31\26\38\37\59\0\0\0\0\0\0\0\0\0\0\0\0\0\0\0\0\0\0\0\0\0\0\0\0\0\0\0\0\0\0\0\0\0\0\0\0\0\0\0\0\0\0\0\0\0\0\0\0\0\0\0\0\0\0\0\0\0\0\0\0\0\0\0\0\36\32\20\40\28\29\15\47\79\56\16\53\76\231\741\855\276\19\71\22\89\132\99\139\148\275\349\290\269\273\321\313\273\275\263\261\236\223\260\287\357\387\358\379\383\367\366\331\304\310\291\284\314\324\326\351\371\378\385\374\279\243\361\366\309\395\403\335\363\384\349\336\334\345\349\311\290\319\345\330\318\377\423\322\209\240\260\195\221\262\198\208\278\292\292\218\179\244\184\169\290\258\213\269\272\317\393\368\337\352\345\341\371\398\402\406\434\418\386\401\410\469\515\429\382\369\375\414\361\315\319\309\344\372\392\391\332\310\305\273\274\314\327\313\323\324\306\343\357\316\327\347\332\309\263\240\298\320\285\307\338\319\284\251\226\240\230\160\163\130\78\70\121\42\193\552\745\576\194\85\76\39\12\28\31\45\34\12\30\48\14\21\0\0\0\0\0\0\0\0\0\0\0\0\0\0\0\0\0\0\0\0\0\0\0\0\0\0\0\0\0\0\0\0\0\0\0\0\0\0\0\0\0\0\0\0\0\0\0\0\0\0\0\0\0\0\0\0\0\0\0\0\0\0\0\0\18\13\25\33\30\47\22\32\84\56\39\54\93\152\646\904\370\40\74\33\63\149\96\134\174\210\307\291\255\303\313\283\283\281\290\315\306\322\361\384\408\393\354\357\361\348\340\326\302\292\280\282\326\342\336\350\352\360\389\367\271\272\345\335\362\415\371\351\389\403\366\317\320\360\391\361\293\293\322\331\329\315\370\413\352\303\246\189\237\260\212\174\200\244\227\234\234\153\196\310\253\194\233\260\320\386\371\348\344\357\363\332\353\402\400\395\412\403\385\410\430\423\481\499\377\291\337\381\369\356\344\327\352\375\350\351\355\315\290\273\280\317\321\319\322\319\337\340\334\343\350\348\341\348\321\230\210\274\299\302\321\309\262\247\272\246\179\164\180\113\110\86\130\64\181\572\736\469\114\113\47\16\26\45\50\45\25\13\18\23\37\34\0\0\0\0\0\0\0\0\0\0\0\0\0\0\0\0\0\0\0\0\0\0\0\0\0\0\0\0\0\0\0\0\0\0\0\0\0\0\0\0\0\0\0\0\0\0\0\0\0\0\0\0\0\0\0\0\0\0\0\0\0\0\0\0\13\14\23\23\18\16\1\17\41\23\43\48\84\108\531\918\462\74\63\49\64\184\97\141\231\178\245\276\287\371\351\323\336\336\374\380\351\348\350\365\370\366\364\334\331\353\324\307\310\291\285\292\304\321\324\335\332\331\399\372\278\326\314\300\450\426\323\393\415\377\326\262\308\399\399\353\336\329\313\340\369\362\371\353\341\380\324\185\190\243\195\198\217\187\270\283\114\131\252\220\201\236\229\271\377\389\351\352\343\347\349\325\353\385\372\341\339\371\375\384\425\403\358\406\420\293\229\322\396\391\353\329\351\360\353\341\307\296\287\271\302\330\342\335\314\340\334\289\300\334\345\348\354\351\352\359\322\265\229\290\312\207\225\297\280\244\183\162\210\130\129\90\117\66\220\618\654\336\102\88\37\29\36\52\56\44\24\15\18\5\8\9\0\0\0\0\0\0\0\0\0\0\0\0\0\0\0\0\0\0\0\0\0\0\0\0\0\0\0\0\0\0\0\0\0\0\0\0\0\0\0\0\0\0\0\0\0\0\0\0\0\0\0\0\0\0\0\0\0\0\0\0\0\0\0\0\26\22\6\25\40\25\5\5\23\43\28\38\82\86\432\853\565\100\15\41\84\164\88\119\222\170\165\276\334\321\355\375\342\346\351\353\348\320\341\365\351\346\334\317\311\314\304\288\292\279\257\277\311\315\312\343\356\343\392\352\238\315\287\181\431\540\351\331\351\312\260\223\361\452\378\349\349\337\352\349\356\385\363\337\340\321\303\280\215\174\163\186\205\256\303\184\97\214\200\123\182\227\239\318\398\372\335\343\337\318\303\332\382\361\317\285\271\336\390\374\396\438\380\350\372\245\190\368\459\405\360\349\385\386\360\322\291\317\301\274\318\352\371\366\328\327\331\334\327\293\305\316\323\354\339\342\409\383\306\276\194\177\307\295\221\262\201\127\184\129\155\100\120\51\364\729\604\232\80\86\36\28\42\38\37\42\25\15\12\12\10\13\0\0\0\0\0\0\0\0\0\0\0\0\0\0\0\0\0\0\0\0\0\0\0\0\0\0\0\0\0\0\0\0\0\0\0\0\0\0\0\0\0\0\0\0\0\0\0\0\0\0\0\0\0\0\0\0\0\0\0\0\0\0\0\0\10\11\20\27\7\23\37\10\14\32\44\28\77\74\337\766\661\162\30\24\31\178\177\95\180\206\163\266\367\355\361\362\337\348\339\322\317\320\348\333\309\328\320\310\293\271\308\322\304\314\291\275\307\321\319\337\351\369\397\359\274\269\265\258\424\534\431\371\345\230\163\258\423\428\346\356\358\334\353\358\359\368\364\367\360\297\232\302\318\207\193\172\201\362\258\117\196\222\192\161\164\246\312\356\362\339\334\336\328\307\322\365\373\343\310\308\307\308\337\360\397\411\373\370\293\183\300\437\439\420\388\380\404\379\349\332\306\306\319\293\305\363\382\389\362\325\349\366\335\311\318\311\295\329\338\315\341\394\455\344\131\186\335\265\230\254\150\140\159\137\150\139\120\53\416\770\578\165\73\64\21\27\42\17\24\36\25\14\20\17\20\13\0\0\0\0\0\0\0\0\0\0\0\0\0\0\0\0\0\0\0\0\0\0\0\0\0\0\0\0\0\0\0\0\0\0\0\0\0\0\0\0\0\0\0\0\0\0\0\0\0\0\0\0\0\0\0\0\0\0\0\0\0\0\0\0\20\13\20\36\23\23\34\14\13\21\28\12\36\45\222\697\770\282\24\11\43\172\143\80\144\175\237\293\299\359\374\328\301\279\274\292\301\305\311\296\319\359\334\294\299\300\293\314\315\301\312\312\308\319\324\336\352\379\393\363\285\177\173\356\449\409\422\335\151\128\225\319\396\378\339\346\349\346\341\353\371\339\366\389\289\296\354\286\246\262\216\177\278\308\207\127\116\208\192\108\266\392\349\390\393\354\370\343\323\342\362\386\371\344\324\311\323\317\313\337\293\250\320\411\425\360\294\334\389\353\346\379\376\371\363\343\315\284\282\283\322\389\373\356\365\339\351\368\357\357\329\315\321\299\291\299\326\334\365\389\222\123\242\278\261\215\143\172\157\133\107\163\86\84\558\707\377\80\95\42\12\22\42\20\9\21\24\12\19\13\19\6\0\0\0\0\0\0\0\0\0\0\0\0\0\0\0\0\0\0\0\0\0\0\0\0\0\0\0\0\0\0\0\0\0\0\0\0\0\0\0\0\0\0\0\0\0\0\0\0\0\0\0\0\0\0\0\0\0\0\0\0\0\0\0\0\10\15\12\15\10\19\14\34\28\25\29\27\25\51\174\582\784\437\42\22\16\60\144\130\95\94\258\378\294\301\356\364\331\271\279\292\322\361\318\288\311\318\321\294\280\285\268\293\320\284\285\314\315\309\326\352\337\357\406\347\249\149\127\305\411\429\425\195\47\210\338\331\346\379\358\339\343\337\355\351\344\373\359\339\291\322\455\327\195\315\254\176\324\247\127\129\122\188\119\160\361\384\347\369\358\341\331\327\324\346\368\373\389\358\315\312\282\317\336\249\226\226\289\458\435\368\329\250\330\386\350\387\365\347\385\363\342\332\289\271\323\390\387\351\358\355\304\308\355\356\350\360\346\327\309\285\304\317\348\387\268\172\261\279\220\154\116\134\101\91\45\144\51\158\675\690\217\60\80\46\28\46\41\43\19\27\30\11\30\24\12\7\0\0\0\0\0\0\0\0\0\0\0\0\0\0\0\0\0\0\0\0\0\0\0\0\0\0\0\0\0\0\0\0\0\0\0\0\0\0\0\0\0\0\0\0\0\0\0\0\0\0\0\0\0\0\0\0\0\0\0\0\0\0\0\0\30\20\45\16\20\23\14\32\45\30\8\30\16\60\121\455\769\566\115\46\39\22\191\199\80\67\244\406\351\323\357\375\375\335\323\330\326\325\310\299\298\314\333\315\298\289\293\307\293\270\280\293\292\301\321\356\348\367\448\400\272\174\94\136\296\440\338\92\135\327\356\344\353\365\345\330\341\343\363\363\373\383\321\305\295\355\480\327\201\293\197\180\281\219\193\194\162\219\184\260\334\342\374\360\336\334\332\327\315\342\349\364\399\352\340\331\263\302\275\238\356\316\319\436\330\319\361\262\335\427\387\399\389\349\350\356\329\309\298\269\286\351\378\372\385\388\324\285\297\278\288\339\346\365\394\385\371\330\317\343\262\204\246\237\213\182\125\126\89\60\51\132\38\234\708\634\134\74\77\35\40\57\21\58\40\23\25\13\28\18\9\26\0\0\0\0\0\0\0\0\0\0\0\0\0\0\0\0\0\0\0\0\0\0\0\0\0\0\0\0\0\0\0\0\0\0\0\0\0\0\0\0\0\0\0\0\0\0\0\0\0\0\0\0\0\0\0\0\0\0\0\0\0\0\0\0\47\27\25\9\5\6\24\46\29\23\10\33\35\42\59\345\746\686\175\23\25\37\145\226\61\44\222\369\359\348\366\383\369\320\306\307\293\301\312\319\321\335\343\340\355\340\301\301\292\265\268\273\300\327\322\344\356\383\479\476\338\200\89\74\171\205\113\112\252\378\389\350\345\358\356\352\334\335\344\343\385\377\309\304\307\369\397\238\218\256\172\199\202\213\293\224\210\248\220\267\302\338\369\354\356\351\354\351\328\331\338\362\382\361\329\296\275\252\238\317\364\351\455\469\352\379\370\272\310\374\387\392\365\357\346\335\352\316\272\282\272\298\348\347\373\386\356\360\358\321\290\285\303\320\325\306\294\291\289\294\234\184\220\240\220\144\108\179\119\81\96\122\45\431\817\543\84\72\69\33\26\37\47\58\28\17\13\33\16\4\9\50\0\0\0\0\0\0\0\0\0\0\0\0\0\0\0\0\0\0\0\0\0\0\0\0\0\0\0\0\0\0\0\0\0\0\0\0\0\0\0\0\0\0\0\0\0\0\0\0\0\0\0\0\0\0\0\0\0\0\0\0\0\0\0\0\47\22\26\18\17\27\19\42\44\36\22\9\31\38\41\218\665\743\314\48\39\35\75\226\124\42\184\358\380\350\352\389\384\324\296\293\297\316\308\298\324\338\340\347\340\325\325\325\324\306\275\258\287\314\302\331\351\381\530\553\358\205\130\88\90\91\114\241\401\434\358\335\363\346\329\358\363\342\349\361\373\374\329\295\335\402\374\255\223\237\194\127\165\291\279\201\219\224\235\279\278\330\391\367\340\338\342\358\363\336\338\353\366\403\350\286\309\262\232\320\363\373\469\535\422\344\398\325\250\344\403\391\353\333\358\357\350\339\297\282\285\291\301\304\343\372\349\353\384\391\386\368\350\349\327\310\313\322\377\371\263\230\254\225\203\103\62\177\110\80\106\103\61\512\833\470\56\66\29\8\46\50\81\88\25\27\37\14\12\26\21\53\0\0\0\0\0\0\0\0\0\0\0\0\0\0\0\0\0\0\0\0\0\0\0\0\0\0\0\0\0\0\0\0\0\0\0\0\0\0\0\0\0\0\0\0\0\0\0\0\0\0\0\0\0\0\0\0\0\0\0\0\0\0\0\0\15\16\30\27\20\27\23\42\46\36\34\15\19\38\85\108\531\749\515\114\40\23\48\186\239\66\97\316\379\329\344\381\379\352\320\320\328\328\341\345\337\341\349\354\355\361\355\334\332\317\296\290\296\319\313\327\349\350\499\570\351\186\137\88\114\148\182\299\386\377\357\360\357\341\348\366\369\367\382\378\348\331\307\335\404\385\383\376\290\245\167\108\209\312\294\227\191\238\319\320\261\279\363\378\359\344\331\353\376\355\343\379\397\390\386\326\280\291\227\231\355\348\336\447\432\374\397\300\210\342\443\395\347\345\327\329\342\310\290\291\294\308\293\285\307\324\333\336\355\372\345\346\380\370\353\367\369\389\413\356\317\322\233\174\197\117\103\184\72\69\175\118\147\646\786\338\59\86\49\6\32\33\93\86\51\52\17\14\23\13\21\21\0\0\0\0\0\0\0\0\0\0\0\0\0\0\0\0\0\0\0\0\0\0\0\0\0\0\0\0\0\0\0\0\0\0\0\0\0\0\0\0\0\0\0\0\0\0\0\0\0\0\0\0\0\0\0\0\0\0\0\0\0\0\0\0\7\11\14\20\22\13\20\29\48\26\34\15\4\30\78\40\362\703\694\212\32\92\35\115\238\92\65\262\348\323\347\374\386\394\344\320\341\349\336\318\318\331\352\368\375\367\333\323\342\331\306\294\300\338\327\306\352\359\463\574\388\194\165\154\175\173\219\362\394\357\370\371\342\345\379\393\399\402\403\392\347\317\303\346\415\392\395\398\312\233\174\153\186\289\336\230\202\278\291\296\257\213\302\379\371\353\333\331\361\367\363\376\376\373\394\373\323\315\283\184\145\210\244\253\346\460\385\183\176\378\445\371\331\326\324\350\354\311\302\317\307\303\298\274\287\305\289\305\340\336\326\352\366\334\326\333\319\344\374\330\297\356\316\177\159\129\120\175\60\114\221\92\244\824\717\225\75\75\47\12\34\61\86\68\62\45\21\6\2\16\24\12\0\0\0\0\0\0\0\0\0\0\0\0\0\0\0\0\0\0\0\0\0\0\0\0\0\0\0\0\0\0\0\0\0\0\0\0\0\0\0\0\0\0\0\0\0\0\0\0\0\0\0\0\0\0\0\0\0\0\0\0\0\0\0\0\42\25\7\14\32\20\12\31\57\43\26\15\19\14\68\69\270\676\811\412\73\75\63\53\211\153\58\172\274\357\409\362\364\377\332\319\328\317\299\285\299\327\361\372\357\351\343\309\292\302\292\283\298\313\296\295\349\348\420\576\463\221\164\186\182\208\306\373\362\367\360\342\360\361\378\405\386\398\410\348\322\329\291\332\419\403\409\422\282\193\211\142\148\275\283\231\232\241\244\271\266\224\293\384\374\367\361\340\353\349\357\371\350\359\367\357\384\363\292\232\127\111\186\204\331\438\259\117\205\400\437\321\310\343\332\345\335\305\296\296\307\320\314\285\284\288\272\274\279\277\292\297\289\297\322\336\356\370\340\322\300\314\356\231\113\147\154\88\70\115\179\52\334\914\612\132\85\60\19\29\32\63\102\101\59\32\38\16\26\23\17\43\0\0\0\0\0\0\0\0\0\0\0\0\0\0\0\0\0\0\0\0\0\0\0\0\0\0\0\0\0\0\0\0\0\0\0\0\0\0\0\0\0\0\0\0\0\0\0\0\0\0\0\0\0\0\0\0\0\0\0\0\0\0\0\0\37\22\20\32\28\20\23\25\27\45\30\15\48\25\32\107\155\593\842\585\136\40\72\44\154\207\44\61\205\373\438\349\347\360\337\317\261\269\313\326\334\334\357\384\364\343\320\299\309\317\317\311\317\327\305\317\339\309\389\552\511\274\163\197\212\258\342\358\334\332\352\356\365\373\366\404\386\341\380\354\297\301\320\404\479\432\411\430\306\180\214\189\165\273\274\247\297\260\248\298\274\257\305\335\360\369\362\373\359\358\387\369\349\350\349\348\351\356\343\294\178\105\126\172\223\234\165\133\232\416\429\315\304\328\337\330\301\293\284\293\317\313\307\307\302\286\280\292\268\256\285\283\272\290\322\348\354\341\301\315\342\300\314\288\141\117\166\45\106\139\120\118\501\937\429\99\80\47\12\36\46\100\121\92\63\38\16\15\9\24\12\8\0\0\0\0\0\0\0\0\0\0\0\0\0\0\0\0\0\0\0\0\0\0\0\0\0\0\0\0\0\0\0\0\0\0\0\0\0\0\0\0\0\0\0\0\0\0\0\0\0\0\0\0\0\0\0\0\0\0\0\0\0\0\0\0\18\21\19\21\15\3\8\27\44\39\17\17\62\36\10\108\120\385\713\727\302\25\65\45\38\174\81\38\146\329\434\356\373\391\334\321\281\274\314\347\339\307\332\371\356\322\317\345\344\321\317\304\298\305\303\321\341\324\366\519\522\298\197\219\227\304\364\348\349\351\361\378\380\383\400\433\359\211\221\291\268\279\376\447\467\460\422\403\322\173\156\175\173\261\274\239\260\272\295\284\258\313\327\305\327\358\379\352\332\371\365\331\355\392\375\367\396\356\365\383\214\105\95\92\87\63\127\180\264\452\407\281\317\317\324\333\280\289\323\306\302\310\297\293\303\288\273\297\300\270\282\314\326\333\342\335\326\330\315\316\337\329\324\317\183\108\168\33\137\169\90\187\718\826\247\69\54\34\13\50\55\112\86\83\103\75\22\8\17\13\11\10\0\0\0\0\0\0\0\0\0\0\0\0\0\0\0\0\0\0\0\0\0\0\0\0\0\0\0\0\0\0\0\0\0\0\0\0\0\0\0\0\0\0\0\0\0\0\0\0\0\0\0\0\0\0\0\0\0\0\0\0\0\0\0\0\23\43\43\24\16\15\34\25\33\50\27\23\14\38\17\57\63\203\600\834\525\55\59\47\12\106\82\52\135\242\373\362\335\380\323\283\331\341\343\356\318\314\347\357\366\357\352\334\289\292\289\289\296\268\310\345\330\343\344\449\517\327\212\234\266\349\364\321\332\361\388\396\389\411\412\346\282\275\256\195\220\334\404\429\469\484\443\416\338\190\148\170\173\207\208\214\243\244\282\283\296\370\371\333\287\286\357\354\328\339\322\338\368\373\334\307\370\365\332\421\341\105\61\108\59\74\158\208\377\507\370\280\329\313\327\343\299\300\324\308\302\316\310\305\310\302\297\315\324\304\296\303\308\331\335\307\328\367\333\303\308\276\324\316\93\93\166\94\126\161\102\289\847\588\112\90\33\22\64\36\51\83\105\87\60\52\24\6\15\33\25\16\0\0\0\0\0\0\0\0\0\0\0\0\0\0\0\0\0\0\0\0\0\0\0\0\0\0\0\0\0\0\0\0\0\0\0\0\0\0\0\0\0\0\0\0\0\0\0\0\0\0\0\0\0\0\0\0\0\0\0\0\0\0\0\0\4\37\35\29\20\35\27\5\17\39\49\21\21\47\34\7\83\117\484\792\674\244\58\48\21\89\69\12\118\217\316\355\319\319\300\311\354\318\305\324\315\337\350\330\322\320\316\286\287\324\302\293\299\260\307\356\336\352\327\380\486\368\252\257\315\378\324\327\396\342\322\347\320\294\285\300\321\336\370\399\364\303\342\421\494\527\465\404\357\233\153\181\200\201\211\232\263\262\239\271\348\376\366\357\316\267\263\309\354\343\309\329\353\268\217\295\335\336\335\388\420\184\43\131\84\106\195\250\451\464\303\314\338\299\319\328\296\306\313\290\315\340\324\320\332\331\314\323\331\314\333\344\324\332\331\302\325\361\352\337\285\262\350\230\46\140\113\122\124\116\99\563\855\242\104\36\15\9\47\67\98\131\115\89\69\46\26\19\22\19\17\15\0\0\0\0\0\0\0\0\0\0\0\0\0\0\0\0\0\0\0\0\0\0\0\0\0\0\0\0\0\0\0\0\0\0\0\0\0\0\0\0\0\0\0\0\0\0\0\0\0\0\0\0\0\0\0\0\0\0\0\0\0\0\0\0\15\33\35\17\25\20\6\22\23\19\33\13\24\68\40\41\49\51\228\658\831\402\44\58\36\28\78\36\51\174\320\323\270\288\356\385\347\303\300\334\378\343\291\316\321\299\314\308\284\295\301\304\288\258\303\342\328\333\303\335\444\386\291\306\349\346\287\320\376\324\273\278\312\331\342\357\337\313\308\384\410\293\319\447\518\539\467\425\392\234\126\141\190\236\227\188\205\223\181\230\354\370\333\329\329\335\318\263\254\296\287\273\259\145\158\326\353\314\306\343\444\310\88\95\134\151\174\305\487\405\306\328\320\331\317\290\294\275\285\297\321\341\296\272\292\299\305\326\343\309\296\333\325\323\335\300\353\404\352\307\271\303\351\130\46\219\124\140\111\117\62\792\707\94\90\28\24\24\68\62\85\124\93\92\103\85\59\19\22\12\9\14\0\0\0\0\0\0\0\0\0\0\0\0\0\0\0\0\0\0\0\0\0\0\0\0\0\0\0\0\0\0\0\0\0\0\0\0\0\0\0\0\0\0\0\0\0\0\0\0\0\0\0\0\0\0\0\0\0\0\0\0\0\0\0\0\37\11\20\42\43\22\4\11\14\25\46\24\44\44\41\21\45\82\141\570\810\560\145\51\18\51\106\58\46\119\297\298\206\316\438\371\327\330\318\337\354\335\299\314\323\305\314\302\272\288\312\329\319\291\316\344\321\325\323\313\398\424\358\376\405\327\272\338\361\286\264\297\342\393\378\327\359\372\300\325\390\367\394\478\551\578\507\453\415\247\114\123\174\256\213\112\189\228\202\299\367\368\371\340\324\366\376\338\308\284\235\176\158\161\204\296\350\346\319\326\415\361\154\98\164\186\229\406\512\380\307\351\339\336\351\312\281\280\284\300\325\319\295\310\333\325\322\331\323\290\294\319\302\309\327\351\408\360\297\305\301\352\239\73\139\273\139\78\100\44\422\892\424\71\25\37\17\23\64\7\90\104\97\92\74\67\49\13\21\29\18\34\0\0\0\0\0\0\0\0\0\0\0\0\0\0\0\0\0\0\0\0\0\0\0\0\0\0\0\0\0\0\0\0\0\0\0\0\0\0\0\0\0\0\0\0\0\0\0\0\0\0\0\0\0\0\0\0\0\0\0\0\0\0\0\0\28\10\18\23\25\26\51\43\15\12\26\23\34\16\32\33\26\82\85\435\709\698\297\106\72\24\81\71\27\101\228\288\293\304\357\374\345\296\287\303\306\323\320\293\279\276\299\310\309\297\304\362\352\287\298\318\318\343\311\286\382\458\448\435\410\342\282\314\360\305\274\317\321\326\332\311\344\351\356\440\414\345\439\537\576\592\527\461\440\328\173\140\196\275\245\158\187\222\279\355\332\322\371\366\348\343\321\343\365\313\275\225\189\190\181\273\351\320\329\329\364\392\257\163\190\202\325\474\423\323\325\324\322\329\320\293\268\288\294\280\318\343\339\361\361\336\319\316\318\304\298\296\298\321\308\374\422\340\344\347\290\305\132\76\315\258\115\75\98\139\751\820\202\68\14\33\12\41\51\23\68\72\67\93\113\88\31\24\31\12\8\27\0\0\0\0\0\0\0\0\0\0\0\0\0\0\0\0\0\0\0\0\0\0\0\0\0\0\0\0\0\0\0\0\0\0\0\0\0\0\0\0\0\0\0\0\0\0\0\0\0\0\0\0\0\0\0\0\0\0\0\0\0\0\0\0\26\12\7\4\9\29\38\49\19\4\14\27\28\21\54\32\30\88\41\280\698\806\396\228\242\68\40\115\47\82\142\206\339\346\296\347\352\312\305\309\327\333\323\297\287\317\321\315\326\301\307\370\348\290\287\284\296\331\317\296\350\432\450\425\389\347\308\309\349\330\273\288\343\377\344\303\329\361\403\420\394\401\481\559\545\513\490\438\424\366\244\192\234\256\180\154\199\220\296\338\321\341\338\317\298\300\315\299\293\292\329\348\257\200\200\243\335\336\311\319\351\425\374\241\226\268\394\458\348\311\348\327\315\316\291\264\274\290\272\292\323\314\313\327\347\353\323\309\315\316\313\285\287\308\341\429\356\295\418\325\169\142\35\128\285\115\53\107\55\353\907\620\130\19\47\54\9\49\37\36\36\27\54\102\108\82\31\28\25\29\16\17\0\0\0\0\0\0\0\0\0\0\0\0\0\0\0\0\0\0\0\0\0\0\0\0\0\0\0\0\0\0\0\0\0\0\0\0\0\0\0\0\0\0\0\0\0\0\0\0\0\0\0\0\0\0\0\0\0\0\0\0\0\0\0\0\41\27\27\9\34\36\35\10\19\15\6\33\39\16\35\38\42\57\72\171\586\792\684\579\420\136\118\78\110\62\105\156\289\368\322\343\391\358\311\297\298\307\327\304\297\330\320\339\380\329\303\357\353\305\267\266\318\342\325\326\342\398\436\416\399\353\283\308\350\326\300\265\278\362\354\304\332\390\436\425\401\419\478\525\519\480\404\390\430\388\299\179\161\231\153\130\231\296\337\317\313\350\350\336\297\281\302\308\329\314\313\363\311\262\273\265\324\354\303\293\346\451\457\312\264\394\516\431\333\356\335\331\333\287\283\267\255\277\277\297\316\308\339\381\368\343\324\302\296\321\306\269\300\300\360\462\310\297\428\239\109\66\64\202\137\66\77\89\138\600\888\502\145\27\54\30\53\67\23\13\14\43\96\101\82\60\25\31\19\39\37\26\0\0\0\0\0\0\0\0\0\0\0\0\0\0\0\0\0\0\0\0\0\0\0\0\0\0\0\0\0\0\0\0\0\0\0\0\0\0\0\0\0\0\0\0\0\0\0\0\0\0\0\0\0\0\0\0\0\0\0\0\0\0\0\0\30\26\26\10\34\20\27\14\9\12\14\25\27\20\32\57\26\30\80\109\481\773\720\708\641\219\107\92\142\35\25\122\261\338\312\317\377\391\325\300\324\312\317\323\317\334\353\378\364\322\328\359\339\265\237\285\310\311\304\307\357\395\412\435\400\347\320\299\320\358\349\319\293\326\366\345\344\411\454\435\404\420\483\515\497\412\335\425\488\447\372\159\72\219\229\157\211\320\331\299\324\336\332\329\306\291\300\307\317\332\325\338\345\282\263\280\287\329\302\266\350\495\576\440\354\529\547\352\313\348\332\349\332\292\288\279\267\281\295\305\327\332\350\383\369\326\302\318\333\330\295\260\279\298\356\382\331\403\351\137\80\44\51\134\56\98\103\121\367\783\839\501\140\87\40\17\70\69\17\9\24\61\78\72\86\50\22\15\8\12\42\44\0\0\0\0\0\0\0\0\0\0\0\0\0\0\0\0\0\0\0\0\0\0\0\0\0\0\0\0\0\0\0\0\0\0\0\0\0\0\0\0\0\0\0\0\0\0\0\0\0\0\0\0\0\0\0\0\0\0\0\0\0\0\0\0\21\17\23\21\20\13\21\17\4\11\16\7\9\18\46\48\18\29\45\65\356\821\619\459\624\290\100\80\168\98\41\71\188\339\352\311\327\379\364\342\352\334\313\320\331\343\350\336\346\380\358\337\340\302\276\288\304\317\295\292\352\396\405\407\371\345\345\314\324\363\343\323\333\345\349\351\366\408\463\460\456\498\468\417\389\351\409\499\468\452\401\188\56\104\100\72\202\320\263\284\392\388\363\341\317\336\311\277\316\351\326\317\348\347\323\300\330\382\309\269\374\500\605\563\509\574\474\325\332\332\333\357\325\307\309\283\279\306\303\294\308\304\319\352\380\385\285\236\334\355\294\290\266\280\369\363\339\387\306\119\32\16\99\73\142\87\127\267\605\827\757\426\119\95\23\22\55\38\20\18\21\34\45\63\58\32\10\17\34\19\38\29\0\0\0\0\0\0\0\0\0\0\0\0\0\0\0\0\0\0\0\0\0\0\0\0\0\0\0\0\0\0\0\0\0\0\0\0\0\0\0\0\0\0\0\0\0\0\0\0\0\0\0\0\0\0\0\0\0\0\0\0\0\0\0\0\30\16\9\24\18\23\30\15\9\10\9\5\9\13\26\32\14\38\45\39\264\802\605\240\478\376\161\70\198\195\77\85\137\174\251\337\347\385\390\323\317\334\320\333\349\336\337\362\356\310\324\368\326\284\275\286\334\348\313\307\320\359\411\404\369\361\341\321\328\343\340\320\328\343\328\352\384\417\490\502\500\523\443\367\377\403\469\497\459\462\405\203\52\29\29\50\213\326\262\234\321\370\366\368\357\323\298\296\329\341\310\316\345\355\357\349\354\357\313\321\420\506\550\565\572\522\400\344\344\334\348\343\293\270\275\301\313\291\272\271\306\315\298\350\367\362\366\238\225\348\327\315\317\293\387\407\352\410\308\69\18\52\136\83\99\66\192\396\698\736\560\232\80\60\24\51\22\22\39\26\13\25\59\50\35\24\13\20\7\11\26\40\0\0\0\0\0\0\0\0\0\0\0\0\0\0\0\0\0\0\0\0\0\0\0\0\0\0\0\0\0\0\0\0\0\0\0\0\0\0\0\0\0\0\0\0\0\0\0\0\0\0\0\0\0\0\0\0\0\0\0\0\0\0\0\0\27\10\6\15\19\8\12\17\27\16\19\11\16\27\20\46\41\29\36\42\199\755\764\269\239\346\113\92\171\249\122\52\123\200\260\259\213\313\365\312\346\373\373\382\361\332\328\310\243\262\352\339\266\248\282\313\303\302\336\333\310\343\390\404\391\385\377\349\336\335\332\336\321\304\325\358\393\443\483\501\534\550\466\368\364\399\412\448\492\495\420\224\57\34\32\84\278\361\334\303\259\280\312\302\309\293\296\329\333\330\312\305\331\345\350\345\348\345\320\361\453\517\540\547\557\466\349\335\322\327\346\329\319\293\290\327\324\301\296\297\299\324\305\299\357\349\387\371\213\258\377\340\315\328\386\383\382\425\198\37\52\152\204\87\70\178\318\506\747\622\260\55\68\51\33\55\10\12\34\29\21\21\34\20\12\10\21\13\16\13\27\43\0\0\0\0\0\0\0\0\0\0\0\0\0\0\0\0\0\0\0\0\0\0\0\0\0\0\0\0\0\0\0\0\0\0\0\0\0\0\0\0\0\0\0\0\0\0\0\0\0\0\0\0\0\0\0\0\0\0\0\0\0\0\0\0\16\26\21\39\22\16\10\12\14\11\16\14\14\11\13\48\48\12\22\56\110\628\1007\523\36\163\138\106\105\253\243\107\132\222\202\193\117\229\366\317\289\315\315\306\291\255\213\246\339\374\329\278\262\279\314\291\278\326\346\343\344\355\377\382\375\375\358\345\351\336\328\330\292\303\361\361\391\469\494\503\523\538\483\356\341\405\426\491\504\478\441\221\48\43\28\90\288\346\350\376\317\287\321\316\316\333\318\326\350\334\322\318\310\331\356\355\352\343\337\375\451\501\510\566\564\412\331\342\323\338\329\294\301\303\316\321\302\305\317\304\274\301\340\291\308\337\330\410\333\193\326\388\310\336\364\373\453\347\64\35\40\231\301\113\69\233\295\632\777\370\41\53\45\21\36\35\9\33\15\24\19\19\18\22\14\18\6\14\19\34\19\25\0\0\0\0\0\0\0\0\0\0\0\0\0\0\0\0\0\0\0\0\0\0\0\0\0\0\0\0\0\0\0\0\0\0\0\0\0\0\0\0\0\0\0\0\0\0\0\0\0\0\0\0\0\0\0\0\0\0\0\0\0\0\0\0\10\23\26\11\8\10\19\33\35\16\14\7\18\14\15\47\35\31\19\94\110\461\654\515\395\324\163\37\93\183\282\175\85\120\49\162\300\347\385\358\285\261\251\221\232\241\241\313\355\327\310\284\272\287\306\286\266\309\336\330\327\324\369\407\395\392\372\363\374\354\349\345\329\353\363\363\417\462\487\488\490\536\498\394\365\391\441\497\470\471\471\235\51\93\58\113\317\333\296\346\348\321\309\321\324\329\335\300\325\339\289\322\333\306\328\335\340\346\367\416\471\506\504\540\513\366\332\360\319\303\301\282\266\269\304\343\337\300\293\300\298\309\333\315\277\304\323\375\381\240\268\382\332\356\386\401\478\228\65\76\109\176\189\48\122\161\311\819\619\125\22\23\39\16\53\29\26\19\11\34\39\30\21\21\20\13\26\14\16\29\21\24\0\0\0\0\0\0\0\0\0\0\0\0\0\0\0\0\0\0\0\0\0\0\0\0\0\0\0\0\0\0\0\0\0\0\0\0\0\0\0\0\0\0\0\0\0\0\0\0\0\0\0\0\0\0\0\0\0\0\0\0\0\0\0\0\7\17\13\12\14\13\17\13\5\2\20\39\14\18\25\10\35\41\11\73\83\268\468\523\668\575\273\51\66\115\282\154\60\150\199\287\449\368\324\380\343\311\290\264\277\317\340\306\271\295\302\287\285\287\308\289\253\291\327\330\327\313\342\374\394\426\400\376\384\376\368\358\368\374\351\375\415\458\485\437\444\487\466\432\393\388\416\456\455\431\463\276\61\47\67\153\393\370\302\363\353\332\316\296\299\308\302\268\287\328\321\317\341\345\337\340\333\375\440\459\500\515\482\492\438\354\365\339\297\316\293\264\287\289\309\346\309\286\318\323\312\290\297\331\302\291\294\314\395\334\249\354\372\327\379\443\370\145\99\247\296\137\82\63\90\173\554\844\425\69\15\64\31\12\37\34\32\14\29\30\18\26\21\13\8\9\15\11\12\11\20\12\0\0\0\0\0\0\0\0\0\0\0\0\0\0\0\0\0\0\0\0\0\0\0\0\0\0\0\0\0\0\0\0\0\0\0\0\0\0\0\0\0\0\0\0\0\0\0\0\0\0\0\0\0\0\0\0\0\0\0\0\0\0\0\0\23\11\12\18\10\3\8\7\6\17\26\24\13\13\6\18\25\33\58\27\75\66\374\641\664\639\440\168\74\64\248\184\37\10\161\420\440\291\313\310\288\306\287\300\318\316\299\281\299\293\285\306\287\277\295\279\278\317\327\323\318\302\322\344\348\400\424\402\394\371\366\381\372\356\358\396\435\476\486\411\397\451\446\453\457\432\430\462\468\431\454\314\86\71\111\271\376\311\307\357\331\346\334\287\301\329\307\261\268\313\330\334\340\347\362\349\358\440\458\450\498\483\479\492\394\335\338\327\353\336\299\293\287\301\299\299\306\266\266\294\303\316\301\302\314\297\305\316\368\392\283\338\434\344\422\473\166\45\85\216\253\158\40\52\93\310\695\716\304\49\29\48\22\27\25\28\18\8\16\21\5\12\12\26\26\25\17\17\17\4\7\21\0\0\0\0\0\0\0\0\0\0\0\0\0\0\0\0\0\0\0\0\0\0\0\0\0\0\0\0\0\0\0\0\0\0\0\0\0\0\0\0\0\0\0\0\0\0\0\0\0\0\0\0\0\0\0\0\0\0\0\0\0\0\0\0\10\7\11\17\13\16\14\15\17\15\33\23\9\16\15\25\12\22\49\41\18\89\115\409\693\751\538\232\82\53\138\250\90\93\139\417\413\308\308\307\314\294\259\277\285\295\291\282\269\276\314\309\288\290\298\315\303\296\309\302\311\311\311\339\348\380\438\427\381\382\405\380\356\380\372\388\452\464\456\423\398\461\494\486\491\458\439\470\464\422\446\339\65\48\159\343\383\301\300\363\355\343\338\299\280\310\314\282\303\333\330\349\355\336\355\405\467\496\461\460\477\468\489\446\346\309\314\369\393\297\282\325\288\282\292\281\325\316\251\264\296\319\326\322\329\297\305\321\329\419\334\254\364\434\465\217\85\148\212\132\171\72\38\72\120\418\698\640\283\56\41\29\23\33\21\13\6\3\6\24\26\15\34\50\27\9\26\32\30\15\10\17\0\0\0\0\0\0\0\0\0\0\0\0\0\0\0\0\0\0\0\0\0\0\0\0\0\0\0\0\0\0\0\0\0\0\0\0\0\0\0\0\0\0\0\0\0\0\0\0\0\0\0\0\0\0\0\0\0\0\0\0\0\0\0\0\10\15\31\20\16\22\22\18\22\22\21\13\19\24\8\14\29\11\22\24\11\23\56\214\592\740\608\380\185\63\25\201\152\90\117\385\444\318\313\304\290\292\253\242\255\281\283\259\279\303\302\307\299\286\292\319\313\275\297\307\288\306\314\329\353\366\423\447\418\426\435\416\419\416\403\415\442\470\457\414\410\428\461\490\493\493\485\503\506\445\435\386\164\44\173\360\350\303\319\346\357\331\308\307\317\336\320\304\315\342\358\332\323\343\392\487\516\471\474\496\495\493\478\392\307\300\323\345\336\291\286\294\287\287\298\304\309\332\308\250\238\279\331\343\320\305\297\332\367\385\380\256\202\403\298\126\109\204\139\226\161\28\41\136\512\775\657\527\266\83\78\49\15\7\13\21\30\26\22\22\26\23\23\30\10\23\23\14\16\10\9\6\0\0\0\0\0\0\0\0\0\0\0\0\0\0\0\0\0\0\0\0\0\0\0\0\0\0\0\0\0\0\0\0\0\0\0\0\0\0\0\0\0\0\0\0\0\0\0\0\0\0\0\0\0\0\0\0\0\0\0\0\0\0\0\0\25\15\16\28\19\15\28\16\16\25\12\14\18\15\14\35\31\14\36\38\17\45\72\136\452\688\802\657\253\59\41\146\293\60\137\291\486\343\328\333\304\297\254\241\256\271\289\299\295\294\318\327\303\294\282\282\311\300\289\310\311\307\321\335\332\349\424\460\463\462\446\457\448\412\415\415\449\501\463\395\373\381\422\471\473\499\540\527\515\463\425\428\217\38\237\401\330\282\303\345\360\318\290\302\316\334\321\291\314\332\330\343\349\412\501\495\474\480\479\500\493\477\475\390\318\324\325\320\310\291\290\277\273\285\287\304\309\299\285\249\260\315\322\302\325\347\316\319\321\335\412\301\247\298\122\57\185\149\292\342\95\56\49\217\857\977\648\412\132\60\15\24\40\18\31\33\28\25\21\23\13\32\23\5\11\17\20\14\26\27\11\17\0\0\0\0\0\0\0\0\0\0\0\0\0\0\0\0\0\0\0\0\0\0\0\0\0\0\0\0\0\0\0\0\0\0\0\0\0\0\0\0\0\0\0\0\0\0\0\0\0\0\0\0\0\0\0\0\0\0\0\0\0\0\0\0\18\24\15\7\32\42\22\26\17\13\20\24\34\8\10\31\20\17\23\37\47\31\56\52\267\708\824\571\255\64\40\96\225\195\56\114\420\426\298\359\349\282\275\259\250\276\304\318\323\306\314\359\348\313\299\277\287\317\288\287\339\320\290\310\310\320\383\439\474\468\453\469\455\437\426\400\445\500\488\421\349\367\439\471\469\502\552\545\508\438\431\454\219\55\287\389\326\316\293\310\341\320\294\289\310\330\314\290\308\344\350\347\402\490\527\522\523\491\472\491\485\471\429\352\319\324\341\326\293\290\296\307\279\238\262\287\299\315\280\283\330\316\309\341\337\324\334\319\307\363\389\355\306\107\62\148\157\270\482\225\38\28\115\430\609\621\585\233\67\57\18\17\31\33\29\37\19\34\15\10\14\15\23\34\26\14\16\8\9\13\17\15\0\0\0\0\0\0\0\0\0\0\0\0\0\0\0\0\0\0\0\0\0\0\0\0\0\0\0\0\0\0\0\0\0\0\0\0\0\0\0\0\0\0\0\0\0\0\0\0\0\0\0\0\0\0\0\0\0\0\0\0\0\0\0\0\6\28\9\11\38\23\5\23\11\6\19\15\15\11\15\24\6\13\7\32\53\32\34\71\123\538\668\569\418\168\26\38\80\193\110\91\200\469\366\296\321\295\301\280\264\288\294\314\320\291\316\376\364\307\285\288\287\290\282\274\286\300\299\295\302\310\342\426\492\486\470\489\490\456\426\424\443\451\444\429\441\465\467\457\447\501\540\505\493\411\414\477\242\101\342\377\284\327\285\208\265\296\270\297\316\342\384\341\289\335\358\354\459\541\514\523\486\399\442\499\477\437\371\324\315\314\312\296\280\271\289\315\293\271\288\293\289\285\275\284\310\309\302\328\340\342\343\327\356\369\389\378\126\80\76\119\175\373\342\114\28\40\222\652\667\497\363\70\82\54\38\33\18\14\17\13\17\31\28\7\25\30\23\15\14\14\20\28\11\14\10\9\0\0\0\0\0\0\0\0\0\0\0\0\0\0\0\0\0\0\0\0\0\0\0\0\0\0\0\0\0\0\0\0\0\0\0\0\0\0\0\0\0\0\0\0\0\0\0\0\0\0\0\0\0\0\0\0\0\0\0\0\0\0\0\0\5\11\27\9\10\22\27\11\18\29\27\15\16\3\24\33\19\14\4\18\26\46\15\75\85\362\647\745\681\340\36\42\83\178\142\62\31\346\460\303\320\346\300\296\286\294\320\320\290\289\336\355\345\333\291\263\282\294\282\286\300\292\278\279\303\321\341\405\467\488\505\507\474\447\421\426\437\386\364\426\475\488\497\471\440\493\507\484\473\372\427\481\224\182\371\338\301\360\308\193\210\321\361\324\296\326\378\374\338\321\332\406\496\525\537\497\361\356\484\521\463\387\336\329\312\312\321\290\274\288\296\297\293\297\294\268\263\283\291\306\330\336\333\307\308\340\321\340\350\339\411\242\64\44\59\120\286\329\237\93\45\58\483\759\715\502\228\36\61\61\27\35\36\10\4\9\28\41\18\10\10\27\25\20\22\13\11\17\19\5\9\12\0\0\0\0\0\0\0\0\0\0\0\0\0\0\0\0\0\0\0\0\0\0\0\0\0\0\0\0\0\0\0\0\0\0\0\0\0\0\0\0\0\0\0\0\0\0\0\0\0\0\0\0\0\0\0\0\0\0\0\0\0\0\0\0\16\10\23\6\21\28\35\31\23\10\5\8\5\3\5\11\22\31\11\8\18\45\12\56\125\206\521\665\716\495\129\46\63\140\122\69\53\119\440\421\298\341\326\307\327\315\288\268\280\300\295\310\332\333\317\274\252\262\266\272\280\275\275\293\305\311\328\372\437\478\479\481\478\430\398\409\371\345\388\415\440\451\449\474\481\510\481\437\456\400\479\485\182\196\398\321\267\347\363\232\144\259\339\306\311\324\328\334\331\335\358\421\489\538\534\433\370\440\493\477\434\380\343\333\314\302\318\314\282\283\301\300\283\269\275\282\274\287\308\312\301\313\344\312\326\378\331\335\347\350\343\115\102\48\117\211\388\309\118\39\34\226\650\820\727\428\125\58\81\60\43\27\30\27\22\26\23\31\29\23\14\7\24\34\25\23\32\15\8\11\32\13\0\0\0\0\0\0\0\0\0\0\0\0\0\0\0\0\0\0\0\0\0\0\0\0\0\0\0\0\0\0\0\0\0\0\0\0\0\0\0\0\0\0\0\0\0\0\0\0\0\0\0\0\0\0\0\0\0\0\0\0\0\0\0\0\11\21\19\19\18\38\46\18\23\17\17\21\18\19\22\19\5\15\26\15\13\29\57\37\54\76\286\679\744\634\322\59\44\85\100\136\35\84\284\484\368\334\353\330\343\329\252\246\288\276\285\302\298\325\330\295\280\266\263\276\282\288\286\278\296\307\305\332\408\484\491\480\464\412\385\373\353\369\394\396\427\448\464\481\463\471\432\403\442\413\509\468\150\208\394\311\266\308\375\337\170\159\282\325\319\320\320\313\312\319\371\429\490\574\541\424\403\460\484\445\380\353\334\317\335\319\276\285\294\275\279\283\275\288\314\308\279\273\269\262\274\268\247\251\289\353\397\339\314\368\212\66\51\128\216\359\421\166\56\18\40\345\713\771\681\342\69\56\65\33\24\36\33\38\46\34\22\12\11\7\28\32\29\29\10\16\28\30\22\11\16\8\0\0\0\0\0\0\0\0\0\0\0\0\0\0\0\0\0\0\0\0\0\0\0\0\0\0\0\0\0\0\0\0\0\0\0\0\0\0\0\0\0\0\0\0\0\0\0\0\0\0\0\0\0\0\0\0\0\0\0\0\0\0\0\0\16\25\12\9\38\23\27\6\8\31\25\13\25\19\32\19\14\16\21\36\19\13\42\35\23\73\159\559\757\730\482\130\19\36\128\177\101\45\85\350\438\364\365\359\324\289\254\268\295\293\304\309\298\314\328\301\283\274\279\287\285\292\281\268\291\294\295\338\383\427\472\473\420\363\347\356\354\365\399\423\434\423\445\475\452\441\411\419\426\372\535\472\91\212\421\278\265\314\327\370\260\174\282\350\338\325\301\317\343\313\367\476\508\540\544\501\481\476\482\437\353\342\347\330\332\322\306\297\288\297\302\284\266\271\288\289\278\275\277\282\285\260\243\249\228\247\339\369\335\234\63\20\63\147\329\493\311\90\76\32\178\647\841\647\456\203\64\56\18\22\24\19\25\28\22\18\23\22\10\11\22\40\26\16\24\7\30\10\19\21\32\22\0\0\0\0\0\0\0\0\0\0\0\0\0\0\0\0\0\0\0\0\0\0\0\0\0\0\0\0\0\0\0\0\0\0\0\0\0\0\0\0\0\0\0\0\0\0\0\0\0\0\0\0\0\0\0\0\0\0\0\0\0\0\0\0\6\11\9\12\11\5\22\35\26\26\15\16\18\24\13\13\15\18\22\19\17\21\36\30\15\45\44\309\677\760\594\294\59\49\72\174\159\62\45\132\393\417\361\381\351\288\265\265\291\308\305\309\295\290\317\307\292\271\257\281\276\274\287\279\291\300\296\307\345\416\448\444\401\325\322\352\336\362\390\367\399\425\421\434\419\429\389\340\377\375\487\439\96\170\439\349\264\293\300\353\357\259\231\317\335\297\291\304\345\343\367\478\536\561\557\502\487\489\445\375\320\330\351\337\323\309\297\294\289\283\279\280\267\259\263\278\289\279\281\299\299\289\290\295\278\264\267\286\255\93\19\46\100\269\413\385\161\62\43\44\365\775\736\566\324\57\53\3\21\38\11\19\35\29\13\19\24\16\12\4\18\15\23\25\18\17\12\6\15\17\11\15\0\0\0\0\0\0\0\0\0\0\0\0\0\0\0\0\0\0\0\0\0\0\0\0\0\0\0\0\0\0\0\0\0\0\0\0\0\0\0\0\0\0\0\0\0\0\0\0\0\0\0\0\0\0\0\0\0\0\0\0\0\0\0\0\19\14\19\13\10\16\4\9\8\8\13\16\14\13\9\10\15\13\7\18\12\7\40\43\35\51\74\150\578\776\665\414\156\70\82\192\202\101\40\21\214\427\405\368\337\309\300\270\281\294\289\296\285\292\310\298\302\302\286\298\297\275\276\279\277\301\307\282\324\411\449\446\383\343\367\362\360\371\337\335\373\394\427\404\331\354\356\340\402\428\503\414\127\171\368\356\316\293\300\317\322\343\301\273\303\314\293\283\314\339\376\463\525\558\554\510\478\459\407\338\314\319\314\314\311\292\284\286\299\301\280\278\277\266\273\277\274\288\289\288\309\292\299\331\285\276\295\239\172\82\52\88\248\382\321\195\61\40\20\198\574\755\568\319\55\76\35\14\30\15\15\30\42\25\4\20\15\23\9\3\13\10\22\22\13\18\14\16\22\12\18\15\0\0\0\0\0\0\0\0\0\0\0\0\0\0\0\0\0\0\0\0\0\0\0\0\0\0\0\0\0\0\0\0\0\0\0\0\0\0\0\0\0\0\0\0\0\0\0\0\0\0\0\0\0\0\0\0\0\0\0\0\0\0\0\0\29\15\5\7\10\7\7\9\27\21\16\10\9\14\15\22\20\31\32\13\15\27\16\26\25\18\43\44\413\743\750\506\233\37\67\172\306\116\44\16\65\292\444\352\340\322\296\303\282\272\275\282\300\299\294\297\287\300\307\270\266\286\286\280\261\273\306\313\330\361\398\408\358\335\345\349\362\369\351\353\377\361\367\383\325\336\373\388\419\418\519\422\126\235\400\307\309\334\301\291\285\324\346\305\284\302\310\315\308\297\389\493\510\529\530\513\491\426\381\356\335\330\313\308\302\288\313\321\306\309\313\303\288\267\259\282\298\297\296\288\285\297\313\315\319\332\330\271\137\16\50\158\318\331\221\98\32\21\132\416\729\823\440\91\10\50\42\7\20\15\10\7\11\7\19\42\37\7\14\24\29\34\16\17\34\39\12\19\24\14\13\15\0\0\0\0\0\0\0\0\0\0\0\0\0\0\0\0\0\0\0\0\0\0\0\0\0\0\0\0\0\0\0\0\0\0\0\0\0\0\0\0\0\0\0\0\0\0\0\0\0\0\0\0\0\0\0\0\0\0\0\0\0\0\0\0\24\21\19\27\12\14\21\13\18\21\21\24\26\19\13\29\33\15\32\38\20\20\20\37\36\15\40\80\265\689\792\621\376\118\53\84\261\185\56\44\25\94\333\396\370\361\308\290\300\280\291\309\294\290\289\287\318\343\301\262\276\298\291\280\283\290\284\281\320\366\387\381\339\342\357\321\336\367\331\322\337\330\363\372\332\336\339\380\415\402\506\404\172\331\430\292\308\340\315\330\317\290\301\325\300\268\307\348\333\318\378\475\512\514\523\502\458\412\356\327\322\319\325\306\287\292\290\300\302\289\300\302\307\311\275\259\301\331\301\276\290\316\312\317\323\314\374\264\67\27\95\212\400\318\97\31\40\17\237\588\727\745\422\86\37\43\63\24\21\30\19\19\27\12\19\24\7\14\11\8\32\23\14\28\26\15\22\8\2\15\6\14\0\0\0\0\0\0\0\0\0\0\0\0\0\0\0\0\0\0\0\0\0\0\0\0\0\0\0\0\0\0\0\0\0\0\0\0\0\0\0\0\0\0\0\0\0\0\0\0\0\0\0\0\0\0\0\0\0\0\0\0\0\0\0\0\8\8\11\4\16\14\12\9\12\8\16\14\13\19\14\15\24\9\2\19\18\14\5\8\20\29\27\90\137\537\757\720\556\207\38\30\92\217\132\22\71\44\76\357\376\319\349\319\288\287\296\290\273\272\274\291\304\312\324\317\298\287\307\314\294\301\288\281\327\351\367\375\342\349\368\353\344\334\318\328\346\353\350\314\305\353\369\419\427\403\526\401\183\353\399\272\312\328\333\354\320\310\306\315\309\282\304\306\288\330\380\427\483\506\507\505\458\386\343\321\319\328\315\295\287\279\288\298\287\285\301\307\294\284\285\271\276\314\308\282\285\288\301\341\323\330\384\194\31\67\140\273\427\210\80\41\31\101\492\694\682\805\566\116\45\58\63\18\32\22\7\24\36\14\13\16\7\16\16\40\32\8\16\8\7\26\26\15\17\14\6\10\0\0\0\0\0\0\0\0\0\0\0\0\0\0\0\0\0\0\0\0\0\0\0\0\0\0\0\0\0\0\0\0\0\0\0\0\0\0\0\0\0\0\0\0\0\0\0\0\0\0\0\0\0\0\0\0\0\0\0\0\0\0\0\0\23\12\20\26\28\15\16\21\26\21\9\6\11\7\4\17\8\4\2\5\13\43\39\27\33\28\21\56\96\350\755\805\674\330\88\42\15\132\161\32\96\75\69\156\390\347\329\346\288\288\301\268\263\285\291\288\294\294\299\321\322\291\283\290\283\293\298\294\312\345\372\358\327\331\347\363\350\332\339\334\342\367\374\359\367\426\435\418\392\373\489\416\197\312\382\272\288\324\342\350\333\336\323\317\298\262\309\338\305\323\353\371\414\463\493\465\379\321\339\360\337\307\286\278\297\305\308\321\291\266\305\325\293\274\279\292\296\306\300\283\308\298\295\350\329\375\340\66\66\139\167\349\346\96\51\3\74\341\711\695\743\831\506\107\93\62\33\17\16\27\28\32\16\12\9\21\22\23\20\43\25\20\27\10\10\17\9\11\26\28\9\18\0\0\0\0\0\0\0\0\0\0\0\0\0\0\0\0\0\0\0\0\0\0\0\0\0\0\0\0\0\0\0\0\0\0\0\0\0\0\0\0\0\0\0\0\0\0\0\0\0\0\0\0\0\0\0\0\0\0\0\0\0\0\0\0\15\6\12\16\18\26\14\10\12\12\12\15\14\21\13\26\35\20\8\8\12\16\26\33\40\16\20\38\92\214\658\799\765\515\156\64\53\27\101\139\92\85\45\42\194\415\342\326\335\289\286\280\279\284\287\302\297\303\325\321\311\299\271\275\305\293\281\295\307\344\379\361\318\338\374\357\340\337\320\322\335\340\372\386\386\413\389\380\364\350\479\401\223\341\361\247\265\295\345\357\296\302\322\293\268\261\302\335\315\334\369\354\359\419\466\419\343\335\347\348\324\287\282\291\316\335\317\321\315\295\317\308\289\300\288\293\306\299\289\285\308\311\327\331\339\388\177\66\94\151\216\359\203\66\55\40\108\553\682\688\785\520\152\54\91\35\15\34\14\19\27\16\14\13\19\15\12\14\40\36\27\16\4\10\9\20\17\8\15\13\13\22\0\0\0\0\0\0\0\0\0\0\0\0\0\0\0\0\0\0\0\0\0\0\0\0\0\0\0\0\0\0\0\0\0\0\0\0\0\0\0\0\0\0\0\0\0\0\0\0\0\0\0\0\0\0\0\0\0\0\0\0\0\0\0\0\6\10\15\14\20\12\19\21\24\12\12\10\27\28\21\16\20\18\13\6\9\24\40\16\12\24\20\32\87\63\379\665\791\726\319\107\128\57\29\120\203\95\53\47\39\260\421\320\330\335\296\297\283\269\263\297\317\305\337\333\296\322\307\264\285\287\292\319\314\328\350\343\329\328\366\387\354\340\331\311\333\349\332\331\355\377\363\370\349\349\501\398\190\343\371\239\285\312\318\345\297\292\330\285\256\290\294\288\282\300\372\363\335\387\415\389\347\330\352\341\304\279\272\311\335\337\348\334\304\326\350\311\275\293\300\282\280\270\270\293\295\330\340\337\434\293\51\46\119\145\261\206\69\29\42\14\395\706\717\745\538\150\33\82\50\24\19\12\15\46\38\18\6\15\14\10\24\27\27\32\18\10\3\19\8\4\10\25\12\27\31\17\0\0\0\0\0\0\0\0\0\0\0\0\0\0\0\0\0\0\0\0\0\0\0\0\0\0\0\0\0\0\0\0\0\0\0\0\0\0\0\0\0\0\0\0\0\0\0\0\0\0\0\0\0\0\0\0\0\0\0\0\0\0\0\0\12\22\13\30\32\17\18\10\18\15\9\21\15\25\24\6\6\14\15\10\20\35\41\26\19\26\30\20\59\118\154\660\777\744\585\182\57\143\68\72\149\187\74\76\39\36\329\385\311\347\339\319\302\274\259\270\302\322\326\320\326\342\313\271\278\298\314\316\312\328\336\336\332\320\358\387\340\326\341\313\305\317\331\349\349\349\334\335\331\332\467\400\170\282\398\288\279\319\312\316\316\302\296\316\328\307\300\307\302\324\343\326\333\368\388\372\318\308\340\332\303\288\275\305\344\327\309\340\369\374\353\324\307\302\305\291\273\275\290\293\329\347\332\423\352\100\51\101\134\218\219\81\63\92\69\129\607\752\700\700\335\36\28\71\43\25\14\35\31\37\33\10\6\9\8\31\42\33\12\16\20\15\26\12\16\9\31\19\21\19\27\35\0\0\0\0\0\0\0\0\0\0\0\0\0\0\0\0\0\0\0\0\0\0\0\0\0\0\0\0\0\0\0\0\0\0\0\0\0\0\0\0\0\0\0\0\0\0\0\0\0\0\0\0\0\0\0\0\0\0\0\0\0\0\0\0\24\17\7\13\10\8\18\36\33\20\19\15\12\16\24\22\15\20\35\14\22\24\32\47\33\16\31\26\15\94\56\488\725\689\719\449\83\114\115\33\67\162\111\54\43\56\94\327\372\327\326\327\332\292\260\279\291\301\321\334\323\297\296\298\277\281\310\323\323\317\333\346\340\333\348\365\332\302\331\358\341\292\287\315\315\320\310\293\299\326\434\388\206\293\407\319\281\320\331\318\304\300\291\308\325\312\314\306\297\339\364\338\326\362\387\358\338\346\338\312\303\305\303\316\337\348\300\238\320\420\365\317\315\268\271\306\278\283\330\333\328\343\403\360\107\28\82\101\158\189\80\11\47\74\104\380\691\724\788\697\267\23\34\57\21\29\16\21\32\29\17\10\12\10\17\24\15\10\10\16\22\28\22\13\9\8\19\18\12\12\26\29\0\0\0\0\0\0\0\0\0\0\0\0\0\0\0\0\0\0\0\0\0\0\0\0\0\0\0\0\0\0\0\0\0\0\0\0\0\0\0\0\0\0\0\0\0\0\0\0\0\0\0\0\0\0\0\0\0\0\0\0\0\0\0\0\24\19\13\3\31\35\24\21\19\13\8\16\16\17\23\29\26\17\19\18\22\12\36\34\35\16\18\10\23\49\120\186\707\821\720\713\397\84\107\84\45\54\120\77\66\47\33\97\322\383\329\317\316\297\298\299\287\285\303\323\313\304\326\324\288\265\282\325\339\345\352\336\345\346\320\333\345\329\337\353\338\303\294\310\322\331\307\273\261\276\396\400\239\277\374\311\300\326\317\338\306\259\274\283\299\325\320\318\329\339\357\358\350\352\350\353\373\352\313\301\293\307\331\319\315\342\331\216\156\312\406\347\295\258\247\286\313\330\342\324\340\421\340\87\24\69\110\111\132\80\14\88\103\77\287\643\725\681\752\628\239\47\74\49\2\13\27\42\16\6\23\28\19\10\21\26\23\17\22\20\29\41\10\21\7\6\20\13\11\11\28\19\0\0\0\0\0\0\0\0\0\0\0\0\0\0\0\0\0\0\0\0\0\0\0\0\0\0\0\0\0\0\0\0\0\0\0\0\0\0\0\0\0\0\0\0\0\0\0\0\0\0\0\0\0\0\0\0\0\0\0\0\0\0\0\0\20\28\14\10\7\28\29\14\26\29\5\16\31\7\14\31\22\9\5\18\29\29\11\5\27\19\18\32\37\23\95\111\395\805\831\747\683\364\49\58\66\34\89\138\57\46\29\21\104\288\342\300\301\312\290\253\217\259\327\325\307\314\350\374\322\273\280\320\351\358\359\359\354\348\312\298\326\329\323\337\333\316\336\342\307\316\303\270\259\249\372\392\219\254\353\302\281\299\343\350\280\254\279\307\322\328\348\357\361\354\349\364\360\336\338\361\383\367\321\290\293\342\355\314\313\299\326\299\118\205\436\393\289\271\262\326\354\315\311\349\407\302\81\24\100\109\155\180\73\22\85\106\43\216\595\739\698\702\651\441\156\65\53\16\31\34\19\33\40\28\20\13\19\22\39\46\35\25\17\14\14\17\12\9\13\24\30\14\32\22\21\22\0\0\0\0\0\0\0\0\0\0\0\0\0\0\0\0\0\0\0\0\0\0\0\0\0\0\0\0\0\0\0\0\0\0\0\0\0\0\0\0\0\0\0\0\0\0\0\0\0\0\0\0\0\0\0\0\0\0\0\0\0\0\0\0\14\33\31\19\7\12\22\22\13\26\32\17\31\27\13\25\31\17\7\8\24\21\10\25\35\26\18\4\27\30\20\98\97\494\755\725\743\634\279\61\134\57\48\131\168\54\36\41\33\126\261\328\323\311\271\238\250\289\305\314\318\271\289\354\299\272\324\341\343\348\341\337\345\342\319\321\317\292\315\340\334\304\300\335\334\322\307\294\277\227\336\388\217\259\376\306\301\355\353\307\266\302\343\324\305\330\357\362\370\357\352\372\353\341\372\379\369\372\335\278\271\314\322\296\309\309\335\311\127\171\420\413\265\243\282\330\346\325\338\368\257\61\46\105\140\135\138\61\28\79\89\46\156\536\748\709\698\734\617\268\80\73\20\18\17\20\10\31\42\17\10\15\24\12\14\11\37\26\16\21\7\12\7\19\26\7\15\16\25\12\13\6\0\0\0\0\0\0\0\0\0\0\0\0\0\0\0\0\0\0\0\0\0\0\0\0\0\0\0\0\0\0\0\0\0\0\0\0\0\0\0\0\0\0\0\0\0\0\0\0\0\0\0\0\0\0\0\0\0\0\0\0\0\0\0\0\13\10\30\20\10\19\33\24\9\11\15\17\6\27\16\8\11\24\17\18\17\36\19\20\25\20\26\20\17\34\8\41\100\126\552\743\695\691\600\208\38\116\50\61\223\277\153\138\111\35\124\294\326\309\299\293\321\307\276\304\257\203\323\382\292\289\328\333\346\335\334\342\328\335\353\336\292\291\329\331\316\309\306\313\329\343\302\302\310\219\313\361\172\270\413\287\286\346\319\317\315\308\310\307\314\338\354\344\336\355\360\366\380\376\375\364\353\341\305\275\269\308\324\296\322\334\336\306\143\154\383\413\269\275\328\335\395\377\246\139\51\42\102\109\116\123\40\27\121\123\39\183\551\701\697\714\733\608\270\53\64\29\19\15\15\19\45\44\20\22\18\18\13\20\34\31\16\10\17\11\15\18\10\11\6\6\16\15\13\11\22\35\0\0\0\0\0\0\0\0\0\0\0\0\0\0\0\0\0\0\0\0\0\0\0\0\0\0\0\0\0\0\0\0\0\0\0\0\0\0\0\0\0\0\0\0\0\0\0\0\0\0\0\0\0\0\0\0\0\0\0\0\0\0\0\0\9\10\33\42\15\11\17\13\18\6\12\10\14\25\18\26\16\18\28\20\30\44\21\24\22\24\47\34\8\29\47\38\62\103\262\699\760\713\727\458\104\45\140\65\23\221\267\202\197\83\21\117\272\308\263\280\318\272\276\252\138\223\387\364\295\295\326\331\311\308\312\323\331\313\308\303\283\301\329\338\347\326\315\301\286\347\327\306\341\313\422\370\140\296\393\256\261\294\329\339\284\287\287\285\311\316\343\358\329\357\397\362\337\351\342\341\353\325\287\259\275\335\330\306\316\303\352\285\76\153\370\374\316\312\321\414\371\138\34\32\56\120\120\174\154\31\53\112\127\113\185\556\790\669\687\757\582\249\82\92\35\6\17\15\15\30\36\31\16\23\15\7\18\26\40\35\34\12\17\14\9\21\12\26\17\17\13\15\7\20\21\19\0\0\0\0\0\0\0\0\0\0\0\0\0\0\0\0\0\0\0\0\0\0\0\0\0\0\0\0\0\0\0\0\0\0\0\0\0\0\0\0\0\0\0\0\0\0\0\0\0\0\0\0\0\0\0\0\0\0\0\0\0\0\0\0\11\17\11\20\26\21\11\6\9\13\6\8\6\21\31\24\13\17\36\16\15\6\4\6\9\7\19\39\21\37\23\18\11\45\80\326\788\762\709\723\382\89\34\138\62\35\174\261\258\208\113\66\158\245\228\240\276\270\250\193\226\340\347\325\298\291\337\327\315\325\304\313\324\298\291\307\294\293\316\316\331\312\285\316\328\315\298\313\329\359\434\279\163\357\372\267\289\318\327\303\273\277\287\306\303\301\330\326\302\342\385\347\316\349\363\341\326\308\285\260\287\327\285\284\310\313\389\257\50\198\334\330\344\307\348\366\166\33\27\118\165\152\173\133\46\70\94\37\24\180\572\753\700\759\732\445\129\50\62\18\17\5\28\18\17\22\10\10\21\22\14\20\24\25\8\9\12\18\8\11\23\13\25\19\27\23\10\10\13\8\24\10\0\0\0\0\0\0\0\0\0\0\0\0\0\0\0\0\0\0\0\0\0\0\0\0\0\0\0\0\0\0\0\0\0\0\0\0\0\0\0\0\0\0\0\0\0\0\0\0\0\0\0\0\0\0\0\0\0\0\0\0\0\0\0\0\9\10\8\21\8\13\9\9\16\5\22\15\11\14\29\30\17\26\18\20\7\19\21\6\5\4\13\15\10\4\16\20\35\10\47\67\366\772\754\743\688\374\82\64\119\20\52\177\224\205\191\102\82\175\209\195\247\254\229\289\341\322\305\307\300\311\306\293\342\348\315\342\340\310\313\315\308\305\288\320\370\321\288\339\355\300\262\293\279\345\435\190\119\386\361\248\278\290\311\297\275\284\286\316\326\309\317\315\298\296\331\357\323\321\351\312\293\306\296\299\305\315\305\297\333\393\414\243\92\202\285\301\305\305\322\184\42\60\128\158\131\164\117\56\33\68\18\203\367\550\784\781\696\590\295\56\68\27\11\27\18\32\36\24\6\16\11\17\10\28\25\9\19\21\20\20\16\17\25\11\13\19\7\14\19\24\19\12\27\12\22\23\0\0\0\0\0\0\0\0\0\0\0\0\0\0\0\0\0\0\0\0\0\0\0\0\0\0\0\0\0\0\0\0\0\0\0\0\0\0\0\0\0\0\0\0\0\0\0\0\0\0\0\0\0\0\0\0\0\0\0\0\0\0\0\0\21\20\20\11\20\10\14\29\17\5\28\22\11\11\32\13\7\14\23\16\10\16\17\18\11\21\19\11\15\19\10\19\27\20\20\82\102\358\775\765\703\685\416\94\36\94\36\63\212\195\131\119\95\139\162\128\176\245\290\349\342\304\287\260\275\294\284\284\302\329\314\303\342\319\291\300\287\306\310\295\334\328\296\306\333\326\285\291\257\315\465\222\61\332\386\296\316\310\338\343\294\301\331\333\328\315\300\322\336\318\325\334\318\311\312\303\305\303\298\294\275\299\325\316\345\386\390\285\108\139\262\251\248\262\156\55\46\85\129\169\248\155\33\100\94\48\277\605\744\762\704\723\490\103\67\50\33\7\9\7\24\40\35\15\8\11\12\16\18\18\22\10\16\7\12\11\9\9\13\18\17\6\4\13\14\27\19\21\31\22\15\11\0\0\0\0\0\0\0\0\0\0\0\0\0\0\0\0\0\0\0\0\0\0\0\0\0\0\0\0\0\0\0\0\0\0\0\0\0\0\0\0\0\0\0\0\0\0\0\0\0\0\0\0\0\0\0\0\0\0\0\0\0\0\0\0\23\14\17\8\8\18\30\24\16\23\15\11\7\22\24\12\13\8\23\21\30\21\19\35\14\12\12\22\10\25\39\21\15\18\34\20\59\91\330\768\758\696\695\414\103\46\78\30\68\160\182\172\117\82\129\117\90\249\368\332\330\307\265\270\262\270\296\297\289\294\297\296\316\326\341\337\297\302\315\306\295\286\297\287\296\305\290\308\268\365\451\151\78\395\373\254\275\274\293\335\356\329\305\322\317\300\304\315\313\309\316\321\326\332\322\293\273\278\281\277\270\280\299\298\323\349\361\342\183\94\201\249\204\145\63\48\99\117\134\224\179\29\70\72\97\326\750\721\688\759\630\288\64\81\58\18\35\39\31\28\23\25\10\20\13\36\29\18\37\28\20\21\17\9\30\28\15\14\6\9\26\16\19\5\14\40\35\18\14\20\18\21\0\0\0\0\0\0\0\0\0\0\0\0\0\0\0\0\0\0\0\0\0\0\0\0\0\0\0\0\0\0\0\0\0\0\0\0\0\0\0\0\0\0\0\0\0\0\0\0\0\0\0\0\0\0\0\0\0\0\0\0\0\0\0\0\18\12\13\25\20\18\13\6\6\2\15\18\19\20\18\11\18\24\13\8\12\13\34\24\3\16\29\22\12\22\35\34\15\21\33\32\22\55\76\305\758\752\668\672\454\134\40\54\23\89\178\173\155\73\74\107\77\234\400\342\297\295\263\236\227\267\298\306\316\306\298\298\308\323\326\332\329\316\315\311\296\290\277\263\273\297\326\309\320\418\272\59\186\336\225\228\300\330\363\340\333\334\289\274\271\273\309\329\312\307\317\302\298\305\290\286\294\293\287\276\273\270\279\296\294\316\385\376\210\95\140\170\108\63\70\100\161\205\151\67\33\68\78\75\359\758\736\709\782\650\245\88\58\24\40\29\40\39\28\23\12\5\25\29\16\25\30\7\14\35\27\20\11\19\15\24\31\18\16\11\21\22\10\18\9\21\46\32\19\26\38\25\0\0\0\0\0\0\0\0\0\0\0\0\0\0\0\0\0\0\0\0\0\0\0\0\0\0\0\0\0\0\0\0\0\0\0\0\0\0\0\0\0\0\0\0\0\0\0\0\0\0\0\0\0\0\0\0\0\0\0\0\0\0\0\0\32\15\8\10\24\39\25\12\8\37\26\12\17\23\8\7\13\9\16\8\12\19\24\25\11\13\10\10\15\18\6\11\33\33\13\21\26\17\43\86\256\711\776\668\702\490\111\45\78\19\120\242\204\148\100\71\57\165\349\378\314\308\277\239\274\302\289\306\319\299\307\317\310\337\308\256\290\308\301\314\295\259\272\275\279\340\348\355\385\249\121\167\152\119\233\361\394\384\383\355\321\314\285\268\296\304\300\305\289\326\343\277\298\314\254\288\328\309\307\290\270\285\292\287\279\286\374\379\198\87\109\94\43\71\128\120\219\274\76\60\116\54\76\416\783\749\684\817\560\91\94\36\17\19\28\43\45\26\21\27\13\10\27\24\41\21\17\12\11\29\27\12\6\8\8\12\4\27\25\23\16\13\16\13\11\14\10\12\22\33\32\37\0\0\0\0\0\0\0\0\0\0\0\0\0\0\0\0\0\0\0\0\0\0\0\0\0\0\0\0\0\0\0\0\0\0\0\0\0\0\0\0\0\0\0\0\0\0\0\0\0\0\0\0\0\0\0\0\0\0\0\0\0\0\0\0\19\8\26\29\19\11\14\13\19\18\12\7\11\15\19\22\7\16\24\12\15\1\13\26\35\16\14\10\22\13\7\31\32\28\28\14\15\14\28\36\113\302\790\749\645\693\459\104\11\42\35\179\247\167\144\115\45\46\212\356\351\304\270\293\326\322\301\299\311\280\271\309\338\370\317\205\281\363\291\287\311\276\316\356\331\342\376\324\149\47\123\256\143\118\318\361\298\269\274\298\275\266\275\291\332\320\302\299\282\319\315\285\341\322\262\279\313\309\284\292\289\275\284\275\285\319\362\329\147\23\53\67\95\137\114\173\241\98\18\46\30\70\440\789\746\725\835\494\155\113\31\34\46\13\12\32\31\21\12\12\6\1\8\20\33\10\8\26\31\19\7\16\20\9\19\25\41\21\30\27\14\23\4\26\23\9\14\10\16\24\20\35\0\0\0\0\0\0\0\0\0\0\0\0\0\0\0\0\0\0\0\0\0\0\0\0\0\0\0\0\0\0\0\0\0\0\0\0\0\0\0\0\0\0\0\0\0\0\0\0\0\0\0\0\0\0\0\0\0\0\0\0\0\0\0\0\32\16\14\21\9\14\6\8\25\7\20\19\26\12\9\25\15\7\24\19\9\25\14\20\8\8\3\6\27\20\3\26\14\15\27\24\22\10\16\23\59\89\275\758\735\617\710\448\57\42\47\28\175\268\164\114\97\22\76\258\317\311\330\266\320\340\230\285\329\293\322\312\306\351\363\310\246\296\367\314\284\295\298\334\322\349\301\73\75\35\65\133\147\125\372\372\241\272\278\278\274\251\274\308\315\307\313\298\297\323\294\293\333\298\269\293\306\313\255\224\326\349\302\326\314\310\354\202\29\33\74\147\221\164\178\218\85\23\58\43\160\519\746\693\739\810\427\69\70\35\35\27\5\15\19\29\15\14\36\16\17\33\40\45\19\14\26\27\10\19\20\4\8\9\27\12\11\3\8\22\39\23\45\18\11\24\24\17\19\28\32\34\0\0\0\0\0\0\0\0\0\0\0\0\0\0\0\0\0\0\0\0\0\0\0\0\0\0\0\0\0\0\0\0\0\0\0\0\0\0\0\0\0\0\0\0\0\0\0\0\0\0\0\0\0\0\0\0\0\0\0\0\0\0\0\0\9\24\20\18\10\14\22\16\12\11\18\8\10\15\22\20\25\30\12\26\21\11\21\24\35\23\21\19\14\15\14\8\25\32\23\43\20\21\16\7\13\47\91\290\734\770\657\682\471\117\33\103\29\146\280\166\160\103\54\107\259\299\299\307\404\306\149\285\339\285\321\305\291\326\360\411\336\192\221\342\357\353\339\309\364\296\98\133\67\35\81\110\94\64\354\403\235\262\276\275\314\300\295\310\308\302\300\299\310\302\279\300\311\273\256\283\315\321\274\217\281\362\347\307\284\288\199\65\62\74\104\199\219\188\135\30\23\86\114\146\410\745\749\738\791\380\120\84\28\52\23\7\27\71\49\14\7\7\16\13\32\26\20\18\18\25\24\34\22\6\12\8\19\28\24\27\7\25\23\14\28\33\18\22\25\20\25\13\15\57\27\17\0\0\0\0\0\0\0\0\0\0\0\0\0\0\0\0\0\0\0\0\0\0\0\0\0\0\0\0\0\0\0\0\0\0\0\0\0\0\0\0\0\0\0\0\0\0\0\0\0\0\0\0\0\0\0\0\0\0\0\0\0\0\0\0\31\17\15\21\22\38\28\13\5\7\21\21\17\16\14\8\11\13\8\19\7\8\4\11\29\22\14\20\22\18\14\21\32\28\32\34\34\39\18\35\32\8\34\82\234\723\764\640\745\513\96\39\67\30\98\239\174\91\43\24\127\251\227\270\319\205\187\305\334\304\287\285\294\291\274\310\370\311\224\243\315\366\308\365\398\160\100\38\24\24\44\112\171\45\218\430\340\311\312\276\312\321\306\311\313\321\317\320\318\262\250\303\304\276\275\290\318\330\292\238\230\268\284\238\187\120\45\79\97\94\193\219\175\70\76\43\83\65\214\358\599\756\788\812\376\113\74\27\51\23\20\28\50\29\15\13\25\16\28\18\22\33\16\18\35\25\12\13\11\24\8\7\9\29\19\13\15\18\17\7\29\26\18\7\15\7\11\15\55\42\17\21\0\0\0\0\0\0\0\0\0\0\0\0\0\0\0\0\0\0\0\0\0\0\0\0\0\0\0\0\0\0\0\0\0\0\0\0\0\0\0\0\0\0\0\0\0\0\0\0\0\0\0\0\0\0\0\0\0\0\0\0\0\0\0\0\5\29\29\13\21\29\5\25\24\9\15\15\32\18\18\27\13\14\14\6\8\12\12\15\18\21\19\4\11\14\6\15\31\31\6\9\29\31\24\11\12\33\18\57\107\161\690\804\653\745\576\88\81\138\34\93\230\144\76\159\62\78\211\202\205\168\159\346\398\302\285\296\293\276\273\283\271\319\371\332\304\255\271\412\269\101\69\58\27\39\36\195\216\75\108\316\350\316\313\305\317\292\291\344\341\316\315\308\296\252\240\308\306\287\327\306\309\341\249\190\217\196\176\135\51\31\106\119\101\196\274\240\92\52\87\116\70\279\568\682\666\768\781\307\119\79\24\38\14\21\48\33\21\25\28\19\16\9\17\21\18\33\12\18\38\30\12\8\6\13\19\21\9\5\12\22\13\33\34\20\30\31\2\17\25\11\39\39\37\21\25\30\0\0\0\0\0\0\0\0\0\0\0\0\0\0\0\0\0\0\0\0\0\0\0\0\0\0\0\0\0\0\0\0\0\0\0\0\0\0\0\0\0\0\0\0\0\0\0\0\0\0\0\0\0\0\0\0\0\0\0\0\0\0\0\0\5\13\4\8\10\20\17\20\27\21\20\23\17\19\11\3\7\9\11\17\14\10\4\17\9\26\24\11\15\8\12\14\13\34\18\15\12\16\40\46\9\10\33\32\27\86\148\635\863\683\665\613\185\31\153\67\41\137\80\158\199\50\55\132\175\155\111\290\416\351\302\265\269\295\286\288\281\294\311\343\372\282\278\321\131\47\37\53\39\19\128\173\163\129\58\144\278\288\322\323\286\297\307\313\311\295\287\285\297\274\249\302\338\344\332\315\361\299\163\144\138\115\60\24\60\129\117\105\174\263\183\41\38\123\46\62\336\674\772\717\738\684\268\126\64\26\42\23\12\44\33\6\20\26\20\12\17\17\24\27\14\18\24\11\17\33\29\9\16\22\37\7\13\14\17\38\45\22\11\11\26\14\18\14\14\28\31\17\17\20\33\2\0\0\0\0\0\0\0\0\0\0\0\0\0\0\0\0\0\0\0\0\0\0\0\0\0\0\0\0\0\0\0\0\0\0\0\0\0\0\0\0\0\0\0\0\0\0\0\0\0\0\0\0\0\0\0\0\0\0\0\0\0\0\0\0\13\10\15\36\20\17\15\10\15\36\38\18\24\16\16\16\6\20\19\12\16\30\12\14\21\29\13\11\11\13\14\11\27\21\12\7\4\36\41\27\25\16\43\49\24\12\54\114\574\891\802\718\607\218\29\85\49\72\74\165\174\95\35\59\105\115\79\154\275\331\356\330\295\310\301\264\280\311\293\311\325\254\255\235\80\20\34\67\92\59\43\31\71\144\61\86\333\381\312\289\278\297\291\269\292\312\300\290\295\303\298\295\325\339\330\344\274\128\100\103\51\50\57\74\106\81\131\230\203\91\25\52\121\96\45\493\752\722\682\796\729\237\127\26\20\37\24\39\42\54\23\18\22\15\9\18\13\36\25\15\10\20\21\19\12\22\22\29\10\24\43\38\21\32\20\22\13\6\25\19\10\9\7\5\4\23\21\22\30\29\13\19\0\0\0\0\0\0\0\0\0\0\0\0\0\0\0\0\0\0\0\0\0\0\0\0\0\0\0\0\0\0\0\0\0\0\0\0\0\0\0\0\0\0\0\0\0\0\0\0\0\0\0\0\0\0\0\0\0\0\0\0\0\0\0\0\21\14\10\36\25\12\19\30\36\5\4\8\25\18\15\9\15\13\15\27\21\12\11\13\17\6\7\27\21\16\19\10\19\47\20\4\2\14\25\15\17\31\29\37\34\6\19\51\43\450\920\900\747\638\294\86\79\27\21\46\176\147\63\88\150\98\49\44\104\177\252\309\343\343\326\318\304\283\272\315\341\306\292\247\159\149\141\109\95\43\63\138\137\121\72\20\209\383\312\252\299\300\270\252\245\257\292\313\315\326\314\286\272\289\300\201\111\125\73\27\51\68\130\162\140\192\228\177\64\50\87\91\82\174\587\772\753\744\799\583\108\105\53\51\42\20\18\21\38\31\10\14\27\22\16\20\32\35\6\19\39\27\12\13\28\16\12\11\19\16\18\24\28\24\10\20\20\12\14\12\7\19\21\8\16\17\20\39\34\16\7\19\0\0\0\0\0\0\0\0\0\0\0\0\0\0\0\0\0\0\0\0\0\0\0\0\0\0\0\0\0\0\0\0\0\0\0\0\0\0\0\0\0\0\0\0\0\0\0\0\0\0\0\0\0\0\0\0\0\0\0\0\0\0\0\0\14\6\11\22\25\17\26\12\29\36\9\15\20\9\11\9\12\5\2\13\16\14\12\16\3\11\8\12\7\8\27\17\7\1\21\15\18\14\16\10\11\14\27\21\24\9\28\36\39\54\257\829\895\725\595\280\71\23\52\23\24\122\134\66\85\117\120\79\30\22\88\151\215\251\283\345\382\379\363\360\349\276\198\161\156\202\214\95\28\118\215\288\297\181\121\57\38\240\358\308\295\286\278\277\259\262\285\318\330\334\336\294\292\284\158\61\51\84\104\98\106\140\177\270\286\167\82\40\29\118\105\122\302\731\759\628\717\853\517\141\97\25\26\47\33\31\21\32\30\8\7\5\4\14\26\21\17\25\29\28\20\16\33\11\12\17\10\7\14\8\11\27\27\11\19\39\34\5\6\4\22\36\32\13\17\20\17\18\9\6\14\5\0\0\0\0\0\0\0\0\0\0\0\0\0\0\0\0\0\0\0\0\0\0\0\0\0\0\0\0\0\0\0\0\0\0\0\0\0\0\0\0\0\0\0\0\0\0\0\0\0\0\0\0\0\0\0\0\0\0\0\0\0\0\0\0\25\11\17\14\15\30\24\6\8\21\11\36\37\10\6\14\12\25\33\19\6\9\6\7\17\18\15\23\22\21\8\7\5\24\23\18\22\15\22\35\21\26\25\45\42\22\19\46\16\58\73\81\627\937\689\362\329\228\51\72\114\32\72\150\129\96\117\115\62\40\32\57\87\79\148\244\265\266\281\254\180\148\134\69\61\81\60\70\138\243\292\281\268\205\149\98\30\73\184\266\310\312\303\303\289\279\282\291\310\288\250\229\174\94\64\76\79\116\178\195\184\214\304\317\161\47\25\68\123\91\121\495\775\681\668\749\712\384\72\77\31\33\21\27\35\21\19\20\25\12\31\24\32\29\24\16\20\34\18\7\10\9\17\7\12\23\9\11\25\23\18\10\17\23\13\10\7\22\22\22\18\12\7\15\14\16\9\14\10\10\6\24\0\0\0\0\0\0\0\0\0\0\0\0\0\0\0\0\0\0\0\0\0\0\0\0\0\0\0\0\0\0\0\0\0\0\0\0\0\0\0\0\0\0\0\0\0\0\0\0\0\0\0\0\0\0\0\0\0\0\0\0\0\0\0\0\3\20\18\8\16\15\23\15\29\38\27\20\8\25\17\9\14\28\27\11\18\21\10\7\23\29\12\24\35\32\14\20\11\20\22\19\50\38\30\19\7\6\9\23\38\53\21\13\49\37\66\52\116\570\963\756\551\640\371\138\54\120\41\48\113\119\145\106\16\69\98\38\63\63\78\114\73\67\71\45\88\136\144\151\127\109\109\156\249\284\277\248\195\233\219\85\65\81\42\86\185\252\285\277\263\265\291\292\213\127\79\55\46\39\68\134\179\222\242\273\314\282\207\78\44\36\65\59\120\145\697\758\596\728\755\601\295\96\73\20\46\39\27\33\40\27\24\17\4\1\9\12\26\19\11\18\14\27\17\9\16\17\31\22\13\17\16\4\21\35\31\5\7\7\22\10\6\11\16\15\23\18\23\7\10\11\6\6\10\12\15\8\0\0\0\0\0\0\0\0\0\0\0\0\0\0\0\0\0\0\0\0\0\0\0\0\0\0\0\0\0\0\0\0\0\0\0\0\0\0\0\0\0\0\0\0\0\0\0\0\0\0\0\0\0\0\0\0\0\0\0\0\0\0\0\0\8\15\30\33\14\4\13\24\15\19\31\28\14\17\22\34\42\18\20\5\13\16\15\20\20\20\7\11\21\17\12\13\26\19\20\10\11\29\41\34\26\8\28\26\16\32\59\21\9\31\21\72\51\27\388\799\813\697\716\528\100\92\90\89\26\32\100\186\139\61\76\97\123\133\93\53\53\68\78\125\183\213\237\281\273\251\300\307\275\260\239\238\241\295\317\160\58\96\87\43\23\57\151\218\234\197\156\137\81\36\39\60\102\135\186\200\172\206\275\341\302\124\29\20\35\43\35\76\360\750\761\602\706\723\444\131\46\38\9\16\16\10\37\47\25\21\22\11\3\15\32\37\23\23\22\9\15\28\20\9\11\32\30\17\19\22\19\47\33\31\32\32\28\5\12\20\25\12\6\15\12\11\17\15\7\3\23\14\10\19\21\19\0\0\0\0\0\0\0\0\0\0\0\0\0\0\0\0\0\0\0\0\0\0\0\0\0\0\0\0\0\0\0\0\0\0\0\0\0\0\0\0\0\0\0\0\0\0\0\0\0\0\0\0\0\0\0\0\0\0\0\0\0\0\0\0\4\27\12\17\24\9\5\6\6\5\16\13\19\8\15\24\21\13\26\10\12\11\20\30\15\8\11\14\3\11\23\5\8\17\6\11\23\23\23\14\18\8\27\28\25\13\32\42\15\12\13\23\48\50\110\206\669\818\672\693\720\331\112\75\50\76\73\83\125\148\130\145\151\98\87\127\110\99\175\252\266\287\313\292\319\350\309\296\269\230\256\279\312\340\322\293\185\91\112\95\38\47\74\82\87\58\49\69\95\88\61\93\107\149\225\199\284\396\290\208\112\22\52\67\37\94\177\499\802\626\604\801\592\243\30\58\50\39\18\13\21\30\35\28\18\11\23\24\33\8\17\15\15\26\13\17\8\11\10\11\13\24\24\13\23\15\26\30\8\26\33\13\6\11\28\32\22\8\10\18\9\16\15\11\14\8\5\10\19\10\12\20\0\0\0\0\0\0\0\0\0\0\0\0\0\0\0\0\0\0\0\0\0\0\0\0\0\0\0\0\0\0\0\0\0\0\0\0\0\0\0\0\0\0\0\0\0\0\0\0\0\0\0\0\0\0\0\0\0\0\0\0\0\0\0\0\6\2\12\18\12\16\26\13\10\28\11\16\5\14\17\23\5\6\16\8\12\10\8\13\6\16\17\8\12\16\23\27\28\21\5\7\21\16\15\5\16\4\21\15\14\12\9\14\31\28\16\10\27\19\29\53\54\412\765\691\585\681\498\139\56\54\97\50\55\64\124\156\181\148\160\224\181\166\238\265\267\264\279\294\306\329\315\321\334\303\332\370\352\322\327\341\302\236\171\130\109\100\105\74\81\106\92\105\117\104\88\109\235\269\220\301\378\329\189\31\14\63\49\33\105\338\546\626\597\645\676\410\93\53\40\33\25\8\28\40\40\27\21\10\12\17\16\26\28\24\27\17\6\10\10\16\19\16\21\11\13\12\22\13\23\27\23\40\19\5\14\17\9\6\10\14\16\14\18\18\12\10\22\21\17\14\28\28\12\10\22\9\0\0\0\0\0\0\0\0\0\0\0\0\0\0\0\0\0\0\0\0\0\0\0\0\0\0\0\0\0\0\0\0\0\0\0\0\0\0\0\0\0\0\0\0\0\0\0\0\0\0\0\0\0\0\0\0\0\0\0\0\0\0\0\0\7\12\15\12\8\9\7\8\18\28\23\7\14\15\18\20\20\18\2\2\14\7\8\16\9\13\23\18\14\11\3\22\26\24\25\17\7\11\7\10\31\22\22\19\15\12\11\19\22\37\55\44\21\23\20\16\58\93\195\608\737\644\688\694\417\108\41\53\81\35\27\51\100\185\221\215\242\271\251\269\346\326\308\367\340\318\341\340\387\412\354\309\320\366\371\325\311\356\327\229\207\161\101\108\85\93\127\116\140\169\196\303\358\259\193\216\174\98\39\19\55\55\22\177\470\663\646\651\745\563\171\51\55\24\7\17\13\30\36\22\27\31\19\9\21\20\23\22\17\11\13\11\18\28\33\8\5\23\10\16\9\6\15\21\17\14\20\25\37\24\20\13\16\25\7\11\9\17\10\7\19\13\15\7\9\22\10\7\7\3\6\6\0\0\0\0\0\0\0\0\0\0\0\0\0\0\0\0\0\0\0\0\0\0\0\0\0\0\0\0\0\0\0\0\0\0\0\0\0\0\0\0\0\0\0\0\0\0\0\0\0\0\0\0\0\0\0\0\0\0\0\0\0\0\0\0\15\11\12\13\11\12\14\35\22\28\26\14\16\9\14\11\22\23\8\11\8\4\8\18\12\21\9\11\23\7\13\10\15\16\14\5\6\19\15\20\11\19\10\23\31\32\25\26\20\13\31\41\26\20\23\34\11\26\86\75\406\671\673\652\693\600\321\82\13\30\51\47\28\50\82\112\194\218\180\234\272\244\313\375\363\341\300\358\385\303\299\281\323\443\348\262\317\320\315\288\253\257\228\181\118\117\207\221\224\251\208\188\168\95\34\28\49\50\38\25\35\193\400\525\658\727\679\604\373\74\64\38\32\27\14\27\18\12\15\11\20\12\16\23\45\25\19\26\26\10\17\14\10\15\20\17\4\13\12\30\19\22\9\15\14\19\22\19\4\19\20\9\9\12\9\21\39\14\9\7\18\14\10\14\18\30\6\11\32\16\6\12\0\0\0\0\0\0\0\0\0\0\0\0\0\0\0\0\0\0\0\0\0\0\0\0\0\0\0\0\0\0\0\0\0\0\0\0\0\0\0\0\0\0\0\0\0\0\0\0\0\0\0\0\0\0\0\0\0\0\0\0\0\0\0\0\12\15\18\6\12\16\14\16\9\7\8\13\15\8\15\9\21\7\5\17\26\17\15\12\11\14\11\6\12\19\12\26\18\21\7\17\26\13\14\11\14\14\15\20\17\36\31\18\8\15\27\15\12\34\45\23\29\24\6\37\80\128\433\623\669\688\636\505\308\96\27\38\43\32\33\44\44\42\70\90\85\108\138\191\234\197\189\230\211\185\186\214\292\342\294\243\264\244\175\172\167\171\228\202\167\186\178\185\166\92\55\43\14\8\20\51\54\48\52\155\390\531\601\676\712\687\471\141\54\34\20\35\27\27\35\19\11\11\10\17\15\12\9\13\21\15\14\22\22\11\17\16\21\17\10\12\5\9\29\19\34\35\16\19\24\26\24\18\15\9\12\10\16\18\25\31\26\12\6\9\10\13\15\21\22\11\8\23\30\26\14\2\0\0\0\0\0\0\0\0\0\0\0\0\0\0\0\0\0\0\0\0\0\0\0\0\0\0\0\0\0\0\0\0\0\0\0\0\0\0\0\0\0\0\0\0\0\0\0\0\0\0\0\0\0\0\0\0\0\0\0\0\0\0\0\0\4\6\8\15\17\22\7\9\17\12\12\19\5\13\5\16\18\19\10\19\22\24\15\16\16\23\26\8\21\14\7\11\13\24\20\19\12\8\10\19\10\16\5\25\20\18\13\10\12\31\16\23\20\9\16\25\36\37\38\22\26\55\63\145\430\610\697\718\639\466\254\117\69\45\48\46\41\59\43\49\76\58\43\47\47\65\56\13\41\80\81\97\136\146\143\141\134\138\108\53\51\53\48\71\61\39\46\48\36\12\35\74\60\51\34\28\68\176\344\519\644\687\681\637\481\242\54\27\17\21\10\9\25\36\22\29\17\22\19\16\24\8\13\24\44\22\16\15\7\18\19\11\13\15\8\17\11\20\17\7\28\42\30\19\7\13\9\5\9\13\9\15\13\11\22\30\31\25\19\12\9\17\30\24\13\5\7\16\10\14\9\14\0\0\0\0\0\0\0\0\0\0\0\0\0\0\0\0\0\0\0\0\0\0\0\0\0\0\0\0\0\0\0\0\0\0\0\0\0\0\0\0\0\0\0\0\0\0\0\0\0\0\0\0\0\0\0\0\0\0\0\0\0\0\0\0\9\13\25\19\9\4\7\9\7\2\12\12\5\17\17\3\7\21\23\19\11\15\9\11\13\16\5\9\8\5\7\10\10\12\13\12\16\8\8\5\9\13\16\13\8\18\19\9\6\17\11\4\10\15\16\17\14\35\50\16\31\21\13\58\50\158\408\587\643\649\599\463\301\164\93\84\64\58\74\80\70\77\79\45\38\37\17\22\33\20\31\58\53\24\46\58\25\37\48\43\58\46\35\53\43\54\93\69\42\58\47\33\56\91\122\210\336\443\556\655\649\577\457\237\59\51\19\11\8\20\31\32\24\26\13\6\18\28\23\23\8\21\15\12\9\14\10\16\14\20\30\16\29\27\15\13\22\27\24\25\24\10\7\17\10\12\12\10\23\21\23\22\21\11\9\15\8\12\20\17\15\5\21\19\4\10\20\9\8\18\11\4\0\0\0\0\0\0\0\0\0\0\0\0\0\0\0\0\0\0\0\0\0\0\0\0\0\0\0\0\0\0\0\0\0\0\0\0\0\0\0\0\0\0\0\0\0\0\0\0\0\0\0\0\0\0\0\0\0\0\0\0\0\0\0\0\8\13\18\12\4\14\16\23\9\12\13\21\9\12\22\3\10\20\27\12\5\7\14\13\8\2\7\20\24\32\21\15\17\10\24\12\16\20\14\12\19\18\3\20\26\19\10\15\6\18\17\29\21\22\32\21\25\19\9\22\30\37\29\43\27\64\61\140\400\577\670\672\595\494\367\275\190\115\100\108\113\75\56\97\76\47\58\51\54\53\37\17\25\55\40\26\17\16\28\41\47\37\60\54\28\96\106\46\69\98\123\161\202\281\373\481\631\673\566\531\449\180\16\44\46\23\13\21\47\23\7\22\24\14\14\12\12\27\33\19\13\12\18\18\17\17\19\25\21\9\12\22\26\8\11\16\28\33\18\27\29\9\11\7\7\15\18\30\16\6\11\19\11\14\15\9\7\10\14\20\21\9\16\16\17\10\15\24\30\10\18\10\0\0\0\0\0\0\0\0\0\0\0\0\0\0\0\0\0\0\0\0\0\0\0\0\0\0\0\0\0\0\0\0\0\0\0\0\0\0\0\0\0\0\0\0\0\0\0\0\0\0\0\0\0\0\0\0\0\0\0\0\0\0\0\0\26\13\3\6\17\13\15\15\11\11\7\10\1\19\12\7\14\15\28\19\11\26\21\17\24\20\27\8\5\7\16\16\11\11\16\21\25\25\27\20\16\13\11\11\14\31\29\19\23\18\17\28\12\25\40\23\10\12\17\14\8\33\36\41\28\39\19\41\17\115\321\492\583\649\657\577\512\407\255\235\243\214\210\142\105\156\147\137\132\90\83\94\95\82\61\67\71\58\61\66\82\112\112\92\84\74\102\153\197\271\333\407\514\566\609\632\559\468\356\168\33\48\33\28\28\23\44\29\12\14\10\15\11\25\10\10\1\9\12\26\17\30\15\14\21\13\8\13\9\6\13\35\26\11\15\23\12\13\29\30\32\27\7\8\9\9\22\10\10\23\5\20\11\5\14\11\22\17\22\11\12\11\19\13\13\9\21\15\19\20\15\8\0\0\0\0\0\0\0\0\0\0\0\0\0\0\0\0\0\0\0\0\0\0\0\0\0\0\0\0\0\0\0\0\0\0\0\0\0\0\0\0\0\0\0\0\0\0\0\0\0\0\0\0\0\0\0\0\0\0\0\0\0\0\0\0\3\9\19\23\12\17\0\13\12\12\10\11\7\16\15\19\19\17\23\19\12\7\18\11\8\5\20\30\15\13\20\15\21\10\12\10\23\12\3\7\17\10\7\9\10\12\6\11\11\18\16\14\12\13\5\11\14\17\13\16\18\9\20\37\15\13\18\36\22\40\34\85\208\306\458\579\607\624\607\496\455\552\453\329\411\359\303\361\309\275\247\199\198\175\224\252\175\192\201\166\197\199\181\229\259\264\369\466\454\536\594\551\582\557\522\461\229\69\34\61\42\30\34\35\22\35\16\15\24\10\19\22\24\16\12\15\11\28\15\19\11\13\11\13\24\17\8\4\19\7\20\23\11\20\18\22\28\21\33\9\11\6\3\6\3\7\15\11\13\9\11\5\8\7\27\13\14\16\10\13\10\8\9\12\9\8\13\24\18\16\24\16\0\0\0\0\0\0\0\0\0\0\0\0\0\0\0\0\0\0\0\0\0\0\0\0\0\0\0\0\0\0\0\0\0\0\0\0\0\0\0\0\0\0\0\0\0\0\0\0\0\0\0\0\0\0\0\0\0\0\0\0\0\0\0\0\33\15\12\16\13\7\5\2\7\14\9\1\13\12\6\17\16\20\25\13\9\8\11\12\8\17\22\32\20\13\11\14\12\15\5\11\10\18\12\11\10\7\12\20\15\1\9\13\8\8\8\8\29\11\13\8\10\29\22\29\8\13\25\16\8\30\21\20\31\63\32\12\17\19\62\158\278\414\486\475\478\501\482\531\627\593\526\492\475\468\425\385\384\415\412\345\321\358\342\296\287\273\317\381\390\418\462\511\562\573\536\462\437\322\108\41\27\26\17\16\16\14\7\24\31\15\16\12\11\10\21\28\12\28\21\6\18\8\28\17\5\8\16\4\20\25\22\19\12\24\11\9\25\15\19\20\8\13\11\29\45\24\12\13\25\23\5\9\19\13\11\11\18\9\7\11\17\9\14\16\19\14\23\23\16\12\17\11\11\11\6\17\0\0\0\0\0\0\0\0\0\0\0\0\0\0\0\0\0\0\0\0\0\0\0\0\0\0\0\0\0\0\0\0\0\0\0\0\0\0\0\0\0\0\0\0\0\0\0\0\0\0\0\0\0\0\0\0\0\0\0\0\0\0\0\0\13\11\9\6\11\9\25\25\17\21\20\11\13\13\24\23\15\10\8\13\10\13\22\7\14\25\17\15\15\14\5\9\7\9\11\7\4\9\19\14\17\6\2\10\18\11\8\15\16\18\11\19\7\16\20\17\7\17\20\16\21\15\22\26\9\12\15\13\17\19\21\29\12\15\14\50\33\52\72\104\152\189\230\260\323\437\500\471\471\495\437\432\496\464\418\460\483\417\392\424\389\367\392\398\383\365\356\346\342\282\170\126\83\38\52\28\12\9\22\28\18\19\19\3\17\13\11\34\37\21\19\11\10\14\12\13\14\12\7\10\11\7\22\5\7\14\13\6\8\23\13\22\11\20\16\22\11\18\22\16\11\10\14\8\6\10\9\8\2\9\8\11\16\20\22\11\5\12\21\22\13\22\13\9\9\5\21\16\11\10\6\16\0\0\0\0\0\0\0\0\0\0\0\0\0\0\0\0\0\0\0\0\0\0\0\0\0\0\0\0\0\0\0\0\0\0\0\0\0\0\0\0\0\0\0\0\0\0\0\0\0\0\0\0\0\0\0\0\0\0\0\0\0\0\0\0\6\11\10\9\13\11\14\9\21\10\26\9\10\18\9\9\7\9\12\20\24\28\14\11\11\14\22\23\19\23\16\19\9\5\6\11\14\16\18\25\14\10\9\14\12\20\13\9\16\14\20\5\5\16\29\19\7\8\5\3\15\14\11\13\16\11\10\4\6\12\8\20\31\16\25\19\17\17\13\23\19\35\22\18\33\67\149\167\168\229\214\167\195\215\228\290\321\277\267\278\225\197\190\142\133\146\111\78\57\38\24\22\37\17\12\20\10\13\17\24\20\35\29\20\16\14\7\8\5\11\11\8\11\16\19\14\3\6\20\13\21\14\14\15\24\10\6\8\22\19\4\6\12\15\7\13\11\9\29\27\10\5\4\16\25\19\11\8\8\13\2\10\10\14\18\24\11\20\9\13\6\9\19\16\14\20\10\9\14\15\17\4\0\0\0\0\0\0\0\0\0\0\0\0\0\0\0\0\0\0\0\0\0\0\0\0\0\0\0\0\0\0\0\0</attr>
</dataset>
